PraPR Fix Report - Fri Apr 05 12:28:10 CDT 2019
Number of Plausible Fixes: 2
Total Number of Patches: 176
===================================================
1.
	Class Name: org.apache.commons.lang3.math.Fraction
	Method Name: greatestCommonDivisor
	Method Descriptor: (II)I
	File Name: org/apache/commons/lang3/math/Fraction.java
	Line Number: 584
	Mutator Name: RemoveConditionalMutator_ORDER_IF
	Mutator Description: removed conditional - replaced comparison check with true
	Suspiciousness Value: 0.447214
	Rank: 1
---------------------------------------------------
2.
	Class Name: org.apache.commons.lang3.math.Fraction
	Method Name: greatestCommonDivisor
	Method Descriptor: (II)I
	File Name: org/apache/commons/lang3/math/Fraction.java
	Line Number: 584
	Mutator Name: LocalNameMutator
	Mutator Description: local u is replaced by local v to be used
	Suspiciousness Value: 0.447214
	Rank: 2
---------------------------------------------------
