PraPR Fix Report - Fri Apr 05 12:28:19 CDT 2019
Number of Plausible Fixes: 5
Total Number of Patches: 198
===================================================
1.
	Class Name: org.apache.commons.lang.NumberUtils
	Method Name: createNumber
	Method Descriptor: (Ljava/lang/String;)Ljava/lang/Number;
	File Name: org/apache/commons/lang/NumberUtils.java
	Line Number: 190
	Mutator Name: RemoveSwitchMutator
	Mutator Description: RemoveSwitch 5 mutation
	Suspiciousness Value: 0.577350
	Rank: 1
---------------------------------------------------
2.
	Class Name: org.apache.commons.lang.NumberUtils
	Method Name: createNumber
	Method Descriptor: (Ljava/lang/String;)Ljava/lang/Number;
	File Name: org/apache/commons/lang/NumberUtils.java
	Line Number: 193
	Mutator Name: LocalNameMutator
	Mutator Description: local numeric is replaced by local val to be used
	Suspiciousness Value: 0.577350
	Rank: 3
---------------------------------------------------
3.
	Class Name: org.apache.commons.lang.NumberUtils
	Method Name: createNumber
	Method Descriptor: (Ljava/lang/String;)Ljava/lang/Number;
	File Name: org/apache/commons/lang/NumberUtils.java
	Line Number: 193
	Mutator Name: LocalNameMutator
	Mutator Description: local numeric is replaced by local mant to be used
	Suspiciousness Value: 0.577350
	Rank: 3
---------------------------------------------------
4.
	Class Name: org.apache.commons.lang.NumberUtils
	Method Name: createNumber
	Method Descriptor: (Ljava/lang/String;)Ljava/lang/Number;
	File Name: org/apache/commons/lang/NumberUtils.java
	Line Number: 193
	Mutator Name: NonVoidMethodCallRemovalMutator
	Mutator Description: the call to java.lang.String::charAt(I)C is replaced with the used of local lastChar
	Suspiciousness Value: 0.577350
	Rank: 5
---------------------------------------------------
5.
	Class Name: org.apache.commons.lang.NumberUtils
	Method Name: createNumber
	Method Descriptor: (Ljava/lang/String;)Ljava/lang/Number;
	File Name: org/apache/commons/lang/NumberUtils.java
	Line Number: 193
	Mutator Name: NonVoidMethodCallRemovalMutator
	Mutator Description: the call to java.lang.String::charAt(I)C is replaced with the used of default value '\0'
	Suspiciousness Value: 0.577350
	Rank: 5
---------------------------------------------------
