PraPR Fix Report - Fri Apr 05 12:28:21 CDT 2019
Number of Plausible Fixes: 2
Total Number of Patches: 144
===================================================
1.
	Class Name: org.apache.commons.lang.BooleanUtils
	Method Name: toBoolean
	Method Descriptor: (Ljava/lang/String;)Z
	File Name: org/apache/commons/lang/BooleanUtils.java
	Line Number: 677
	Mutator Name: RemoveConditionalMutator_EQUAL_IF
	Mutator Description: removed conditional - replaced equality check with true
	Suspiciousness Value: 1.000000
	Rank: 2
---------------------------------------------------
2.
	Class Name: org.apache.commons.lang.BooleanUtils
	Method Name: toBoolean
	Method Descriptor: (Ljava/lang/String;)Z
	File Name: org/apache/commons/lang/BooleanUtils.java
	Line Number: 672
	Mutator Name: RemoveConditionalMutator_EQUAL_IF
	Mutator Description: removed conditional - replaced equality check with true
	Suspiciousness Value: 1.000000
	Rank: 2
---------------------------------------------------
