PraPR Fix Report - Thu Apr 04 22:24:02 CDT 2019
Number of Plausible Fixes: 30
Total Number of Patches: 1039
===================================================
1.
	Class Name: org.apache.commons.lang.time.DurationFormatUtils
	Method Name: reduceAndCorrect
	Method Descriptor: (Ljava/util/Calendar;Ljava/util/Calendar;II)I
	Line Number: 439
	Mutator Name: PrimitiveReturnsMutator
	Mutator Description: replaced int return with 0 for org/apache/commons/lang/time/DurationFormatUtils::reduceAndCorrect
	Suspiciousness Value: 1.000000
	Rank: 1
---------------------------------------------------
2.
	Class Name: org.apache.commons.lang.time.DurationFormatUtils
	Method Name: reduceAndCorrect
	Method Descriptor: (Ljava/util/Calendar;Ljava/util/Calendar;II)I
	Line Number: 438
	Mutator Name: VoidMethodCallMutator
	Mutator Description: removed call to java/util/Calendar::add
	Suspiciousness Value: 1.000000
	Rank: 2
---------------------------------------------------
3.
	Class Name: org.apache.commons.lang.time.DurationFormatUtils
	Method Name: reduceAndCorrect
	Method Descriptor: (Ljava/util/Calendar;Ljava/util/Calendar;II)I
	Line Number: 438
	Mutator Name: MethodNameMutator
	Mutator Description: replaced call to add with a call to roll
	Suspiciousness Value: 1.000000
	Rank: 4
---------------------------------------------------
4.
	Class Name: org.apache.commons.lang.time.DurationFormatUtils
	Method Name: reduceAndCorrect
	Method Descriptor: (Ljava/util/Calendar;Ljava/util/Calendar;II)I
	Line Number: 438
	Mutator Name: MethodNameMutator
	Mutator Description: replaced call to add with a call to set
	Suspiciousness Value: 1.000000
	Rank: 4
---------------------------------------------------
5.
	Class Name: org.apache.commons.lang.time.DurationFormatUtils
	Method Name: reduceAndCorrect
	Method Descriptor: (Ljava/util/Calendar;Ljava/util/Calendar;II)I
	Line Number: 439
	Mutator Name: ReturnValsMutator
	Mutator Description: replaced return of integer sized value with (x == 0 ? 1 : 0)
	Suspiciousness Value: 1.000000
	Rank: 5
---------------------------------------------------
6.
	Class Name: org.apache.commons.lang.time.DurationFormatUtils
	Method Name: reduceAndCorrect
	Method Descriptor: (Ljava/util/Calendar;Ljava/util/Calendar;II)I
	Line Number: 438
	Mutator Name: LocalNameMutator
	Mutator Description: local field is replaced by local newdiff to be used
	Suspiciousness Value: 1.000000
	Rank: 11
---------------------------------------------------
7.
	Class Name: org.apache.commons.lang.time.DurationFormatUtils
	Method Name: reduceAndCorrect
	Method Descriptor: (Ljava/util/Calendar;Ljava/util/Calendar;II)I
	Line Number: 437
	Mutator Name: LocalNameMutator
	Mutator Description: local startValue is replaced by local endValue to be used
	Suspiciousness Value: 1.000000
	Rank: 11
---------------------------------------------------
8.
	Class Name: org.apache.commons.lang.time.DurationFormatUtils
	Method Name: reduceAndCorrect
	Method Descriptor: (Ljava/util/Calendar;Ljava/util/Calendar;II)I
	Line Number: 437
	Mutator Name: LocalNameMutator
	Mutator Description: local endValue is replaced by local startValue to be used
	Suspiciousness Value: 1.000000
	Rank: 11
---------------------------------------------------
9.
	Class Name: org.apache.commons.lang.time.DurationFormatUtils
	Method Name: reduceAndCorrect
	Method Descriptor: (Ljava/util/Calendar;Ljava/util/Calendar;II)I
	Line Number: 439
	Mutator Name: LocalNameMutator
	Mutator Description: local newdiff is replaced by local endValue to be used
	Suspiciousness Value: 1.000000
	Rank: 11
---------------------------------------------------
10.
	Class Name: org.apache.commons.lang.time.DurationFormatUtils
	Method Name: reduceAndCorrect
	Method Descriptor: (Ljava/util/Calendar;Ljava/util/Calendar;II)I
	Line Number: 437
	Mutator Name: LocalNameMutator
	Mutator Description: local startValue is replaced by local difference to be used
	Suspiciousness Value: 1.000000
	Rank: 11
---------------------------------------------------
11.
	Class Name: org.apache.commons.lang.time.DurationFormatUtils
	Method Name: reduceAndCorrect
	Method Descriptor: (Ljava/util/Calendar;Ljava/util/Calendar;II)I
	Line Number: 437
	Mutator Name: LocalNameMutator
	Mutator Description: local startValue is replaced by local field to be used
	Suspiciousness Value: 1.000000
	Rank: 11
---------------------------------------------------
12.
	Class Name: org.apache.commons.lang.time.DurationFormatUtils
	Method Name: reduceAndCorrect
	Method Descriptor: (Ljava/util/Calendar;Ljava/util/Calendar;II)I
	Line Number: 435
	Mutator Name: MethodNameMutator
	Mutator Description: replaced call to get with a call to getMinimum
	Suspiciousness Value: 0.577350
	Rank: 17
---------------------------------------------------
13.
	Class Name: org.apache.commons.lang.time.DurationFormatUtils
	Method Name: reduceAndCorrect
	Method Descriptor: (Ljava/util/Calendar;Ljava/util/Calendar;II)I
	Line Number: 434
	Mutator Name: MethodNameMutator
	Mutator Description: replaced call to get with a call to getLeastMaximum
	Suspiciousness Value: 0.577350
	Rank: 17
---------------------------------------------------
14.
	Class Name: org.apache.commons.lang.time.DurationFormatUtils
	Method Name: reduceAndCorrect
	Method Descriptor: (Ljava/util/Calendar;Ljava/util/Calendar;II)I
	Line Number: 435
	Mutator Name: MethodNameMutator
	Mutator Description: replaced call to get with a call to getActualMinimum
	Suspiciousness Value: 0.577350
	Rank: 17
---------------------------------------------------
15.
	Class Name: org.apache.commons.lang.time.DurationFormatUtils
	Method Name: reduceAndCorrect
	Method Descriptor: (Ljava/util/Calendar;Ljava/util/Calendar;II)I
	Line Number: 434
	Mutator Name: MethodNameMutator
	Mutator Description: replaced call to get with a call to getMaximum
	Suspiciousness Value: 0.577350
	Rank: 17
---------------------------------------------------
16.
	Class Name: org.apache.commons.lang.time.DurationFormatUtils
	Method Name: reduceAndCorrect
	Method Descriptor: (Ljava/util/Calendar;Ljava/util/Calendar;II)I
	Line Number: 434
	Mutator Name: MethodNameMutator
	Mutator Description: replaced call to get with a call to getActualMaximum
	Suspiciousness Value: 0.577350
	Rank: 17
---------------------------------------------------
17.
	Class Name: org.apache.commons.lang.time.DurationFormatUtils
	Method Name: reduceAndCorrect
	Method Descriptor: (Ljava/util/Calendar;Ljava/util/Calendar;II)I
	Line Number: 435
	Mutator Name: MethodNameMutator
	Mutator Description: replaced call to get with a call to getGreatestMinimum
	Suspiciousness Value: 0.577350
	Rank: 17
---------------------------------------------------
18.
	Class Name: org.apache.commons.lang.time.DurationFormatUtils
	Method Name: reduceAndCorrect
	Method Descriptor: (Ljava/util/Calendar;Ljava/util/Calendar;II)I
	Line Number: 436
	Mutator Name: RemoveConditionalMutator_ORDER_ELSE
	Mutator Description: removed conditional - replaced comparison check with false
	Suspiciousness Value: 0.577350
	Rank: 18
---------------------------------------------------
19.
	Class Name: org.apache.commons.lang.time.DurationFormatUtils
	Method Name: reduceAndCorrect
	Method Descriptor: (Ljava/util/Calendar;Ljava/util/Calendar;II)I
	Line Number: 436
	Mutator Name: LocalNameMutator
	Mutator Description: local startValue is replaced by local endValue to be used
	Suspiciousness Value: 0.577350
	Rank: 27
---------------------------------------------------
20.
	Class Name: org.apache.commons.lang.time.DurationFormatUtils
	Method Name: reduceAndCorrect
	Method Descriptor: (Ljava/util/Calendar;Ljava/util/Calendar;II)I
	Line Number: 436
	Mutator Name: LocalNameMutator
	Mutator Description: local startValue is replaced by local difference to be used
	Suspiciousness Value: 0.577350
	Rank: 27
---------------------------------------------------
21.
	Class Name: org.apache.commons.lang.time.DurationFormatUtils
	Method Name: reduceAndCorrect
	Method Descriptor: (Ljava/util/Calendar;Ljava/util/Calendar;II)I
	Line Number: 434
	Mutator Name: LocalNameMutator
	Mutator Description: local end is replaced by local start to be used
	Suspiciousness Value: 0.577350
	Rank: 27
---------------------------------------------------
22.
	Class Name: org.apache.commons.lang.time.DurationFormatUtils
	Method Name: reduceAndCorrect
	Method Descriptor: (Ljava/util/Calendar;Ljava/util/Calendar;II)I
	Line Number: 436
	Mutator Name: LocalNameMutator
	Mutator Description: local endValue is replaced by local startValue to be used
	Suspiciousness Value: 0.577350
	Rank: 27
---------------------------------------------------
23.
	Class Name: org.apache.commons.lang.time.DurationFormatUtils
	Method Name: formatPeriod
	Method Descriptor: (JJLjava/lang/String;ZLjava/util/TimeZone;)Ljava/lang/String;
	Line Number: 323
	Mutator Name: LocalNameMutator
	Mutator Description: local end is replaced by local start to be used
	Suspiciousness Value: 0.577350
	Rank: 27
---------------------------------------------------
24.
	Class Name: org.apache.commons.lang.time.DurationFormatUtils
	Method Name: formatPeriod
	Method Descriptor: (JJLjava/lang/String;ZLjava/util/TimeZone;)Ljava/lang/String;
	Line Number: 323
	Mutator Name: LocalNameMutator
	Mutator Description: local start is replaced by local end to be used
	Suspiciousness Value: 0.577350
	Rank: 27
---------------------------------------------------
25.
	Class Name: org.apache.commons.lang.time.DurationFormatUtils
	Method Name: formatPeriod
	Method Descriptor: (JJLjava/lang/String;ZLjava/util/TimeZone;)Ljava/lang/String;
	Line Number: 322
	Mutator Name: LocalNameMutator
	Mutator Description: local start is replaced by local end to be used
	Suspiciousness Value: 0.577350
	Rank: 27
---------------------------------------------------
26.
	Class Name: org.apache.commons.lang.time.DurationFormatUtils
	Method Name: reduceAndCorrect
	Method Descriptor: (Ljava/util/Calendar;Ljava/util/Calendar;II)I
	Line Number: 435
	Mutator Name: LocalNameMutator
	Mutator Description: local start is replaced by local end to be used
	Suspiciousness Value: 0.577350
	Rank: 27
---------------------------------------------------
27.
	Class Name: org.apache.commons.lang.time.DurationFormatUtils
	Method Name: reduceAndCorrect
	Method Descriptor: (Ljava/util/Calendar;Ljava/util/Calendar;II)I
	Line Number: 436
	Mutator Name: LocalNameMutator
	Mutator Description: local startValue is replaced by local field to be used
	Suspiciousness Value: 0.577350
	Rank: 27
---------------------------------------------------
28.
	Class Name: org.apache.commons.lang.time.DurationFormatUtils
	Method Name: reduceAndCorrect
	Method Descriptor: (Ljava/util/Calendar;Ljava/util/Calendar;II)I
	Line Number: 436
	Mutator Name: NegateConditionalsMutator
	Mutator Description: negated conditional
	Suspiciousness Value: 0.577350
	Rank: 28
---------------------------------------------------
29.
	Class Name: org.apache.commons.lang.time.DurationFormatUtils
	Method Name: formatPeriod
	Method Descriptor: (JJLjava/lang/String;ZLjava/util/TimeZone;)Ljava/lang/String;
	Line Number: 323
	Mutator Name: NonVoidMethodCallRemovalMutator
	Mutator Description: the call to org.apache.commons.lang.time.DurationFormatUtils::reduceAndCorrect(Ljava/util/Calendar;Ljava/util/Calendar;II)I is replaced with the used of default value 0
	Suspiciousness Value: 0.577350
	Rank: 30
---------------------------------------------------
30.
	Class Name: org.apache.commons.lang.time.DurationFormatUtils
	Method Name: reduceAndCorrect
	Method Descriptor: (Ljava/util/Calendar;Ljava/util/Calendar;II)I
	Line Number: 435
	Mutator Name: NonVoidMethodCallRemovalMutator
	Mutator Description: the call to java.util.Calendar::get(I)I is replaced with the used of default value 0
	Suspiciousness Value: 0.577350
	Rank: 30
---------------------------------------------------
