PraPR Fix Report - Fri Apr 05 02:41:05 CDT 2019
Number of Plausible Fixes: 2
Total Number of Patches: 9446
===================================================
1.
	Class Name: org.apache.commons.jxpath.util.ValueUtils
	Method Name: getLength
	Method Descriptor: (Ljava/lang/Object;)I
	File Name: org/apache/commons/jxpath/util/ValueUtils.java
	Line Number: 142
	Mutator Name: ReturnValsMutator
	Mutator Description: replaced return of integer sized value with (x == 0 ? 1 : 0)
	Suspiciousness Value: 0.632456
	Rank: 1
---------------------------------------------------
2.
	Class Name: org.apache.commons.jxpath.util.ValueUtils
	Method Name: getLength
	Method Descriptor: (Ljava/lang/Object;)I
	File Name: org/apache/commons/jxpath/util/ValueUtils.java
	Line Number: 142
	Mutator Name: InlineConstantMutator
	Mutator Description: Substituted 0 with 1
	Suspiciousness Value: 0.632456
	Rank: 2
---------------------------------------------------
