PraPR Fix Report - Fri Apr 05 02:41:08 CDT 2019
Number of Plausible Fixes: 4
Total Number of Patches: 5778
===================================================
1.
	Class Name: org.apache.commons.jxpath.ri.compiler.CoreOperationRelationalExpression
	Method Name: compute
	Method Descriptor: (Ljava/lang/Object;Ljava/lang/Object;)Z
	File Name: org/apache/commons/jxpath/ri/compiler/CoreOperationRelationalExpression.java
	Line Number: 88
	Mutator Name: BooleanTrueReturnValsMutator
	Mutator Description: replaced boolean return with true for org/apache/commons/jxpath/ri/compiler/CoreOperationRelationalExpression::compute
	Suspiciousness Value: 1.000000
	Rank: 1
---------------------------------------------------
2.
	Class Name: org.apache.commons.jxpath.ri.compiler.CoreOperationRelationalExpression
	Method Name: compute
	Method Descriptor: (Ljava/lang/Object;Ljava/lang/Object;)Z
	File Name: org/apache/commons/jxpath/ri/compiler/CoreOperationRelationalExpression.java
	Line Number: 88
	Mutator Name: ReturnValsMutator
	Mutator Description: replaced return of integer sized value with (x == 0 ? 1 : 0)
	Suspiciousness Value: 1.000000
	Rank: 2
---------------------------------------------------
3.
	Class Name: org.apache.commons.jxpath.ri.compiler.CoreOperationRelationalExpression
	Method Name: compute
	Method Descriptor: (Ljava/lang/Object;Ljava/lang/Object;)Z
	File Name: org/apache/commons/jxpath/ri/compiler/CoreOperationRelationalExpression.java
	Line Number: 87
	Mutator Name: LocalNameMutator
	Mutator Description: local right is replaced by local left to be used
	Suspiciousness Value: 0.301511
	Rank: 3
---------------------------------------------------
4.
	Class Name: org.apache.commons.jxpath.ri.compiler.CoreOperationRelationalExpression
	Method Name: compute
	Method Descriptor: (Ljava/lang/Object;Ljava/lang/Object;)Z
	File Name: org/apache/commons/jxpath/ri/compiler/CoreOperationRelationalExpression.java
	Line Number: 87
	Mutator Name: RemoveConditionalMutator_EQUAL_ELSE
	Mutator Description: removed conditional - replaced equality check with false
	Suspiciousness Value: 0.301511
	Rank: 4
---------------------------------------------------
