PraPR Fix Report - Fri Apr 05 02:40:43 CDT 2019
Number of Plausible Fixes: 15
Total Number of Patches: 755
===================================================
1.
	Class Name: org.apache.commons.csv.CSVFormat
	Method Name: format
	Method Descriptor: ([Ljava/lang/Object;)Ljava/lang/String;
	File Name: org/apache/commons/csv/CSVFormat.java
	Line Number: 382
	Mutator Name: LocalToFieldAccessMutator
	Mutator Description: access to local this is replaced by access to field DEFAULT
	Suspiciousness Value: 0.707107
	Rank: 3
---------------------------------------------------
2.
	Class Name: org.apache.commons.csv.CSVFormat
	Method Name: format
	Method Descriptor: ([Ljava/lang/Object;)Ljava/lang/String;
	File Name: org/apache/commons/csv/CSVFormat.java
	Line Number: 382
	Mutator Name: LocalToFieldAccessMutator
	Mutator Description: access to local this is replaced by access to field RFC4180
	Suspiciousness Value: 0.707107
	Rank: 3
---------------------------------------------------
3.
	Class Name: org.apache.commons.csv.CSVFormat
	Method Name: format
	Method Descriptor: ([Ljava/lang/Object;)Ljava/lang/String;
	File Name: org/apache/commons/csv/CSVFormat.java
	Line Number: 382
	Mutator Name: LocalToFieldAccessMutator
	Mutator Description: access to local this is replaced by access to field EXCEL
	Suspiciousness Value: 0.707107
	Rank: 3
---------------------------------------------------
4.
	Class Name: org.apache.commons.csv.CSVFormat
	Method Name: withSkipHeaderRecord
	Method Descriptor: (Z)Lorg/apache/commons/csv/CSVFormat;
	File Name: org/apache/commons/csv/CSVFormat.java
	Line Number: 881
	Mutator Name: LocalToFieldAccessMutator
	Mutator Description: access to local this is replaced by access to field DEFAULT
	Suspiciousness Value: 0.577350
	Rank: 8
---------------------------------------------------
5.
	Class Name: org.apache.commons.csv.CSVFormat
	Method Name: withSkipHeaderRecord
	Method Descriptor: (Z)Lorg/apache/commons/csv/CSVFormat;
	File Name: org/apache/commons/csv/CSVFormat.java
	Line Number: 881
	Mutator Name: LocalToFieldAccessMutator
	Mutator Description: access to local this is replaced by access to field EXCEL
	Suspiciousness Value: 0.577350
	Rank: 8
---------------------------------------------------
6.
	Class Name: org.apache.commons.csv.CSVFormat
	Method Name: withSkipHeaderRecord
	Method Descriptor: (Z)Lorg/apache/commons/csv/CSVFormat;
	File Name: org/apache/commons/csv/CSVFormat.java
	Line Number: 881
	Mutator Name: LocalToFieldAccessMutator
	Mutator Description: access to local this is replaced by access to field RFC4180
	Suspiciousness Value: 0.577350
	Rank: 8
---------------------------------------------------
7.
	Class Name: org.apache.commons.csv.CSVFormat
	Method Name: withSkipHeaderRecord
	Method Descriptor: (Z)Lorg/apache/commons/csv/CSVFormat;
	File Name: org/apache/commons/csv/CSVFormat.java
	Line Number: 881
	Mutator Name: LocalToFieldAccessMutator
	Mutator Description: access to local this is replaced by access to field TDF
	Suspiciousness Value: 0.577350
	Rank: 8
---------------------------------------------------
8.
	Class Name: org.apache.commons.csv.CSVFormat
	Method Name: withSkipHeaderRecord
	Method Descriptor: (Z)Lorg/apache/commons/csv/CSVFormat;
	File Name: org/apache/commons/csv/CSVFormat.java
	Line Number: 881
	Mutator Name: LocalToFieldAccessMutator
	Mutator Description: access to local this is replaced by access to field MYSQL
	Suspiciousness Value: 0.577350
	Rank: 8
---------------------------------------------------
9.
	Class Name: org.apache.commons.csv.CSVFormat
	Method Name: withSkipHeaderRecord
	Method Descriptor: (Z)Lorg/apache/commons/csv/CSVFormat;
	File Name: org/apache/commons/csv/CSVFormat.java
	Line Number: 881
	Mutator Name: FieldAccessToMethodCallMutator
	Mutator Description: the access to field org.apache.commons.csv.CSVFormat.recordSeparator is replaced by the call to org.apache.commons.csv.CSVFormat::toString()Ljava/lang/String;
	Suspiciousness Value: 0.577350
	Rank: 9
---------------------------------------------------
10.
	Class Name: org.apache.commons.csv.CSVFormat
	Method Name: withHeader
	Method Descriptor: ([Ljava/lang/String;)Lorg/apache/commons/csv/CSVFormat;
	File Name: org/apache/commons/csv/CSVFormat.java
	Line Number: 753
	Mutator Name: LocalToFieldAccessMutator
	Mutator Description: access to local this is replaced by access to field RFC4180
	Suspiciousness Value: 0.250000
	Rank: 14
---------------------------------------------------
11.
	Class Name: org.apache.commons.csv.CSVFormat
	Method Name: withHeader
	Method Descriptor: ([Ljava/lang/String;)Lorg/apache/commons/csv/CSVFormat;
	File Name: org/apache/commons/csv/CSVFormat.java
	Line Number: 753
	Mutator Name: LocalToFieldAccessMutator
	Mutator Description: access to local this is replaced by access to field EXCEL
	Suspiciousness Value: 0.250000
	Rank: 14
---------------------------------------------------
12.
	Class Name: org.apache.commons.csv.CSVFormat
	Method Name: withHeader
	Method Descriptor: ([Ljava/lang/String;)Lorg/apache/commons/csv/CSVFormat;
	File Name: org/apache/commons/csv/CSVFormat.java
	Line Number: 753
	Mutator Name: LocalToFieldAccessMutator
	Mutator Description: access to local this is replaced by access to field TDF
	Suspiciousness Value: 0.250000
	Rank: 14
---------------------------------------------------
13.
	Class Name: org.apache.commons.csv.CSVFormat
	Method Name: withHeader
	Method Descriptor: ([Ljava/lang/String;)Lorg/apache/commons/csv/CSVFormat;
	File Name: org/apache/commons/csv/CSVFormat.java
	Line Number: 753
	Mutator Name: LocalToFieldAccessMutator
	Mutator Description: access to local this is replaced by access to field MYSQL
	Suspiciousness Value: 0.250000
	Rank: 14
---------------------------------------------------
14.
	Class Name: org.apache.commons.csv.CSVFormat
	Method Name: withHeader
	Method Descriptor: ([Ljava/lang/String;)Lorg/apache/commons/csv/CSVFormat;
	File Name: org/apache/commons/csv/CSVFormat.java
	Line Number: 753
	Mutator Name: LocalToFieldAccessMutator
	Mutator Description: access to local this is replaced by access to field DEFAULT
	Suspiciousness Value: 0.250000
	Rank: 14
---------------------------------------------------
15.
	Class Name: org.apache.commons.csv.CSVFormat
	Method Name: withHeader
	Method Descriptor: ([Ljava/lang/String;)Lorg/apache/commons/csv/CSVFormat;
	File Name: org/apache/commons/csv/CSVFormat.java
	Line Number: 753
	Mutator Name: FieldAccessToMethodCallMutator
	Mutator Description: the access to field org.apache.commons.csv.CSVFormat.recordSeparator is replaced by the call to org.apache.commons.csv.CSVFormat::toString()Ljava/lang/String;
	Suspiciousness Value: 0.250000
	Rank: 15
---------------------------------------------------
