PraPR Fix Report - Thu Apr 04 12:59:57 CDT 2019
Number of Plausible Fixes: 2
Total Number of Patches: 106
===================================================
1.
	Class Name: org.jfree.chart.util.ShapeUtilities
	Method Name: equal
	Method Descriptor: (Ljava/awt/geom/GeneralPath;Ljava/awt/geom/GeneralPath;)Z
	Line Number: 275
	Mutator Name: LocalNameMutator
	Mutator Description: local p1 is replaced by local p2 to be used
	Suspiciousness Value: 0.250000
	Rank: 2
---------------------------------------------------
2.
	Class Name: org.jfree.chart.util.ShapeUtilities
	Method Name: equal
	Method Descriptor: (Ljava/awt/geom/GeneralPath;Ljava/awt/geom/GeneralPath;)Z
	Line Number: 274
	Mutator Name: LocalNameMutator
	Mutator Description: local p1 is replaced by local p2 to be used
	Suspiciousness Value: 0.250000
	Rank: 2
---------------------------------------------------
