PraPR Fix Report - Thu Apr 04 13:00:12 CDT 2019
Number of Plausible Fixes: 227
Total Number of Patches: 19275
===================================================
1.
	Class Name: org.jfree.chart.renderer.category.StatisticalBarRenderer
	Method Name: drawItem
	Method Descriptor: (Ljava/awt/Graphics2D;Lorg/jfree/chart/renderer/category/CategoryItemRendererState;Ljava/awt/geom/Rectangle2D;Lorg/jfree/chart/plot/CategoryPlot;Lorg/jfree/chart/axis/CategoryAxis;Lorg/jfree/chart/axis/ValueAxis;Lorg/jfree/data/category/CategoryDataset;III)V
	Line Number: 206
	Mutator Name: NonVoidMethodCallRemovalMutator
	Mutator Description: the call to org.jfree.chart.plot.CategoryPlot::getOrientation()Lorg/jfree/chart/plot/PlotOrientation; is replaced with the used of default value null
	Suspiciousness Value: 0.894427
	Rank: 1
---------------------------------------------------
2.
	Class Name: org.jfree.data.statistics.DefaultStatisticalCategoryDataset
	Method Name: getRowCount
	Method Descriptor: ()I
	Line Number: 264
	Mutator Name: PrimitiveReturnsMutator
	Mutator Description: replaced int return with 0 for org/jfree/data/statistics/DefaultStatisticalCategoryDataset::getRowCount
	Suspiciousness Value: 0.816497
	Rank: 3
---------------------------------------------------
3.
	Class Name: org.jfree.data.statistics.DefaultStatisticalCategoryDataset
	Method Name: getColumnCount
	Method Descriptor: ()I
	Line Number: 273
	Mutator Name: PrimitiveReturnsMutator
	Mutator Description: replaced int return with 0 for org/jfree/data/statistics/DefaultStatisticalCategoryDataset::getColumnCount
	Suspiciousness Value: 0.816497
	Rank: 3
---------------------------------------------------
4.
	Class Name: org.jfree.data.statistics.DefaultStatisticalCategoryDataset
	Method Name: getValue
	Method Descriptor: (II)Ljava/lang/Number;
	Line Number: 126
	Mutator Name: NonVoidMethodCallRemovalMutator
	Mutator Description: the call to org.jfree.data.statistics.DefaultStatisticalCategoryDataset::getMeanValue(II)Ljava/lang/Number; is replaced with the used of default value null
	Suspiciousness Value: 0.816497
	Rank: 9
---------------------------------------------------
5.
	Class Name: org.jfree.data.statistics.DefaultStatisticalCategoryDataset
	Method Name: getMeanValue
	Method Descriptor: (II)Ljava/lang/Number;
	Line Number: 111
	Mutator Name: NonVoidMethodCallRemovalMutator
	Mutator Description: the call to org.jfree.data.statistics.MeanAndStandardDeviation::getMean()Ljava/lang/Number; is replaced with the used of default value null
	Suspiciousness Value: 0.816497
	Rank: 9
---------------------------------------------------
6.
	Class Name: org.jfree.data.statistics.DefaultStatisticalCategoryDataset
	Method Name: getMeanValue
	Method Descriptor: (II)Ljava/lang/Number;
	Line Number: 111
	Mutator Name: NonVoidMethodCallRemovalMutator
	Mutator Description: the call to org.jfree.data.statistics.MeanAndStandardDeviation::getMean()Ljava/lang/Number; is replaced with the used of local result
	Suspiciousness Value: 0.816497
	Rank: 9
---------------------------------------------------
7.
	Class Name: org.jfree.data.statistics.DefaultStatisticalCategoryDataset
	Method Name: getRowCount
	Method Descriptor: ()I
	Line Number: 264
	Mutator Name: NonVoidMethodCallRemovalMutator
	Mutator Description: the call to org.jfree.data.KeyedObjects2D::getRowCount()I is replaced with the used of default value 0
	Suspiciousness Value: 0.816497
	Rank: 9
---------------------------------------------------
8.
	Class Name: org.jfree.data.statistics.DefaultStatisticalCategoryDataset
	Method Name: getColumnCount
	Method Descriptor: ()I
	Line Number: 273
	Mutator Name: NonVoidMethodCallRemovalMutator
	Mutator Description: the call to org.jfree.data.KeyedObjects2D::getColumnCount()I is replaced with the used of default value 0
	Suspiciousness Value: 0.816497
	Rank: 9
---------------------------------------------------
9.
	Class Name: org.jfree.data.statistics.DefaultStatisticalCategoryDataset
	Method Name: getMeanValue
	Method Descriptor: (II)Ljava/lang/Number;
	Line Number: 108
	Mutator Name: NonVoidMethodCallRemovalMutator
	Mutator Description: the call to org.jfree.data.KeyedObjects2D::getObject(II)Ljava/lang/Object; is replaced with the used of default value null
	Suspiciousness Value: 0.816497
	Rank: 9
---------------------------------------------------
10.
	Class Name: org.jfree.data.statistics.DefaultStatisticalCategoryDataset
	Method Name: getMeanValue
	Method Descriptor: (II)Ljava/lang/Number;
	Line Number: 110
	Mutator Name: NegateConditionalsMutator
	Mutator Description: negated conditional
	Suspiciousness Value: 0.816497
	Rank: 10
---------------------------------------------------
11.
	Class Name: org.jfree.data.statistics.MeanAndStandardDeviation
	Method Name: getMean
	Method Descriptor: ()Ljava/lang/Number;
	Line Number: 95
	Mutator Name: NullReturnValsMutator
	Mutator Description: replaced return value with null for org/jfree/data/statistics/MeanAndStandardDeviation::getMean
	Suspiciousness Value: 0.816497
	Rank: 13
---------------------------------------------------
12.
	Class Name: org.jfree.data.statistics.DefaultStatisticalCategoryDataset
	Method Name: getValue
	Method Descriptor: (II)Ljava/lang/Number;
	Line Number: 126
	Mutator Name: NullReturnValsMutator
	Mutator Description: replaced return value with null for org/jfree/data/statistics/DefaultStatisticalCategoryDataset::getValue
	Suspiciousness Value: 0.816497
	Rank: 13
---------------------------------------------------
13.
	Class Name: org.jfree.data.statistics.DefaultStatisticalCategoryDataset
	Method Name: getMeanValue
	Method Descriptor: (II)Ljava/lang/Number;
	Line Number: 113
	Mutator Name: NullReturnValsMutator
	Mutator Description: replaced return value with null for org/jfree/data/statistics/DefaultStatisticalCategoryDataset::getMeanValue
	Suspiciousness Value: 0.816497
	Rank: 13
---------------------------------------------------
14.
	Class Name: org.jfree.data.statistics.DefaultStatisticalCategoryDataset
	Method Name: getRowCount
	Method Descriptor: ()I
	Line Number: 264
	Mutator Name: ReturnValsMutator
	Mutator Description: replaced return of integer sized value with (x == 0 ? 1 : 0)
	Suspiciousness Value: 0.816497
	Rank: 15
---------------------------------------------------
15.
	Class Name: org.jfree.data.statistics.DefaultStatisticalCategoryDataset
	Method Name: getColumnCount
	Method Descriptor: ()I
	Line Number: 273
	Mutator Name: ReturnValsMutator
	Mutator Description: replaced return of integer sized value with (x == 0 ? 1 : 0)
	Suspiciousness Value: 0.816497
	Rank: 15
---------------------------------------------------
16.
	Class Name: org.jfree.data.statistics.DefaultStatisticalCategoryDataset
	Method Name: getMeanValue
	Method Descriptor: (II)Ljava/lang/Number;
	Line Number: 110
	Mutator Name: RemoveConditionalMutator_EQUAL_ELSE
	Mutator Description: removed conditional - replaced equality check with false
	Suspiciousness Value: 0.816497
	Rank: 16
---------------------------------------------------
17.
	Class Name: org.jfree.data.statistics.DefaultStatisticalCategoryDataset
	Method Name: getValue
	Method Descriptor: (II)Ljava/lang/Number;
	Line Number: 126
	Mutator Name: ArgumentsListMutator
	Mutator Description: replaced call to getMeanValue(II)Ljava/lang/Number; with a call to getMeanValue(Ljava/lang/Comparable;Ljava/lang/Comparable;)Ljava/lang/Number;
	Suspiciousness Value: 0.816497
	Rank: 18
---------------------------------------------------
18.
	Class Name: org.jfree.data.statistics.DefaultStatisticalCategoryDataset
	Method Name: getMeanValue
	Method Descriptor: (II)Ljava/lang/Number;
	Line Number: 108
	Mutator Name: ArgumentsListMutator
	Mutator Description: replaced call to getObject(II)Ljava/lang/Object; with a call to getObject(Ljava/lang/Comparable;Ljava/lang/Comparable;)Ljava/lang/Object;
	Suspiciousness Value: 0.816497
	Rank: 18
---------------------------------------------------
19.
	Class Name: org.jfree.data.statistics.DefaultStatisticalCategoryDataset
	Method Name: getColumnCount
	Method Descriptor: ()I
	Line Number: 273
	Mutator Name: MethodNameMutator
	Mutator Description: replaced call to getColumnCount with a call to getRowCount
	Suspiciousness Value: 0.816497
	Rank: 19
---------------------------------------------------
20.
	Class Name: org.jfree.data.KeyedObjects2D
	Method Name: getColumnKey
	Method Descriptor: (I)Ljava/lang/Comparable;
	Line Number: 159
	Mutator Name: MethodNameMutator
	Mutator Description: replaced call to get with a call to remove
	Suspiciousness Value: 0.666667
	Rank: 20
---------------------------------------------------
21.
	Class Name: org.jfree.data.statistics.DefaultStatisticalCategoryDataset
	Method Name: add
	Method Descriptor: (Ljava/lang/Number;Ljava/lang/Number;Ljava/lang/Comparable;Ljava/lang/Comparable;)V
	Line Number: 301
	Mutator Name: VoidMethodCallMutator
	Mutator Description: removed call to org/jfree/data/KeyedObjects2D::addObject
	Suspiciousness Value: 0.632456
	Rank: 21
---------------------------------------------------
22.
	Class Name: org.jfree.data.statistics.DefaultStatisticalCategoryDataset
	Method Name: add
	Method Descriptor: (Ljava/lang/Number;Ljava/lang/Number;Ljava/lang/Comparable;Ljava/lang/Comparable;)V
	Line Number: 299
	Mutator Name: ArgumentsListMutator
	Mutator Description: replaced call to <init>(Ljava/lang/Number;Ljava/lang/Number;)V with a call to <init>(DD)V
	Suspiciousness Value: 0.632456
	Rank: 22
---------------------------------------------------
23.
	Class Name: org.jfree.data.statistics.DefaultStatisticalCategoryDataset
	Method Name: add
	Method Descriptor: (Ljava/lang/Number;Ljava/lang/Number;Ljava/lang/Comparable;Ljava/lang/Comparable;)V
	Line Number: 299
	Mutator Name: ConstructorCallMutator
	Mutator Description: removed call to org/jfree/data/statistics/MeanAndStandardDeviation::<init>
	Suspiciousness Value: 0.632456
	Rank: 23
---------------------------------------------------
24.
	Class Name: org.jfree.data.KeyedObjects2D
	Method Name: getObject
	Method Descriptor: (II)Ljava/lang/Object;
	Line Number: 111
	Mutator Name: NonVoidMethodCallRemovalMutator
	Mutator Description: the call to java.util.List::get(I)Ljava/lang/Object; is replaced with the used of local result
	Suspiciousness Value: 0.516398
	Rank: 29
---------------------------------------------------
25.
	Class Name: org.jfree.data.KeyedObjects2D
	Method Name: getObject
	Method Descriptor: (II)Ljava/lang/Object;
	Line Number: 109
	Mutator Name: NonVoidMethodCallRemovalMutator
	Mutator Description: the call to java.util.List::get(I)Ljava/lang/Object; is replaced with the used of default value null
	Suspiciousness Value: 0.516398
	Rank: 29
---------------------------------------------------
26.
	Class Name: org.jfree.data.KeyedObjects2D
	Method Name: getObject
	Method Descriptor: (II)Ljava/lang/Object;
	Line Number: 113
	Mutator Name: NonVoidMethodCallRemovalMutator
	Mutator Description: the call to org.jfree.data.KeyedObjects::getObject(Ljava/lang/Comparable;)Ljava/lang/Object; is replaced with the used of local result
	Suspiciousness Value: 0.516398
	Rank: 29
---------------------------------------------------
27.
	Class Name: org.jfree.data.KeyedObjects2D
	Method Name: getObject
	Method Descriptor: (II)Ljava/lang/Object;
	Line Number: 111
	Mutator Name: NonVoidMethodCallRemovalMutator
	Mutator Description: the call to java.util.List::get(I)Ljava/lang/Object; is replaced with the used of default value null
	Suspiciousness Value: 0.516398
	Rank: 29
---------------------------------------------------
28.
	Class Name: org.jfree.data.KeyedObjects2D
	Method Name: getObject
	Method Descriptor: (II)Ljava/lang/Object;
	Line Number: 113
	Mutator Name: NonVoidMethodCallRemovalMutator
	Mutator Description: the call to org.jfree.data.KeyedObjects::getObject(Ljava/lang/Comparable;)Ljava/lang/Object; is replaced with the used of default value null
	Suspiciousness Value: 0.516398
	Rank: 29
---------------------------------------------------
29.
	Class Name: org.jfree.data.KeyedObjects2D
	Method Name: getObject
	Method Descriptor: (II)Ljava/lang/Object;
	Line Number: 109
	Mutator Name: NonVoidMethodCallRemovalMutator
	Mutator Description: the call to java.util.List::get(I)Ljava/lang/Object; is replaced with the used of local result
	Suspiciousness Value: 0.516398
	Rank: 29
---------------------------------------------------
30.
	Class Name: org.jfree.data.KeyedObjects2D
	Method Name: getObject
	Method Descriptor: (II)Ljava/lang/Object;
	Line Number: 110
	Mutator Name: NegateConditionalsMutator
	Mutator Description: negated conditional
	Suspiciousness Value: 0.516398
	Rank: 31
---------------------------------------------------
31.
	Class Name: org.jfree.data.KeyedObjects2D
	Method Name: getObject
	Method Descriptor: (II)Ljava/lang/Object;
	Line Number: 112
	Mutator Name: NegateConditionalsMutator
	Mutator Description: negated conditional
	Suspiciousness Value: 0.516398
	Rank: 31
---------------------------------------------------
32.
	Class Name: org.jfree.data.KeyedObjects2D
	Method Name: getObject
	Method Descriptor: (II)Ljava/lang/Object;
	Line Number: 116
	Mutator Name: NullReturnValsMutator
	Mutator Description: replaced return value with null for org/jfree/data/KeyedObjects2D::getObject
	Suspiciousness Value: 0.516398
	Rank: 32
---------------------------------------------------
33.
	Class Name: org.jfree.data.KeyedObjects2D
	Method Name: getObject
	Method Descriptor: (II)Ljava/lang/Object;
	Line Number: 112
	Mutator Name: RemoveConditionalMutator_EQUAL_ELSE
	Mutator Description: removed conditional - replaced equality check with false
	Suspiciousness Value: 0.516398
	Rank: 34
---------------------------------------------------
34.
	Class Name: org.jfree.data.KeyedObjects2D
	Method Name: getObject
	Method Descriptor: (II)Ljava/lang/Object;
	Line Number: 110
	Mutator Name: RemoveConditionalMutator_EQUAL_ELSE
	Mutator Description: removed conditional - replaced equality check with false
	Suspiciousness Value: 0.516398
	Rank: 34
---------------------------------------------------
35.
	Class Name: org.jfree.data.KeyedObjects2D
	Method Name: getObject
	Method Descriptor: (II)Ljava/lang/Object;
	Line Number: 113
	Mutator Name: ArgumentsListMutator
	Mutator Description: replaced call to getObject(Ljava/lang/Comparable;)Ljava/lang/Object; with a call to getObject(I)Ljava/lang/Object;
	Suspiciousness Value: 0.516398
	Rank: 35
---------------------------------------------------
36.
	Class Name: org.jfree.data.KeyedObjects2D
	Method Name: getRowCount
	Method Descriptor: ()I
	Line Number: 86
	Mutator Name: PrimitiveReturnsMutator
	Mutator Description: replaced int return with 0 for org/jfree/data/KeyedObjects2D::getRowCount
	Suspiciousness Value: 0.500000
	Rank: 37
---------------------------------------------------
37.
	Class Name: org.jfree.data.KeyedObjects2D
	Method Name: getColumnCount
	Method Descriptor: ()I
	Line Number: 95
	Mutator Name: PrimitiveReturnsMutator
	Mutator Description: replaced int return with 0 for org/jfree/data/KeyedObjects2D::getColumnCount
	Suspiciousness Value: 0.500000
	Rank: 37
---------------------------------------------------
38.
	Class Name: org.jfree.data.KeyedObjects2D
	Method Name: getColumnCount
	Method Descriptor: ()I
	Line Number: 95
	Mutator Name: NonVoidMethodCallRemovalMutator
	Mutator Description: the call to java.util.List::size()I is replaced with the used of default value 0
	Suspiciousness Value: 0.500000
	Rank: 39
---------------------------------------------------
39.
	Class Name: org.jfree.data.KeyedObjects2D
	Method Name: getRowCount
	Method Descriptor: ()I
	Line Number: 86
	Mutator Name: NonVoidMethodCallRemovalMutator
	Mutator Description: the call to java.util.List::size()I is replaced with the used of default value 0
	Suspiciousness Value: 0.500000
	Rank: 39
---------------------------------------------------
40.
	Class Name: org.jfree.data.KeyedObjects2D
	Method Name: getColumnCount
	Method Descriptor: ()I
	Line Number: 95
	Mutator Name: ReturnValsMutator
	Mutator Description: replaced return of integer sized value with (x == 0 ? 1 : 0)
	Suspiciousness Value: 0.500000
	Rank: 41
---------------------------------------------------
41.
	Class Name: org.jfree.data.KeyedObjects2D
	Method Name: getRowCount
	Method Descriptor: ()I
	Line Number: 86
	Mutator Name: ReturnValsMutator
	Mutator Description: replaced return of integer sized value with (x == 0 ? 1 : 0)
	Suspiciousness Value: 0.500000
	Rank: 41
---------------------------------------------------
42.
	Class Name: org.jfree.chart.renderer.category.AbstractCategoryItemRenderer
	Method Name: getPassCount
	Method Descriptor: ()I
	Line Number: 248
	Mutator Name: PrimitiveReturnsMutator
	Mutator Description: replaced int return with 0 for org/jfree/chart/renderer/category/AbstractCategoryItemRenderer::getPassCount
	Suspiciousness Value: 0.471405
	Rank: 42
---------------------------------------------------
43.
	Class Name: org.jfree.chart.renderer.category.AbstractCategoryItemRenderer
	Method Name: getPassCount
	Method Descriptor: ()I
	Line Number: 248
	Mutator Name: ReturnValsMutator
	Mutator Description: replaced return of integer sized value with (x == 0 ? 1 : 0)
	Suspiciousness Value: 0.471405
	Rank: 43
---------------------------------------------------
44.
	Class Name: org.jfree.chart.renderer.category.AbstractCategoryItemRenderer
	Method Name: getPassCount
	Method Descriptor: ()I
	Line Number: 248
	Mutator Name: InlineConstantMutator
	Mutator Description: Substituted 1 with 0
	Suspiciousness Value: 0.471405
	Rank: 44
---------------------------------------------------
45.
	Class Name: org.jfree.data.KeyedObjects2D
	Method Name: setObject
	Method Descriptor: (Ljava/lang/Object;Ljava/lang/Comparable;Ljava/lang/Comparable;)V
	Line Number: 238
	Mutator Name: RemoveConditionalMutator_ORDER_ELSE
	Mutator Description: removed conditional - replaced comparison check with false
	Suspiciousness Value: 0.447214
	Rank: 45
---------------------------------------------------
46.
	Class Name: org.jfree.data.KeyedObjects2D
	Method Name: setObject
	Method Descriptor: (Ljava/lang/Object;Ljava/lang/Comparable;Ljava/lang/Comparable;)V
	Line Number: 237
	Mutator Name: NonVoidMethodCallRemovalMutator
	Mutator Description: the call to java.util.List::indexOf(Ljava/lang/Object;)I is replaced with the used of default value 0
	Suspiciousness Value: 0.447214
	Rank: 48
---------------------------------------------------
47.
	Class Name: org.jfree.data.KeyedObjects2D
	Method Name: setObject
	Method Descriptor: (Ljava/lang/Object;Ljava/lang/Comparable;Ljava/lang/Comparable;)V
	Line Number: 237
	Mutator Name: NonVoidMethodCallRemovalMutator
	Mutator Description: the call to java.util.List::indexOf(Ljava/lang/Object;)I is replaced with the used of local rowIndex
	Suspiciousness Value: 0.447214
	Rank: 48
---------------------------------------------------
48.
	Class Name: org.jfree.data.KeyedObjects2D
	Method Name: setObject
	Method Descriptor: (Ljava/lang/Object;Ljava/lang/Comparable;Ljava/lang/Comparable;)V
	Line Number: 239
	Mutator Name: NonVoidMethodCallRemovalMutator
	Mutator Description: the call to java.util.List::add(Ljava/lang/Object;)Z is replaced with the used of default value false
	Suspiciousness Value: 0.447214
	Rank: 48
---------------------------------------------------
49.
	Class Name: org.jfree.data.KeyedObjects2D
	Method Name: setObject
	Method Descriptor: (Ljava/lang/Object;Ljava/lang/Comparable;Ljava/lang/Comparable;)V
	Line Number: 236
	Mutator Name: LocalNameMutator
	Mutator Description: local columnKey is replaced by local rowKey to be used
	Suspiciousness Value: 0.447214
	Rank: 51
---------------------------------------------------
50.
	Class Name: org.jfree.data.KeyedObjects2D
	Method Name: setObject
	Method Descriptor: (Ljava/lang/Object;Ljava/lang/Comparable;Ljava/lang/Comparable;)V
	Line Number: 239
	Mutator Name: LocalNameMutator
	Mutator Description: local columnKey is replaced by local rowKey to be used
	Suspiciousness Value: 0.447214
	Rank: 51
---------------------------------------------------
51.
	Class Name: org.jfree.data.KeyedObjects2D
	Method Name: setObject
	Method Descriptor: (Ljava/lang/Object;Ljava/lang/Comparable;Ljava/lang/Comparable;)V
	Line Number: 238
	Mutator Name: LocalNameMutator
	Mutator Description: local columnIndex is replaced by local rowIndex to be used
	Suspiciousness Value: 0.447214
	Rank: 51
---------------------------------------------------
52.
	Class Name: org.jfree.data.KeyedObjects2D
	Method Name: setObject
	Method Descriptor: (Ljava/lang/Object;Ljava/lang/Comparable;Ljava/lang/Comparable;)V
	Line Number: 238
	Mutator Name: NegateConditionalsMutator
	Mutator Description: negated conditional
	Suspiciousness Value: 0.447214
	Rank: 52
---------------------------------------------------
53.
	Class Name: org.jfree.data.KeyedObjects2D
	Method Name: setObject
	Method Descriptor: (Ljava/lang/Object;Ljava/lang/Comparable;Ljava/lang/Comparable;)V
	Line Number: 236
	Mutator Name: VoidMethodCallMutator
	Mutator Description: removed call to org/jfree/data/KeyedObjects::setObject
	Suspiciousness Value: 0.447214
	Rank: 53
---------------------------------------------------
54.
	Class Name: org.jfree.data.KeyedObjects2D
	Method Name: setObject
	Method Descriptor: (Ljava/lang/Object;Ljava/lang/Comparable;Ljava/lang/Comparable;)V
	Line Number: 239
	Mutator Name: MethodNameMutator
	Mutator Description: replaced call to add with a call to equals
	Suspiciousness Value: 0.447214
	Rank: 56
---------------------------------------------------
55.
	Class Name: org.jfree.data.KeyedObjects2D
	Method Name: setObject
	Method Descriptor: (Ljava/lang/Object;Ljava/lang/Comparable;Ljava/lang/Comparable;)V
	Line Number: 239
	Mutator Name: MethodNameMutator
	Mutator Description: replaced call to add with a call to contains
	Suspiciousness Value: 0.447214
	Rank: 56
---------------------------------------------------
56.
	Class Name: org.jfree.data.KeyedObjects2D
	Method Name: setObject
	Method Descriptor: (Ljava/lang/Object;Ljava/lang/Comparable;Ljava/lang/Comparable;)V
	Line Number: 239
	Mutator Name: MethodNameMutator
	Mutator Description: replaced call to add with a call to remove
	Suspiciousness Value: 0.447214
	Rank: 56
---------------------------------------------------
57.
	Class Name: org.jfree.chart.plot.CategoryPlot
	Method Name: render
	Method Descriptor: (Ljava/awt/Graphics2D;Ljava/awt/geom/Rectangle2D;ILorg/jfree/chart/plot/PlotRenderingInfo;)Z
	Line Number: 2865
	Mutator Name: RemoveConditionalMutator_ORDER_ELSE
	Mutator Description: removed conditional - replaced comparison check with false
	Suspiciousness Value: 0.426401
	Rank: 58
---------------------------------------------------
58.
	Class Name: org.jfree.chart.plot.CategoryPlot
	Method Name: render
	Method Descriptor: (Ljava/awt/Graphics2D;Ljava/awt/geom/Rectangle2D;ILorg/jfree/chart/plot/PlotRenderingInfo;)Z
	Line Number: 2867
	Mutator Name: RemoveConditionalMutator_ORDER_ELSE
	Mutator Description: removed conditional - replaced comparison check with false
	Suspiciousness Value: 0.426401
	Rank: 58
---------------------------------------------------
59.
	Class Name: org.jfree.chart.plot.CategoryPlot
	Method Name: render
	Method Descriptor: (Ljava/awt/Graphics2D;Ljava/awt/geom/Rectangle2D;ILorg/jfree/chart/plot/PlotRenderingInfo;)Z
	Line Number: 2867
	Mutator Name: LocalNameMutator
	Mutator Description: local row is replaced by local rowCount to be used
	Suspiciousness Value: 0.426401
	Rank: 69
---------------------------------------------------
60.
	Class Name: org.jfree.chart.plot.CategoryPlot
	Method Name: render
	Method Descriptor: (Ljava/awt/Graphics2D;Ljava/awt/geom/Rectangle2D;ILorg/jfree/chart/plot/PlotRenderingInfo;)Z
	Line Number: 2865
	Mutator Name: LocalNameMutator
	Mutator Description: local columnCount is replaced by local index to be used
	Suspiciousness Value: 0.426401
	Rank: 69
---------------------------------------------------
61.
	Class Name: org.jfree.chart.plot.CategoryPlot
	Method Name: render
	Method Descriptor: (Ljava/awt/Graphics2D;Ljava/awt/geom/Rectangle2D;ILorg/jfree/chart/plot/PlotRenderingInfo;)Z
	Line Number: 2865
	Mutator Name: LocalNameMutator
	Mutator Description: local columnCount is replaced by local pass to be used
	Suspiciousness Value: 0.426401
	Rank: 69
---------------------------------------------------
62.
	Class Name: org.jfree.chart.plot.CategoryPlot
	Method Name: render
	Method Descriptor: (Ljava/awt/Graphics2D;Ljava/awt/geom/Rectangle2D;ILorg/jfree/chart/plot/PlotRenderingInfo;)Z
	Line Number: 2865
	Mutator Name: LocalNameMutator
	Mutator Description: local column is replaced by local columnCount to be used
	Suspiciousness Value: 0.426401
	Rank: 69
---------------------------------------------------
63.
	Class Name: org.jfree.chart.plot.CategoryPlot
	Method Name: render
	Method Descriptor: (Ljava/awt/Graphics2D;Ljava/awt/geom/Rectangle2D;ILorg/jfree/chart/plot/PlotRenderingInfo;)Z
	Line Number: 2868
	Mutator Name: LocalNameMutator
	Mutator Description: local column is replaced by local index to be used
	Suspiciousness Value: 0.426401
	Rank: 69
---------------------------------------------------
64.
	Class Name: org.jfree.chart.plot.CategoryPlot
	Method Name: render
	Method Descriptor: (Ljava/awt/Graphics2D;Ljava/awt/geom/Rectangle2D;ILorg/jfree/chart/plot/PlotRenderingInfo;)Z
	Line Number: 2868
	Mutator Name: LocalNameMutator
	Mutator Description: local column is replaced by local pass to be used
	Suspiciousness Value: 0.426401
	Rank: 69
---------------------------------------------------
65.
	Class Name: org.jfree.chart.plot.CategoryPlot
	Method Name: render
	Method Descriptor: (Ljava/awt/Graphics2D;Ljava/awt/geom/Rectangle2D;ILorg/jfree/chart/plot/PlotRenderingInfo;)Z
	Line Number: 2867
	Mutator Name: LocalNameMutator
	Mutator Description: local rowCount is replaced by local index to be used
	Suspiciousness Value: 0.426401
	Rank: 69
---------------------------------------------------
66.
	Class Name: org.jfree.chart.plot.CategoryPlot
	Method Name: render
	Method Descriptor: (Ljava/awt/Graphics2D;Ljava/awt/geom/Rectangle2D;ILorg/jfree/chart/plot/PlotRenderingInfo;)Z
	Line Number: 2867
	Mutator Name: LocalNameMutator
	Mutator Description: local rowCount is replaced by local pass to be used
	Suspiciousness Value: 0.426401
	Rank: 69
---------------------------------------------------
67.
	Class Name: org.jfree.chart.plot.CategoryPlot
	Method Name: render
	Method Descriptor: (Ljava/awt/Graphics2D;Ljava/awt/geom/Rectangle2D;ILorg/jfree/chart/plot/PlotRenderingInfo;)Z
	Line Number: 2867
	Mutator Name: LocalNameMutator
	Mutator Description: local rowCount is replaced by local row to be used
	Suspiciousness Value: 0.426401
	Rank: 69
---------------------------------------------------
68.
	Class Name: org.jfree.chart.plot.CategoryPlot
	Method Name: render
	Method Descriptor: (Ljava/awt/Graphics2D;Ljava/awt/geom/Rectangle2D;ILorg/jfree/chart/plot/PlotRenderingInfo;)Z
	Line Number: 2865
	Mutator Name: LocalNameMutator
	Mutator Description: local columnCount is replaced by local column to be used
	Suspiciousness Value: 0.426401
	Rank: 69
---------------------------------------------------
69.
	Class Name: org.jfree.chart.plot.CategoryPlot
	Method Name: render
	Method Descriptor: (Ljava/awt/Graphics2D;Ljava/awt/geom/Rectangle2D;ILorg/jfree/chart/plot/PlotRenderingInfo;)Z
	Line Number: 2865
	Mutator Name: LocalNameMutator
	Mutator Description: local columnCount is replaced by local passCount to be used
	Suspiciousness Value: 0.426401
	Rank: 69
---------------------------------------------------
70.
	Class Name: org.jfree.chart.plot.CategoryPlot
	Method Name: render
	Method Descriptor: (Ljava/awt/Graphics2D;Ljava/awt/geom/Rectangle2D;ILorg/jfree/chart/plot/PlotRenderingInfo;)Z
	Line Number: 2867
	Mutator Name: NegateConditionalsMutator
	Mutator Description: negated conditional
	Suspiciousness Value: 0.426401
	Rank: 71
---------------------------------------------------
71.
	Class Name: org.jfree.chart.plot.CategoryPlot
	Method Name: render
	Method Descriptor: (Ljava/awt/Graphics2D;Ljava/awt/geom/Rectangle2D;ILorg/jfree/chart/plot/PlotRenderingInfo;)Z
	Line Number: 2865
	Mutator Name: NegateConditionalsMutator
	Mutator Description: negated conditional
	Suspiciousness Value: 0.426401
	Rank: 71
---------------------------------------------------
72.
	Class Name: org.jfree.chart.plot.CategoryPlot
	Method Name: render
	Method Descriptor: (Ljava/awt/Graphics2D;Ljava/awt/geom/Rectangle2D;ILorg/jfree/chart/plot/PlotRenderingInfo;)Z
	Line Number: 2868
	Mutator Name: VoidMethodCallMutator
	Mutator Description: removed call to org/jfree/chart/renderer/category/CategoryItemRenderer::drawItem
	Suspiciousness Value: 0.426401
	Rank: 72
---------------------------------------------------
73.
	Class Name: org.jfree.chart.plot.CategoryPlot
	Method Name: render
	Method Descriptor: (Ljava/awt/Graphics2D;Ljava/awt/geom/Rectangle2D;ILorg/jfree/chart/plot/PlotRenderingInfo;)Z
	Line Number: 2865
	Mutator Name: LocalToFieldAccessMutator
	Mutator Description: access to local columnCount is replaced by access to field weight
	Suspiciousness Value: 0.426401
	Rank: 75
---------------------------------------------------
74.
	Class Name: org.jfree.chart.plot.CategoryPlot
	Method Name: render
	Method Descriptor: (Ljava/awt/Graphics2D;Ljava/awt/geom/Rectangle2D;ILorg/jfree/chart/plot/PlotRenderingInfo;)Z
	Line Number: 2867
	Mutator Name: LocalToFieldAccessMutator
	Mutator Description: access to local rowCount is replaced by access to field weight
	Suspiciousness Value: 0.426401
	Rank: 75
---------------------------------------------------
75.
	Class Name: org.jfree.chart.plot.CategoryPlot
	Method Name: render
	Method Descriptor: (Ljava/awt/Graphics2D;Ljava/awt/geom/Rectangle2D;ILorg/jfree/chart/plot/PlotRenderingInfo;)Z
	Line Number: 2868
	Mutator Name: LocalToFieldAccessMutator
	Mutator Description: access to local column is replaced by access to field weight
	Suspiciousness Value: 0.426401
	Rank: 75
---------------------------------------------------
76.
	Class Name: org.jfree.chart.plot.CategoryPlot
	Method Name: render
	Method Descriptor: (Ljava/awt/Graphics2D;Ljava/awt/geom/Rectangle2D;ILorg/jfree/chart/plot/PlotRenderingInfo;)Z
	Line Number: 2867
	Mutator Name: InlineConstantMutator
	Mutator Description: Substituted 0 with 1
	Suspiciousness Value: 0.426401
	Rank: 76
---------------------------------------------------
77.
	Class Name: org.jfree.chart.plot.CategoryPlot
	Method Name: render
	Method Descriptor: (Ljava/awt/Graphics2D;Ljava/awt/geom/Rectangle2D;ILorg/jfree/chart/plot/PlotRenderingInfo;)Z
	Line Number: 2863
	Mutator Name: RemoveConditionalMutator_ORDER_ELSE
	Mutator Description: removed conditional - replaced comparison check with false
	Suspiciousness Value: 0.408248
	Rank: 77
---------------------------------------------------
78.
	Class Name: org.jfree.chart.plot.CategoryPlot
	Method Name: render
	Method Descriptor: (Ljava/awt/Graphics2D;Ljava/awt/geom/Rectangle2D;ILorg/jfree/chart/plot/PlotRenderingInfo;)Z
	Line Number: 2861
	Mutator Name: NonVoidMethodCallRemovalMutator
	Mutator Description: the call to org.jfree.data.category.CategoryDataset::getRowCount()I is replaced with the used of default value 0
	Suspiciousness Value: 0.408248
	Rank: 87
---------------------------------------------------
79.
	Class Name: org.jfree.chart.plot.CategoryPlot
	Method Name: render
	Method Descriptor: (Ljava/awt/Graphics2D;Ljava/awt/geom/Rectangle2D;ILorg/jfree/chart/plot/PlotRenderingInfo;)Z
	Line Number: 2862
	Mutator Name: NonVoidMethodCallRemovalMutator
	Mutator Description: the call to org.jfree.chart.renderer.category.CategoryItemRenderer::getPassCount()I is replaced with the used of field weight
	Suspiciousness Value: 0.408248
	Rank: 87
---------------------------------------------------
80.
	Class Name: org.jfree.chart.plot.CategoryPlot
	Method Name: render
	Method Descriptor: (Ljava/awt/Graphics2D;Ljava/awt/geom/Rectangle2D;ILorg/jfree/chart/plot/PlotRenderingInfo;)Z
	Line Number: 2861
	Mutator Name: NonVoidMethodCallRemovalMutator
	Mutator Description: the call to org.jfree.data.category.CategoryDataset::getRowCount()I is replaced with the used of field weight
	Suspiciousness Value: 0.408248
	Rank: 87
---------------------------------------------------
81.
	Class Name: org.jfree.chart.plot.CategoryPlot
	Method Name: render
	Method Descriptor: (Ljava/awt/Graphics2D;Ljava/awt/geom/Rectangle2D;ILorg/jfree/chart/plot/PlotRenderingInfo;)Z
	Line Number: 2861
	Mutator Name: NonVoidMethodCallRemovalMutator
	Mutator Description: the call to org.jfree.data.category.CategoryDataset::getRowCount()I is replaced with the used of local index
	Suspiciousness Value: 0.408248
	Rank: 87
---------------------------------------------------
82.
	Class Name: org.jfree.chart.plot.CategoryPlot
	Method Name: render
	Method Descriptor: (Ljava/awt/Graphics2D;Ljava/awt/geom/Rectangle2D;ILorg/jfree/chart/plot/PlotRenderingInfo;)Z
	Line Number: 2860
	Mutator Name: NonVoidMethodCallRemovalMutator
	Mutator Description: the call to org.jfree.data.category.CategoryDataset::getColumnCount()I is replaced with the used of local index
	Suspiciousness Value: 0.408248
	Rank: 87
---------------------------------------------------
83.
	Class Name: org.jfree.chart.plot.CategoryPlot
	Method Name: render
	Method Descriptor: (Ljava/awt/Graphics2D;Ljava/awt/geom/Rectangle2D;ILorg/jfree/chart/plot/PlotRenderingInfo;)Z
	Line Number: 2860
	Mutator Name: NonVoidMethodCallRemovalMutator
	Mutator Description: the call to org.jfree.data.category.CategoryDataset::getColumnCount()I is replaced with the used of default value 0
	Suspiciousness Value: 0.408248
	Rank: 87
---------------------------------------------------
84.
	Class Name: org.jfree.chart.plot.CategoryPlot
	Method Name: render
	Method Descriptor: (Ljava/awt/Graphics2D;Ljava/awt/geom/Rectangle2D;ILorg/jfree/chart/plot/PlotRenderingInfo;)Z
	Line Number: 2862
	Mutator Name: NonVoidMethodCallRemovalMutator
	Mutator Description: the call to org.jfree.chart.renderer.category.CategoryItemRenderer::getPassCount()I is replaced with the used of default value 0
	Suspiciousness Value: 0.408248
	Rank: 87
---------------------------------------------------
85.
	Class Name: org.jfree.chart.plot.CategoryPlot
	Method Name: render
	Method Descriptor: (Ljava/awt/Graphics2D;Ljava/awt/geom/Rectangle2D;ILorg/jfree/chart/plot/PlotRenderingInfo;)Z
	Line Number: 2860
	Mutator Name: NonVoidMethodCallRemovalMutator
	Mutator Description: the call to org.jfree.data.category.CategoryDataset::getColumnCount()I is replaced with the used of field weight
	Suspiciousness Value: 0.408248
	Rank: 87
---------------------------------------------------
86.
	Class Name: org.jfree.chart.JFreeChart
	Method Name: createBufferedImage
	Method Descriptor: (IILorg/jfree/chart/ChartRenderingInfo;)Ljava/awt/image/BufferedImage;
	Line Number: 1373
	Mutator Name: NonVoidMethodCallRemovalMutator
	Mutator Description: the call to org.jfree.chart.JFreeChart::createBufferedImage(IIILorg/jfree/chart/ChartRenderingInfo;)Ljava/awt/image/BufferedImage; is replaced with the used of default value null
	Suspiciousness Value: 0.408248
	Rank: 87
---------------------------------------------------
87.
	Class Name: org.jfree.chart.plot.CategoryPlot
	Method Name: render
	Method Descriptor: (Ljava/awt/Graphics2D;Ljava/awt/geom/Rectangle2D;ILorg/jfree/chart/plot/PlotRenderingInfo;)Z
	Line Number: 2862
	Mutator Name: NonVoidMethodCallRemovalMutator
	Mutator Description: the call to org.jfree.chart.renderer.category.CategoryItemRenderer::getPassCount()I is replaced with the used of local index
	Suspiciousness Value: 0.408248
	Rank: 87
---------------------------------------------------
88.
	Class Name: org.jfree.chart.plot.CategoryPlot
	Method Name: render
	Method Descriptor: (Ljava/awt/Graphics2D;Ljava/awt/geom/Rectangle2D;ILorg/jfree/chart/plot/PlotRenderingInfo;)Z
	Line Number: 2863
	Mutator Name: LocalNameMutator
	Mutator Description: local pass is replaced by local passCount to be used
	Suspiciousness Value: 0.408248
	Rank: 93
---------------------------------------------------
89.
	Class Name: org.jfree.chart.plot.CategoryPlot
	Method Name: render
	Method Descriptor: (Ljava/awt/Graphics2D;Ljava/awt/geom/Rectangle2D;ILorg/jfree/chart/plot/PlotRenderingInfo;)Z
	Line Number: 2863
	Mutator Name: LocalNameMutator
	Mutator Description: local passCount is replaced by local pass to be used
	Suspiciousness Value: 0.408248
	Rank: 93
---------------------------------------------------
90.
	Class Name: org.jfree.chart.JFreeChart
	Method Name: createBufferedImage
	Method Descriptor: (IIILorg/jfree/chart/ChartRenderingInfo;)Ljava/awt/image/BufferedImage;
	Line Number: 1393
	Mutator Name: LocalNameMutator
	Mutator Description: local width is replaced by local imageType to be used
	Suspiciousness Value: 0.408248
	Rank: 93
---------------------------------------------------
91.
	Class Name: org.jfree.chart.plot.CategoryPlot
	Method Name: render
	Method Descriptor: (Ljava/awt/Graphics2D;Ljava/awt/geom/Rectangle2D;ILorg/jfree/chart/plot/PlotRenderingInfo;)Z
	Line Number: 2863
	Mutator Name: LocalNameMutator
	Mutator Description: local passCount is replaced by local index to be used
	Suspiciousness Value: 0.408248
	Rank: 93
---------------------------------------------------
92.
	Class Name: org.jfree.chart.plot.CategoryPlot
	Method Name: render
	Method Descriptor: (Ljava/awt/Graphics2D;Ljava/awt/geom/Rectangle2D;ILorg/jfree/chart/plot/PlotRenderingInfo;)Z
	Line Number: 2863
	Mutator Name: LocalNameMutator
	Mutator Description: local pass is replaced by local columnCount to be used
	Suspiciousness Value: 0.408248
	Rank: 93
---------------------------------------------------
93.
	Class Name: org.jfree.chart.JFreeChart
	Method Name: createBufferedImage
	Method Descriptor: (IIILorg/jfree/chart/ChartRenderingInfo;)Ljava/awt/image/BufferedImage;
	Line Number: 1393
	Mutator Name: LocalNameMutator
	Mutator Description: local height is replaced by local imageType to be used
	Suspiciousness Value: 0.408248
	Rank: 93
---------------------------------------------------
94.
	Class Name: org.jfree.chart.plot.CategoryPlot
	Method Name: render
	Method Descriptor: (Ljava/awt/Graphics2D;Ljava/awt/geom/Rectangle2D;ILorg/jfree/chart/plot/PlotRenderingInfo;)Z
	Line Number: 2863
	Mutator Name: NegateConditionalsMutator
	Mutator Description: negated conditional
	Suspiciousness Value: 0.408248
	Rank: 94
---------------------------------------------------
95.
	Class Name: org.jfree.chart.JFreeChart
	Method Name: createBufferedImage
	Method Descriptor: (IIILorg/jfree/chart/ChartRenderingInfo;)Ljava/awt/image/BufferedImage;
	Line Number: 1393
	Mutator Name: VoidMethodCallMutator
	Mutator Description: removed call to org/jfree/chart/JFreeChart::draw
	Suspiciousness Value: 0.408248
	Rank: 95
---------------------------------------------------
96.
	Class Name: org.jfree.chart.JFreeChart
	Method Name: createBufferedImage
	Method Descriptor: (IILorg/jfree/chart/ChartRenderingInfo;)Ljava/awt/image/BufferedImage;
	Line Number: 1373
	Mutator Name: LocalToFieldAccessMutator
	Mutator Description: access to local height is replaced by access to field DEFAULT_BACKGROUND_IMAGE_ALIGNMENT
	Suspiciousness Value: 0.408248
	Rank: 100
---------------------------------------------------
97.
	Class Name: org.jfree.chart.JFreeChart
	Method Name: createBufferedImage
	Method Descriptor: (IIILorg/jfree/chart/ChartRenderingInfo;)Ljava/awt/image/BufferedImage;
	Line Number: 1393
	Mutator Name: LocalToFieldAccessMutator
	Mutator Description: access to local height is replaced by access to field backgroundImageAlignment
	Suspiciousness Value: 0.408248
	Rank: 100
---------------------------------------------------
98.
	Class Name: org.jfree.chart.plot.CategoryPlot
	Method Name: render
	Method Descriptor: (Ljava/awt/Graphics2D;Ljava/awt/geom/Rectangle2D;ILorg/jfree/chart/plot/PlotRenderingInfo;)Z
	Line Number: 2863
	Mutator Name: LocalToFieldAccessMutator
	Mutator Description: access to local passCount is replaced by access to field weight
	Suspiciousness Value: 0.408248
	Rank: 100
---------------------------------------------------
99.
	Class Name: org.jfree.chart.JFreeChart
	Method Name: createBufferedImage
	Method Descriptor: (IIILorg/jfree/chart/ChartRenderingInfo;)Ljava/awt/image/BufferedImage;
	Line Number: 1393
	Mutator Name: LocalToFieldAccessMutator
	Mutator Description: access to local height is replaced by access to field DEFAULT_BACKGROUND_IMAGE_ALIGNMENT
	Suspiciousness Value: 0.408248
	Rank: 100
---------------------------------------------------
100.
	Class Name: org.jfree.chart.JFreeChart
	Method Name: createBufferedImage
	Method Descriptor: (IILorg/jfree/chart/ChartRenderingInfo;)Ljava/awt/image/BufferedImage;
	Line Number: 1373
	Mutator Name: LocalToFieldAccessMutator
	Mutator Description: access to local height is replaced by access to field backgroundImageAlignment
	Suspiciousness Value: 0.408248
	Rank: 100
---------------------------------------------------
101.
	Class Name: org.jfree.chart.plot.CategoryPlot
	Method Name: render
	Method Descriptor: (Ljava/awt/Graphics2D;Ljava/awt/geom/Rectangle2D;ILorg/jfree/chart/plot/PlotRenderingInfo;)Z
	Line Number: 2863
	Mutator Name: InlineConstantMutator
	Mutator Description: Substituted 0 with 1
	Suspiciousness Value: 0.408248
	Rank: 101
---------------------------------------------------
102.
	Class Name: org.jfree.chart.JFreeChart
	Method Name: createBufferedImage
	Method Descriptor: (IILorg/jfree/chart/ChartRenderingInfo;)Ljava/awt/image/BufferedImage;
	Line Number: 1373
	Mutator Name: ArgumentsListMutator
	Mutator Description: replaced call to createBufferedImage(IIILorg/jfree/chart/ChartRenderingInfo;)Ljava/awt/image/BufferedImage; with a call to createBufferedImage(IIDDLorg/jfree/chart/ChartRenderingInfo;)Ljava/awt/image/BufferedImage;
	Suspiciousness Value: 0.408248
	Rank: 103
---------------------------------------------------
103.
	Class Name: org.jfree.chart.JFreeChart
	Method Name: createBufferedImage
	Method Descriptor: (IIILorg/jfree/chart/ChartRenderingInfo;)Ljava/awt/image/BufferedImage;
	Line Number: 1393
	Mutator Name: ArgumentsListMutator
	Mutator Description: replaced call to <init>(DDDD)V with a call to <init>()V
	Suspiciousness Value: 0.408248
	Rank: 103
---------------------------------------------------
104.
	Class Name: org.jfree.data.general.DatasetUtilities
	Method Name: isEmptyOrNull
	Method Descriptor: (Lorg/jfree/data/category/CategoryDataset;)Z
	Line Number: 574
	Mutator Name: RemoveConditionalMutator_ORDER_ELSE
	Mutator Description: removed conditional - replaced comparison check with false
	Suspiciousness Value: 0.400000
	Rank: 105
---------------------------------------------------
105.
	Class Name: org.jfree.data.general.DatasetUtilities
	Method Name: isEmptyOrNull
	Method Descriptor: (Lorg/jfree/data/category/CategoryDataset;)Z
	Line Number: 575
	Mutator Name: RemoveConditionalMutator_ORDER_ELSE
	Mutator Description: removed conditional - replaced comparison check with false
	Suspiciousness Value: 0.400000
	Rank: 105
---------------------------------------------------
106.
	Class Name: org.jfree.data.general.DatasetUtilities
	Method Name: isEmptyOrNull
	Method Descriptor: (Lorg/jfree/data/category/CategoryDataset;)Z
	Line Number: 576
	Mutator Name: NonVoidMethodCallRemovalMutator
	Mutator Description: the call to org.jfree.data.category.CategoryDataset::getValue(II)Ljava/lang/Number; is replaced with the used of default value null
	Suspiciousness Value: 0.400000
	Rank: 106
---------------------------------------------------
107.
	Class Name: org.jfree.data.general.DatasetUtilities
	Method Name: isEmptyOrNull
	Method Descriptor: (Lorg/jfree/data/category/CategoryDataset;)Z
	Line Number: 577
	Mutator Name: BooleanTrueReturnValsMutator
	Mutator Description: replaced boolean return with true for org/jfree/data/general/DatasetUtilities::isEmptyOrNull
	Suspiciousness Value: 0.400000
	Rank: 107
---------------------------------------------------
108.
	Class Name: org.jfree.data.general.DatasetUtilities
	Method Name: isEmptyOrNull
	Method Descriptor: (Lorg/jfree/data/category/CategoryDataset;)Z
	Line Number: 575
	Mutator Name: LocalNameMutator
	Mutator Description: local c is replaced by local columnCount to be used
	Suspiciousness Value: 0.400000
	Rank: 113
---------------------------------------------------
109.
	Class Name: org.jfree.data.general.DatasetUtilities
	Method Name: isEmptyOrNull
	Method Descriptor: (Lorg/jfree/data/category/CategoryDataset;)Z
	Line Number: 575
	Mutator Name: LocalNameMutator
	Mutator Description: local columnCount is replaced by local r to be used
	Suspiciousness Value: 0.400000
	Rank: 113
---------------------------------------------------
110.
	Class Name: org.jfree.data.general.DatasetUtilities
	Method Name: isEmptyOrNull
	Method Descriptor: (Lorg/jfree/data/category/CategoryDataset;)Z
	Line Number: 574
	Mutator Name: LocalNameMutator
	Mutator Description: local r is replaced by local rowCount to be used
	Suspiciousness Value: 0.400000
	Rank: 113
---------------------------------------------------
111.
	Class Name: org.jfree.data.general.DatasetUtilities
	Method Name: isEmptyOrNull
	Method Descriptor: (Lorg/jfree/data/category/CategoryDataset;)Z
	Line Number: 574
	Mutator Name: LocalNameMutator
	Mutator Description: local r is replaced by local columnCount to be used
	Suspiciousness Value: 0.400000
	Rank: 113
---------------------------------------------------
112.
	Class Name: org.jfree.data.general.DatasetUtilities
	Method Name: isEmptyOrNull
	Method Descriptor: (Lorg/jfree/data/category/CategoryDataset;)Z
	Line Number: 574
	Mutator Name: LocalNameMutator
	Mutator Description: local rowCount is replaced by local r to be used
	Suspiciousness Value: 0.400000
	Rank: 113
---------------------------------------------------
113.
	Class Name: org.jfree.data.general.DatasetUtilities
	Method Name: isEmptyOrNull
	Method Descriptor: (Lorg/jfree/data/category/CategoryDataset;)Z
	Line Number: 575
	Mutator Name: LocalNameMutator
	Mutator Description: local columnCount is replaced by local c to be used
	Suspiciousness Value: 0.400000
	Rank: 113
---------------------------------------------------
114.
	Class Name: org.jfree.data.general.DatasetUtilities
	Method Name: isEmptyOrNull
	Method Descriptor: (Lorg/jfree/data/category/CategoryDataset;)Z
	Line Number: 575
	Mutator Name: NegateConditionalsMutator
	Mutator Description: negated conditional
	Suspiciousness Value: 0.400000
	Rank: 115
---------------------------------------------------
115.
	Class Name: org.jfree.data.general.DatasetUtilities
	Method Name: isEmptyOrNull
	Method Descriptor: (Lorg/jfree/data/category/CategoryDataset;)Z
	Line Number: 574
	Mutator Name: NegateConditionalsMutator
	Mutator Description: negated conditional
	Suspiciousness Value: 0.400000
	Rank: 115
---------------------------------------------------
116.
	Class Name: org.jfree.data.general.DatasetUtilities
	Method Name: isEmptyOrNull
	Method Descriptor: (Lorg/jfree/data/category/CategoryDataset;)Z
	Line Number: 577
	Mutator Name: ReturnValsMutator
	Mutator Description: replaced return of integer sized value with (x == 0 ? 1 : 0)
	Suspiciousness Value: 0.400000
	Rank: 116
---------------------------------------------------
117.
	Class Name: org.jfree.data.general.DatasetUtilities
	Method Name: isEmptyOrNull
	Method Descriptor: (Lorg/jfree/data/category/CategoryDataset;)Z
	Line Number: 576
	Mutator Name: RemoveConditionalMutator_EQUAL_ELSE
	Mutator Description: removed conditional - replaced equality check with false
	Suspiciousness Value: 0.400000
	Rank: 117
---------------------------------------------------
118.
	Class Name: org.jfree.data.general.DatasetUtilities
	Method Name: isEmptyOrNull
	Method Descriptor: (Lorg/jfree/data/category/CategoryDataset;)Z
	Line Number: 577
	Mutator Name: InlineConstantMutator
	Mutator Description: Substituted 0 with 1
	Suspiciousness Value: 0.400000
	Rank: 119
---------------------------------------------------
119.
	Class Name: org.jfree.data.general.DatasetUtilities
	Method Name: isEmptyOrNull
	Method Descriptor: (Lorg/jfree/data/category/CategoryDataset;)Z
	Line Number: 574
	Mutator Name: InlineConstantMutator
	Mutator Description: Substituted 0 with 1
	Suspiciousness Value: 0.400000
	Rank: 119
---------------------------------------------------
120.
	Class Name: org.jfree.chart.plot.CategoryPlot
	Method Name: draw
	Method Descriptor: (Ljava/awt/Graphics2D;Ljava/awt/geom/Rectangle2D;Ljava/awt/geom/Point2D;Lorg/jfree/chart/plot/PlotState;Lorg/jfree/chart/plot/PlotRenderingInfo;)V
	Line Number: 2672
	Mutator Name: RemoveConditionalMutator_ORDER_ELSE
	Mutator Description: removed conditional - replaced comparison check with false
	Suspiciousness Value: 0.377964
	Rank: 120
---------------------------------------------------
121.
	Class Name: org.jfree.chart.plot.CategoryPlot
	Method Name: draw
	Method Descriptor: (Ljava/awt/Graphics2D;Ljava/awt/geom/Rectangle2D;Ljava/awt/geom/Point2D;Lorg/jfree/chart/plot/PlotState;Lorg/jfree/chart/plot/PlotRenderingInfo;)V
	Line Number: 2673
	Mutator Name: NonVoidMethodCallRemovalMutator
	Mutator Description: the call to org.jfree.chart.plot.CategoryPlot::render(Ljava/awt/Graphics2D;Ljava/awt/geom/Rectangle2D;ILorg/jfree/chart/plot/PlotRenderingInfo;)Z is replaced with the used of local b1
	Suspiciousness Value: 0.377964
	Rank: 133
---------------------------------------------------
122.
	Class Name: org.jfree.chart.plot.CategoryPlot
	Method Name: draw
	Method Descriptor: (Ljava/awt/Graphics2D;Ljava/awt/geom/Rectangle2D;Ljava/awt/geom/Point2D;Lorg/jfree/chart/plot/PlotState;Lorg/jfree/chart/plot/PlotRenderingInfo;)V
	Line Number: 2559
	Mutator Name: NonVoidMethodCallRemovalMutator
	Mutator Description: the call to java.awt.geom.Rectangle2D::getHeight()D is replaced with the used of field anchorValue
	Suspiciousness Value: 0.377964
	Rank: 133
---------------------------------------------------
123.
	Class Name: org.jfree.data.general.DatasetUtilities
	Method Name: isEmptyOrNull
	Method Descriptor: (Lorg/jfree/data/category/CategoryDataset;)Z
	Line Number: 569
	Mutator Name: NonVoidMethodCallRemovalMutator
	Mutator Description: the call to org.jfree.data.category.CategoryDataset::getColumnCount()I is replaced with the used of default value 0
	Suspiciousness Value: 0.377964
	Rank: 133
---------------------------------------------------
124.
	Class Name: org.jfree.chart.plot.CategoryPlot
	Method Name: draw
	Method Descriptor: (Ljava/awt/Graphics2D;Ljava/awt/geom/Rectangle2D;Ljava/awt/geom/Point2D;Lorg/jfree/chart/plot/PlotState;Lorg/jfree/chart/plot/PlotRenderingInfo;)V
	Line Number: 2558
	Mutator Name: NonVoidMethodCallRemovalMutator
	Mutator Description: the call to java.awt.geom.Rectangle2D::getWidth()D is replaced with the used of field anchorValue
	Suspiciousness Value: 0.377964
	Rank: 133
---------------------------------------------------
125.
	Class Name: org.jfree.chart.plot.CategoryPlot
	Method Name: render
	Method Descriptor: (Ljava/awt/Graphics2D;Ljava/awt/geom/Rectangle2D;ILorg/jfree/chart/plot/PlotRenderingInfo;)Z
	Line Number: 2850
	Mutator Name: NonVoidMethodCallRemovalMutator
	Mutator Description: the call to org.jfree.chart.plot.CategoryPlot::getDataset(I)Lorg/jfree/data/category/CategoryDataset; is replaced with the used of default value null
	Suspiciousness Value: 0.377964
	Rank: 133
---------------------------------------------------
126.
	Class Name: org.jfree.data.general.DatasetUtilities
	Method Name: isEmptyOrNull
	Method Descriptor: (Lorg/jfree/data/category/CategoryDataset;)Z
	Line Number: 568
	Mutator Name: NonVoidMethodCallRemovalMutator
	Mutator Description: the call to org.jfree.data.category.CategoryDataset::getRowCount()I is replaced with the used of default value 0
	Suspiciousness Value: 0.377964
	Rank: 133
---------------------------------------------------
127.
	Class Name: org.jfree.chart.plot.CategoryPlot
	Method Name: render
	Method Descriptor: (Ljava/awt/Graphics2D;Ljava/awt/geom/Rectangle2D;ILorg/jfree/chart/plot/PlotRenderingInfo;)Z
	Line Number: 2851
	Mutator Name: NonVoidMethodCallRemovalMutator
	Mutator Description: the call to org.jfree.chart.plot.CategoryPlot::getRenderer(I)Lorg/jfree/chart/renderer/category/CategoryItemRenderer; is replaced with the used of default value null
	Suspiciousness Value: 0.377964
	Rank: 133
---------------------------------------------------
128.
	Class Name: org.jfree.chart.plot.CategoryPlot
	Method Name: draw
	Method Descriptor: (Ljava/awt/Graphics2D;Ljava/awt/geom/Rectangle2D;Ljava/awt/geom/Point2D;Lorg/jfree/chart/plot/PlotState;Lorg/jfree/chart/plot/PlotRenderingInfo;)V
	Line Number: 2673
	Mutator Name: NonVoidMethodCallRemovalMutator
	Mutator Description: the call to org.jfree.chart.plot.CategoryPlot::render(Ljava/awt/Graphics2D;Ljava/awt/geom/Rectangle2D;ILorg/jfree/chart/plot/PlotRenderingInfo;)Z is replaced with the used of default value false
	Suspiciousness Value: 0.377964
	Rank: 133
---------------------------------------------------
129.
	Class Name: org.jfree.chart.plot.CategoryPlot
	Method Name: draw
	Method Descriptor: (Ljava/awt/Graphics2D;Ljava/awt/geom/Rectangle2D;Ljava/awt/geom/Point2D;Lorg/jfree/chart/plot/PlotState;Lorg/jfree/chart/plot/PlotRenderingInfo;)V
	Line Number: 2559
	Mutator Name: NonVoidMethodCallRemovalMutator
	Mutator Description: the call to java.awt.geom.Rectangle2D::getHeight()D is replaced with the used of default value 0.D
	Suspiciousness Value: 0.377964
	Rank: 133
---------------------------------------------------
130.
	Class Name: org.jfree.chart.plot.CategoryPlot
	Method Name: draw
	Method Descriptor: (Ljava/awt/Graphics2D;Ljava/awt/geom/Rectangle2D;Ljava/awt/geom/Point2D;Lorg/jfree/chart/plot/PlotState;Lorg/jfree/chart/plot/PlotRenderingInfo;)V
	Line Number: 2672
	Mutator Name: NonVoidMethodCallRemovalMutator
	Mutator Description: the call to org.jfree.chart.util.ObjectList::size()I is replaced with the used of field weight
	Suspiciousness Value: 0.377964
	Rank: 133
---------------------------------------------------
131.
	Class Name: org.jfree.chart.plot.CategoryPlot
	Method Name: draw
	Method Descriptor: (Ljava/awt/Graphics2D;Ljava/awt/geom/Rectangle2D;Ljava/awt/geom/Point2D;Lorg/jfree/chart/plot/PlotState;Lorg/jfree/chart/plot/PlotRenderingInfo;)V
	Line Number: 2672
	Mutator Name: NonVoidMethodCallRemovalMutator
	Mutator Description: the call to org.jfree.chart.util.ObjectList::size()I is replaced with the used of default value 0
	Suspiciousness Value: 0.377964
	Rank: 133
---------------------------------------------------
132.
	Class Name: org.jfree.chart.plot.CategoryPlot
	Method Name: draw
	Method Descriptor: (Ljava/awt/Graphics2D;Ljava/awt/geom/Rectangle2D;Ljava/awt/geom/Point2D;Lorg/jfree/chart/plot/PlotState;Lorg/jfree/chart/plot/PlotRenderingInfo;)V
	Line Number: 2558
	Mutator Name: NonVoidMethodCallRemovalMutator
	Mutator Description: the call to java.awt.geom.Rectangle2D::getWidth()D is replaced with the used of default value 0.D
	Suspiciousness Value: 0.377964
	Rank: 133
---------------------------------------------------
133.
	Class Name: org.jfree.chart.plot.CategoryPlot
	Method Name: draw
	Method Descriptor: (Ljava/awt/Graphics2D;Ljava/awt/geom/Rectangle2D;Ljava/awt/geom/Point2D;Lorg/jfree/chart/plot/PlotState;Lorg/jfree/chart/plot/PlotRenderingInfo;)V
	Line Number: 2673
	Mutator Name: NonVoidMethodCallRemovalMutator
	Mutator Description: the call to org.jfree.chart.plot.CategoryPlot::render(Ljava/awt/Graphics2D;Ljava/awt/geom/Rectangle2D;ILorg/jfree/chart/plot/PlotRenderingInfo;)Z is replaced with the used of field DEFAULT_DOMAIN_GRIDLINES_VISIBLE
	Suspiciousness Value: 0.377964
	Rank: 133
---------------------------------------------------
134.
	Class Name: org.jfree.chart.plot.CategoryPlot
	Method Name: render
	Method Descriptor: (Ljava/awt/Graphics2D;Ljava/awt/geom/Rectangle2D;ILorg/jfree/chart/plot/PlotRenderingInfo;)Z
	Line Number: 2855
	Mutator Name: LocalNameMutator
	Mutator Description: local hasData is replaced by local foundData to be used
	Suspiciousness Value: 0.377964
	Rank: 135
---------------------------------------------------
135.
	Class Name: org.jfree.chart.plot.CategoryPlot
	Method Name: draw
	Method Descriptor: (Ljava/awt/Graphics2D;Ljava/awt/geom/Rectangle2D;Ljava/awt/geom/Point2D;Lorg/jfree/chart/plot/PlotState;Lorg/jfree/chart/plot/PlotRenderingInfo;)V
	Line Number: 2673
	Mutator Name: LocalNameMutator
	Mutator Description: local i is replaced by local datasetCount to be used
	Suspiciousness Value: 0.377964
	Rank: 135
---------------------------------------------------
136.
	Class Name: org.jfree.chart.plot.CategoryPlot
	Method Name: draw
	Method Descriptor: (Ljava/awt/Graphics2D;Ljava/awt/geom/Rectangle2D;Ljava/awt/geom/Point2D;Lorg/jfree/chart/plot/PlotState;Lorg/jfree/chart/plot/PlotRenderingInfo;)V
	Line Number: 2560
	Mutator Name: NegateConditionalsMutator
	Mutator Description: negated conditional
	Suspiciousness Value: 0.377964
	Rank: 141
---------------------------------------------------
137.
	Class Name: org.jfree.chart.plot.CategoryPlot
	Method Name: draw
	Method Descriptor: (Ljava/awt/Graphics2D;Ljava/awt/geom/Rectangle2D;Ljava/awt/geom/Point2D;Lorg/jfree/chart/plot/PlotState;Lorg/jfree/chart/plot/PlotRenderingInfo;)V
	Line Number: 2672
	Mutator Name: NegateConditionalsMutator
	Mutator Description: negated conditional
	Suspiciousness Value: 0.377964
	Rank: 141
---------------------------------------------------
138.
	Class Name: org.jfree.chart.plot.CategoryPlot
	Method Name: draw
	Method Descriptor: (Ljava/awt/Graphics2D;Ljava/awt/geom/Rectangle2D;Ljava/awt/geom/Point2D;Lorg/jfree/chart/plot/PlotState;Lorg/jfree/chart/plot/PlotRenderingInfo;)V
	Line Number: 2559
	Mutator Name: NegateConditionalsMutator
	Mutator Description: negated conditional
	Suspiciousness Value: 0.377964
	Rank: 141
---------------------------------------------------
139.
	Class Name: org.jfree.data.general.DatasetUtilities
	Method Name: isEmptyOrNull
	Method Descriptor: (Lorg/jfree/data/category/CategoryDataset;)Z
	Line Number: 570
	Mutator Name: NegateConditionalsMutator
	Mutator Description: negated conditional
	Suspiciousness Value: 0.377964
	Rank: 141
---------------------------------------------------
140.
	Class Name: org.jfree.chart.plot.CategoryPlot
	Method Name: draw
	Method Descriptor: (Ljava/awt/Graphics2D;Ljava/awt/geom/Rectangle2D;Ljava/awt/geom/Point2D;Lorg/jfree/chart/plot/PlotState;Lorg/jfree/chart/plot/PlotRenderingInfo;)V
	Line Number: 2558
	Mutator Name: NegateConditionalsMutator
	Mutator Description: negated conditional
	Suspiciousness Value: 0.377964
	Rank: 141
---------------------------------------------------
141.
	Class Name: org.jfree.chart.plot.CategoryPlot
	Method Name: render
	Method Descriptor: (Ljava/awt/Graphics2D;Ljava/awt/geom/Rectangle2D;ILorg/jfree/chart/plot/PlotRenderingInfo;)Z
	Line Number: 2855
	Mutator Name: NegateConditionalsMutator
	Mutator Description: negated conditional
	Suspiciousness Value: 0.377964
	Rank: 141
---------------------------------------------------
142.
	Class Name: org.jfree.chart.plot.CategoryPlot
	Method Name: draw
	Method Descriptor: (Ljava/awt/Graphics2D;Ljava/awt/geom/Rectangle2D;Ljava/awt/geom/Point2D;Lorg/jfree/chart/plot/PlotState;Lorg/jfree/chart/plot/PlotRenderingInfo;)V
	Line Number: 2559
	Mutator Name: RemoveConditionalMutator_ORDER_IF
	Mutator Description: removed conditional - replaced comparison check with true
	Suspiciousness Value: 0.377964
	Rank: 143
---------------------------------------------------
143.
	Class Name: org.jfree.chart.plot.CategoryPlot
	Method Name: draw
	Method Descriptor: (Ljava/awt/Graphics2D;Ljava/awt/geom/Rectangle2D;Ljava/awt/geom/Point2D;Lorg/jfree/chart/plot/PlotState;Lorg/jfree/chart/plot/PlotRenderingInfo;)V
	Line Number: 2558
	Mutator Name: RemoveConditionalMutator_ORDER_IF
	Mutator Description: removed conditional - replaced comparison check with true
	Suspiciousness Value: 0.377964
	Rank: 143
---------------------------------------------------
144.
	Class Name: org.jfree.chart.plot.CategoryPlot
	Method Name: draw
	Method Descriptor: (Ljava/awt/Graphics2D;Ljava/awt/geom/Rectangle2D;Ljava/awt/geom/Point2D;Lorg/jfree/chart/plot/PlotState;Lorg/jfree/chart/plot/PlotRenderingInfo;)V
	Line Number: 2560
	Mutator Name: LocalToFieldAccessMutator
	Mutator Description: access to local b1 is replaced by access to field DEFAULT_RANGE_GRIDLINES_VISIBLE
	Suspiciousness Value: 0.377964
	Rank: 149
---------------------------------------------------
145.
	Class Name: org.jfree.chart.plot.CategoryPlot
	Method Name: render
	Method Descriptor: (Ljava/awt/Graphics2D;Ljava/awt/geom/Rectangle2D;ILorg/jfree/chart/plot/PlotRenderingInfo;)Z
	Line Number: 2855
	Mutator Name: LocalToFieldAccessMutator
	Mutator Description: access to local hasData is replaced by access to field domainGridlinesVisible
	Suspiciousness Value: 0.377964
	Rank: 149
---------------------------------------------------
146.
	Class Name: org.jfree.chart.plot.CategoryPlot
	Method Name: render
	Method Descriptor: (Ljava/awt/Graphics2D;Ljava/awt/geom/Rectangle2D;ILorg/jfree/chart/plot/PlotRenderingInfo;)Z
	Line Number: 2855
	Mutator Name: LocalToFieldAccessMutator
	Mutator Description: access to local hasData is replaced by access to field DEFAULT_CROSSHAIR_VISIBLE
	Suspiciousness Value: 0.377964
	Rank: 149
---------------------------------------------------
147.
	Class Name: org.jfree.chart.plot.CategoryPlot
	Method Name: render
	Method Descriptor: (Ljava/awt/Graphics2D;Ljava/awt/geom/Rectangle2D;ILorg/jfree/chart/plot/PlotRenderingInfo;)Z
	Line Number: 2855
	Mutator Name: LocalToFieldAccessMutator
	Mutator Description: access to local hasData is replaced by access to field DEFAULT_DOMAIN_GRIDLINES_VISIBLE
	Suspiciousness Value: 0.377964
	Rank: 149
---------------------------------------------------
148.
	Class Name: org.jfree.chart.plot.CategoryPlot
	Method Name: render
	Method Descriptor: (Ljava/awt/Graphics2D;Ljava/awt/geom/Rectangle2D;ILorg/jfree/chart/plot/PlotRenderingInfo;)Z
	Line Number: 2855
	Mutator Name: LocalToFieldAccessMutator
	Mutator Description: access to local hasData is replaced by access to field drawSharedDomainAxis
	Suspiciousness Value: 0.377964
	Rank: 149
---------------------------------------------------
149.
	Class Name: org.jfree.chart.plot.CategoryPlot
	Method Name: draw
	Method Descriptor: (Ljava/awt/Graphics2D;Ljava/awt/geom/Rectangle2D;Ljava/awt/geom/Point2D;Lorg/jfree/chart/plot/PlotState;Lorg/jfree/chart/plot/PlotRenderingInfo;)V
	Line Number: 2560
	Mutator Name: LocalToFieldAccessMutator
	Mutator Description: access to local b2 is replaced by access to field DEFAULT_RANGE_GRIDLINES_VISIBLE
	Suspiciousness Value: 0.377964
	Rank: 149
---------------------------------------------------
150.
	Class Name: org.jfree.data.general.DatasetUtilities
	Method Name: isEmptyOrNull
	Method Descriptor: (Lorg/jfree/data/category/CategoryDataset;)Z
	Line Number: 570
	Mutator Name: RemoveConditionalMutator_EQUAL_ELSE
	Mutator Description: removed conditional - replaced equality check with false
	Suspiciousness Value: 0.377964
	Rank: 153
---------------------------------------------------
151.
	Class Name: org.jfree.chart.plot.CategoryPlot
	Method Name: render
	Method Descriptor: (Ljava/awt/Graphics2D;Ljava/awt/geom/Rectangle2D;ILorg/jfree/chart/plot/PlotRenderingInfo;)Z
	Line Number: 2855
	Mutator Name: RemoveConditionalMutator_EQUAL_ELSE
	Mutator Description: removed conditional - replaced equality check with false
	Suspiciousness Value: 0.377964
	Rank: 153
---------------------------------------------------
152.
	Class Name: org.jfree.chart.plot.CategoryPlot
	Method Name: render
	Method Descriptor: (Ljava/awt/Graphics2D;Ljava/awt/geom/Rectangle2D;ILorg/jfree/chart/plot/PlotRenderingInfo;)Z
	Line Number: 2854
	Mutator Name: RemoveConditionalMutator_EQUAL_ELSE
	Mutator Description: removed conditional - replaced equality check with false
	Suspiciousness Value: 0.377964
	Rank: 153
---------------------------------------------------
153.
	Class Name: org.jfree.chart.plot.CategoryPlot
	Method Name: draw
	Method Descriptor: (Ljava/awt/Graphics2D;Ljava/awt/geom/Rectangle2D;Ljava/awt/geom/Point2D;Lorg/jfree/chart/plot/PlotState;Lorg/jfree/chart/plot/PlotRenderingInfo;)V
	Line Number: 2560
	Mutator Name: RemoveConditionalMutator_EQUAL_ELSE
	Mutator Description: removed conditional - replaced equality check with false
	Suspiciousness Value: 0.377964
	Rank: 153
---------------------------------------------------
154.
	Class Name: org.jfree.chart.plot.CategoryPlot
	Method Name: draw
	Method Descriptor: (Ljava/awt/Graphics2D;Ljava/awt/geom/Rectangle2D;Ljava/awt/geom/Point2D;Lorg/jfree/chart/plot/PlotState;Lorg/jfree/chart/plot/PlotRenderingInfo;)V
	Line Number: 2559
	Mutator Name: InlineConstantMutator
	Mutator Description: Substituted 0 with 1
	Suspiciousness Value: 0.377964
	Rank: 156
---------------------------------------------------
155.
	Class Name: org.jfree.chart.plot.CategoryPlot
	Method Name: draw
	Method Descriptor: (Ljava/awt/Graphics2D;Ljava/awt/geom/Rectangle2D;Ljava/awt/geom/Point2D;Lorg/jfree/chart/plot/PlotState;Lorg/jfree/chart/plot/PlotRenderingInfo;)V
	Line Number: 2558
	Mutator Name: InlineConstantMutator
	Mutator Description: Substituted 0 with 1
	Suspiciousness Value: 0.377964
	Rank: 156
---------------------------------------------------
156.
	Class Name: org.jfree.chart.plot.CategoryPlot
	Method Name: render
	Method Descriptor: (Ljava/awt/Graphics2D;Ljava/awt/geom/Rectangle2D;ILorg/jfree/chart/plot/PlotRenderingInfo;)Z
	Line Number: 2854
	Mutator Name: InlineConstantMutator
	Mutator Description: Substituted 1 with 0
	Suspiciousness Value: 0.377964
	Rank: 156
---------------------------------------------------
157.
	Class Name: org.jfree.chart.plot.CategoryPlot
	Method Name: render
	Method Descriptor: (Ljava/awt/Graphics2D;Ljava/awt/geom/Rectangle2D;ILorg/jfree/chart/plot/PlotRenderingInfo;)Z
	Line Number: 2854
	Mutator Name: ArgumentsListMutator
	Mutator Description: replaced call to isEmptyOrNull(Lorg/jfree/data/category/CategoryDataset;)Z with a call to isEmptyOrNull(Lorg/jfree/data/general/PieDataset;)Z
	Suspiciousness Value: 0.377964
	Rank: 158
---------------------------------------------------
158.
	Class Name: org.jfree.chart.plot.CategoryPlot
	Method Name: render
	Method Descriptor: (Ljava/awt/Graphics2D;Ljava/awt/geom/Rectangle2D;ILorg/jfree/chart/plot/PlotRenderingInfo;)Z
	Line Number: 2854
	Mutator Name: ArgumentsListMutator
	Mutator Description: replaced call to isEmptyOrNull(Lorg/jfree/data/category/CategoryDataset;)Z with a call to isEmptyOrNull(Lorg/jfree/data/xy/XYDataset;)Z
	Suspiciousness Value: 0.377964
	Rank: 158
---------------------------------------------------
159.
	Class Name: org.jfree.chart.plot.CategoryPlot
	Method Name: draw
	Method Descriptor: (Ljava/awt/Graphics2D;Ljava/awt/geom/Rectangle2D;Ljava/awt/geom/Point2D;Lorg/jfree/chart/plot/PlotState;Lorg/jfree/chart/plot/PlotRenderingInfo;)V
	Line Number: 2672
	Mutator Name: ConditionalsBoundaryMutator
	Mutator Description: changed conditional boundary
	Suspiciousness Value: 0.377964
	Rank: 159
---------------------------------------------------
160.
	Class Name: org.jfree.chart.plot.CategoryPlot
	Method Name: draw
	Method Descriptor: (Ljava/awt/Graphics2D;Ljava/awt/geom/Rectangle2D;Ljava/awt/geom/Point2D;Lorg/jfree/chart/plot/PlotState;Lorg/jfree/chart/plot/PlotRenderingInfo;)V
	Line Number: 2560
	Mutator Name: RemoveConditionalMutator_EQUAL_IF
	Mutator Description: removed conditional - replaced equality check with true
	Suspiciousness Value: 0.377964
	Rank: 161
---------------------------------------------------
161.
	Class Name: org.jfree.data.general.DatasetUtilities
	Method Name: isEmptyOrNull
	Method Descriptor: (Lorg/jfree/data/category/CategoryDataset;)Z
	Line Number: 570
	Mutator Name: RemoveConditionalMutator_EQUAL_IF
	Mutator Description: removed conditional - replaced equality check with true
	Suspiciousness Value: 0.377964
	Rank: 161
---------------------------------------------------
162.
	Class Name: org.jfree.data.general.DatasetUtilities
	Method Name: isEmptyOrNull
	Method Descriptor: (Lorg/jfree/data/category/CategoryDataset;)Z
	Line Number: 564
	Mutator Name: RemoveConditionalMutator_EQUAL_IF
	Mutator Description: removed conditional - replaced equality check with true
	Suspiciousness Value: 0.371391
	Rank: 162
---------------------------------------------------
163.
	Class Name: org.jfree.chart.JFreeChart
	Method Name: drawTitle
	Method Descriptor: (Lorg/jfree/chart/title/Title;Ljava/awt/Graphics2D;Ljava/awt/geom/Rectangle2D;Z)Lorg/jfree/chart/entity/EntityCollection;
	Line Number: 1318
	Mutator Name: NonVoidMethodCallRemovalMutator
	Mutator Description: the call to java.awt.geom.Rectangle2D::getHeight()D is replaced with the used of default value 0.D
	Suspiciousness Value: 0.277350
	Rank: 164
---------------------------------------------------
164.
	Class Name: org.jfree.chart.JFreeChart
	Method Name: drawTitle
	Method Descriptor: (Lorg/jfree/chart/title/Title;Ljava/awt/Graphics2D;Ljava/awt/geom/Rectangle2D;Z)Lorg/jfree/chart/entity/EntityCollection;
	Line Number: 1318
	Mutator Name: NonVoidMethodCallRemovalMutator
	Mutator Description: the call to java.awt.geom.Rectangle2D::getWidth()D is replaced with the used of default value 0.D
	Suspiciousness Value: 0.277350
	Rank: 164
---------------------------------------------------
165.
	Class Name: org.jfree.chart.JFreeChart
	Method Name: drawTitle
	Method Descriptor: (Lorg/jfree/chart/title/Title;Ljava/awt/Graphics2D;Ljava/awt/geom/Rectangle2D;Z)Lorg/jfree/chart/entity/EntityCollection;
	Line Number: 1318
	Mutator Name: LocalNameMutator
	Mutator Description: local area is replaced by local titleArea to be used
	Suspiciousness Value: 0.277350
	Rank: 165
---------------------------------------------------
166.
	Class Name: org.jfree.chart.JFreeChart
	Method Name: drawTitle
	Method Descriptor: (Lorg/jfree/chart/title/Title;Ljava/awt/Graphics2D;Ljava/awt/geom/Rectangle2D;Z)Lorg/jfree/chart/entity/EntityCollection;
	Line Number: 1318
	Mutator Name: FieldToLocalAccessMutator
	Mutator Description: access to field height is replaced by access to local hh
	Suspiciousness Value: 0.277350
	Rank: 167
---------------------------------------------------
167.
	Class Name: org.jfree.chart.JFreeChart
	Method Name: drawTitle
	Method Descriptor: (Lorg/jfree/chart/title/Title;Ljava/awt/Graphics2D;Ljava/awt/geom/Rectangle2D;Z)Lorg/jfree/chart/entity/EntityCollection;
	Line Number: 1318
	Mutator Name: FieldToLocalAccessMutator
	Mutator Description: access to field height is replaced by access to local ww
	Suspiciousness Value: 0.277350
	Rank: 167
---------------------------------------------------
168.
	Class Name: org.jfree.chart.util.RectangleInsets
	Method Name: trim
	Method Descriptor: (Ljava/awt/geom/Rectangle2D;)V
	Line Number: 526
	Mutator Name: NonVoidMethodCallRemovalMutator
	Mutator Description: the call to org.jfree.chart.util.RectangleInsets::calculateTopInset(D)D is replaced with the used of local w
	Suspiciousness Value: 0.274721
	Rank: 175
---------------------------------------------------
169.
	Class Name: org.jfree.chart.util.RectangleInsets
	Method Name: trim
	Method Descriptor: (Ljava/awt/geom/Rectangle2D;)V
	Line Number: 522
	Mutator Name: NonVoidMethodCallRemovalMutator
	Mutator Description: the call to java.awt.geom.Rectangle2D::getWidth()D is replaced with the used of field top
	Suspiciousness Value: 0.274721
	Rank: 175
---------------------------------------------------
170.
	Class Name: org.jfree.chart.util.RectangleInsets
	Method Name: trim
	Method Descriptor: (Ljava/awt/geom/Rectangle2D;)V
	Line Number: 527
	Mutator Name: NonVoidMethodCallRemovalMutator
	Mutator Description: the call to org.jfree.chart.util.RectangleInsets::calculateBottomInset(D)D is replaced with the used of local w
	Suspiciousness Value: 0.274721
	Rank: 175
---------------------------------------------------
171.
	Class Name: org.jfree.chart.util.RectangleInsets
	Method Name: trim
	Method Descriptor: (Ljava/awt/geom/Rectangle2D;)V
	Line Number: 524
	Mutator Name: NonVoidMethodCallRemovalMutator
	Mutator Description: the call to org.jfree.chart.util.RectangleInsets::calculateLeftInset(D)D is replaced with the used of local w
	Suspiciousness Value: 0.274721
	Rank: 175
---------------------------------------------------
172.
	Class Name: org.jfree.chart.util.RectangleInsets
	Method Name: trim
	Method Descriptor: (Ljava/awt/geom/Rectangle2D;)V
	Line Number: 523
	Mutator Name: NonVoidMethodCallRemovalMutator
	Mutator Description: the call to java.awt.geom.Rectangle2D::getHeight()D is replaced with the used of default value 0.D
	Suspiciousness Value: 0.274721
	Rank: 175
---------------------------------------------------
173.
	Class Name: org.jfree.chart.util.RectangleInsets
	Method Name: trim
	Method Descriptor: (Ljava/awt/geom/Rectangle2D;)V
	Line Number: 525
	Mutator Name: NonVoidMethodCallRemovalMutator
	Mutator Description: the call to org.jfree.chart.util.RectangleInsets::calculateRightInset(D)D is replaced with the used of local w
	Suspiciousness Value: 0.274721
	Rank: 175
---------------------------------------------------
174.
	Class Name: org.jfree.chart.util.RectangleInsets
	Method Name: trim
	Method Descriptor: (Ljava/awt/geom/Rectangle2D;)V
	Line Number: 522
	Mutator Name: NonVoidMethodCallRemovalMutator
	Mutator Description: the call to java.awt.geom.Rectangle2D::getWidth()D is replaced with the used of default value 0.D
	Suspiciousness Value: 0.274721
	Rank: 175
---------------------------------------------------
175.
	Class Name: org.jfree.chart.util.RectangleInsets
	Method Name: trim
	Method Descriptor: (Ljava/awt/geom/Rectangle2D;)V
	Line Number: 523
	Mutator Name: NonVoidMethodCallRemovalMutator
	Mutator Description: the call to java.awt.geom.Rectangle2D::getHeight()D is replaced with the used of field top
	Suspiciousness Value: 0.274721
	Rank: 175
---------------------------------------------------
176.
	Class Name: org.jfree.chart.util.RectangleInsets
	Method Name: trim
	Method Descriptor: (Ljava/awt/geom/Rectangle2D;)V
	Line Number: 526
	Mutator Name: ArgumentPropagationMutator
	Mutator Description: replaced call to org/jfree/chart/util/RectangleInsets::calculateTopInset with argument
	Suspiciousness Value: 0.274721
	Rank: 179
---------------------------------------------------
177.
	Class Name: org.jfree.chart.util.RectangleInsets
	Method Name: trim
	Method Descriptor: (Ljava/awt/geom/Rectangle2D;)V
	Line Number: 527
	Mutator Name: ArgumentPropagationMutator
	Mutator Description: replaced call to org/jfree/chart/util/RectangleInsets::calculateBottomInset with argument
	Suspiciousness Value: 0.274721
	Rank: 179
---------------------------------------------------
178.
	Class Name: org.jfree.chart.util.RectangleInsets
	Method Name: trim
	Method Descriptor: (Ljava/awt/geom/Rectangle2D;)V
	Line Number: 525
	Mutator Name: ArgumentPropagationMutator
	Mutator Description: replaced call to org/jfree/chart/util/RectangleInsets::calculateRightInset with argument
	Suspiciousness Value: 0.274721
	Rank: 179
---------------------------------------------------
179.
	Class Name: org.jfree.chart.util.RectangleInsets
	Method Name: trim
	Method Descriptor: (Ljava/awt/geom/Rectangle2D;)V
	Line Number: 524
	Mutator Name: ArgumentPropagationMutator
	Mutator Description: replaced call to org/jfree/chart/util/RectangleInsets::calculateLeftInset with argument
	Suspiciousness Value: 0.274721
	Rank: 179
---------------------------------------------------
180.
	Class Name: org.jfree.chart.util.RectangleInsets
	Method Name: trim
	Method Descriptor: (Ljava/awt/geom/Rectangle2D;)V
	Line Number: 528
	Mutator Name: LocalNameMutator
	Mutator Description: local h is replaced by local t to be used
	Suspiciousness Value: 0.274721
	Rank: 195
---------------------------------------------------
181.
	Class Name: org.jfree.chart.util.RectangleInsets
	Method Name: trim
	Method Descriptor: (Ljava/awt/geom/Rectangle2D;)V
	Line Number: 528
	Mutator Name: LocalNameMutator
	Mutator Description: local r is replaced by local w to be used
	Suspiciousness Value: 0.274721
	Rank: 195
---------------------------------------------------
182.
	Class Name: org.jfree.chart.util.RectangleInsets
	Method Name: trim
	Method Descriptor: (Ljava/awt/geom/Rectangle2D;)V
	Line Number: 528
	Mutator Name: LocalNameMutator
	Mutator Description: local w is replaced by local l to be used
	Suspiciousness Value: 0.274721
	Rank: 195
---------------------------------------------------
183.
	Class Name: org.jfree.chart.util.RectangleInsets
	Method Name: trim
	Method Descriptor: (Ljava/awt/geom/Rectangle2D;)V
	Line Number: 528
	Mutator Name: LocalNameMutator
	Mutator Description: local t is replaced by local w to be used
	Suspiciousness Value: 0.274721
	Rank: 195
---------------------------------------------------
184.
	Class Name: org.jfree.chart.util.RectangleInsets
	Method Name: trim
	Method Descriptor: (Ljava/awt/geom/Rectangle2D;)V
	Line Number: 528
	Mutator Name: LocalNameMutator
	Mutator Description: local h is replaced by local l to be used
	Suspiciousness Value: 0.274721
	Rank: 195
---------------------------------------------------
185.
	Class Name: org.jfree.chart.util.RectangleInsets
	Method Name: trim
	Method Descriptor: (Ljava/awt/geom/Rectangle2D;)V
	Line Number: 528
	Mutator Name: LocalNameMutator
	Mutator Description: local b is replaced by local h to be used
	Suspiciousness Value: 0.274721
	Rank: 195
---------------------------------------------------
186.
	Class Name: org.jfree.chart.util.RectangleInsets
	Method Name: trim
	Method Descriptor: (Ljava/awt/geom/Rectangle2D;)V
	Line Number: 528
	Mutator Name: LocalNameMutator
	Mutator Description: local l is replaced by local w to be used
	Suspiciousness Value: 0.274721
	Rank: 195
---------------------------------------------------
187.
	Class Name: org.jfree.chart.util.RectangleInsets
	Method Name: trim
	Method Descriptor: (Ljava/awt/geom/Rectangle2D;)V
	Line Number: 528
	Mutator Name: LocalNameMutator
	Mutator Description: local b is replaced by local w to be used
	Suspiciousness Value: 0.274721
	Rank: 195
---------------------------------------------------
188.
	Class Name: org.jfree.chart.util.RectangleInsets
	Method Name: trim
	Method Descriptor: (Ljava/awt/geom/Rectangle2D;)V
	Line Number: 528
	Mutator Name: LocalNameMutator
	Mutator Description: local h is replaced by local r to be used
	Suspiciousness Value: 0.274721
	Rank: 195
---------------------------------------------------
189.
	Class Name: org.jfree.chart.util.RectangleInsets
	Method Name: trim
	Method Descriptor: (Ljava/awt/geom/Rectangle2D;)V
	Line Number: 528
	Mutator Name: LocalNameMutator
	Mutator Description: local w is replaced by local b to be used
	Suspiciousness Value: 0.274721
	Rank: 195
---------------------------------------------------
190.
	Class Name: org.jfree.chart.JFreeChart
	Method Name: draw
	Method Descriptor: (Ljava/awt/Graphics2D;Ljava/awt/geom/Rectangle2D;Ljava/awt/geom/Point2D;Lorg/jfree/chart/ChartRenderingInfo;)V
	Line Number: 1187
	Mutator Name: LocalNameMutator
	Mutator Description: local nonTitleArea is replaced by local chartArea to be used
	Suspiciousness Value: 0.274721
	Rank: 195
---------------------------------------------------
191.
	Class Name: org.jfree.chart.util.RectangleInsets
	Method Name: trim
	Method Descriptor: (Ljava/awt/geom/Rectangle2D;)V
	Line Number: 528
	Mutator Name: LocalNameMutator
	Mutator Description: local t is replaced by local h to be used
	Suspiciousness Value: 0.274721
	Rank: 195
---------------------------------------------------
192.
	Class Name: org.jfree.chart.util.RectangleInsets
	Method Name: trim
	Method Descriptor: (Ljava/awt/geom/Rectangle2D;)V
	Line Number: 528
	Mutator Name: LocalNameMutator
	Mutator Description: local w is replaced by local t to be used
	Suspiciousness Value: 0.274721
	Rank: 195
---------------------------------------------------
193.
	Class Name: org.jfree.chart.JFreeChart
	Method Name: draw
	Method Descriptor: (Ljava/awt/Graphics2D;Ljava/awt/geom/Rectangle2D;Ljava/awt/geom/Point2D;Lorg/jfree/chart/ChartRenderingInfo;)V
	Line Number: 1187
	Mutator Name: LocalNameMutator
	Mutator Description: local chartArea is replaced by local nonTitleArea to be used
	Suspiciousness Value: 0.274721
	Rank: 195
---------------------------------------------------
194.
	Class Name: org.jfree.chart.util.RectangleInsets
	Method Name: trim
	Method Descriptor: (Ljava/awt/geom/Rectangle2D;)V
	Line Number: 528
	Mutator Name: LocalNameMutator
	Mutator Description: local w is replaced by local r to be used
	Suspiciousness Value: 0.274721
	Rank: 195
---------------------------------------------------
195.
	Class Name: org.jfree.chart.util.RectangleInsets
	Method Name: trim
	Method Descriptor: (Ljava/awt/geom/Rectangle2D;)V
	Line Number: 528
	Mutator Name: LocalNameMutator
	Mutator Description: local h is replaced by local b to be used
	Suspiciousness Value: 0.274721
	Rank: 195
---------------------------------------------------
196.
	Class Name: org.jfree.chart.JFreeChart
	Method Name: draw
	Method Descriptor: (Ljava/awt/Graphics2D;Ljava/awt/geom/Rectangle2D;Ljava/awt/geom/Point2D;Lorg/jfree/chart/ChartRenderingInfo;)V
	Line Number: 1219
	Mutator Name: VoidMethodCallMutator
	Mutator Description: removed call to org/jfree/chart/plot/Plot::draw
	Suspiciousness Value: 0.274721
	Rank: 197
---------------------------------------------------
197.
	Class Name: org.jfree.chart.JFreeChart
	Method Name: draw
	Method Descriptor: (Ljava/awt/Graphics2D;Ljava/awt/geom/Rectangle2D;Ljava/awt/geom/Point2D;Lorg/jfree/chart/ChartRenderingInfo;)V
	Line Number: 1187
	Mutator Name: VoidMethodCallMutator
	Mutator Description: removed call to java/awt/geom/Rectangle2D::setRect
	Suspiciousness Value: 0.274721
	Rank: 197
---------------------------------------------------
198.
	Class Name: org.jfree.chart.util.RectangleInsets
	Method Name: trim
	Method Descriptor: (Ljava/awt/geom/Rectangle2D;)V
	Line Number: 528
	Mutator Name: LocalToFieldAccessMutator
	Mutator Description: access to local h is replaced by access to field bottom
	Suspiciousness Value: 0.274721
	Rank: 205
---------------------------------------------------
199.
	Class Name: org.jfree.chart.util.RectangleInsets
	Method Name: trim
	Method Descriptor: (Ljava/awt/geom/Rectangle2D;)V
	Line Number: 528
	Mutator Name: LocalToFieldAccessMutator
	Mutator Description: access to local w is replaced by access to field bottom
	Suspiciousness Value: 0.274721
	Rank: 205
---------------------------------------------------
200.
	Class Name: org.jfree.chart.util.RectangleInsets
	Method Name: trim
	Method Descriptor: (Ljava/awt/geom/Rectangle2D;)V
	Line Number: 528
	Mutator Name: LocalToFieldAccessMutator
	Mutator Description: access to local h is replaced by access to field right
	Suspiciousness Value: 0.274721
	Rank: 205
---------------------------------------------------
201.
	Class Name: org.jfree.chart.util.RectangleInsets
	Method Name: trim
	Method Descriptor: (Ljava/awt/geom/Rectangle2D;)V
	Line Number: 528
	Mutator Name: LocalToFieldAccessMutator
	Mutator Description: access to local h is replaced by access to field top
	Suspiciousness Value: 0.274721
	Rank: 205
---------------------------------------------------
202.
	Class Name: org.jfree.chart.util.RectangleInsets
	Method Name: trim
	Method Descriptor: (Ljava/awt/geom/Rectangle2D;)V
	Line Number: 528
	Mutator Name: LocalToFieldAccessMutator
	Mutator Description: access to local h is replaced by access to field left
	Suspiciousness Value: 0.274721
	Rank: 205
---------------------------------------------------
203.
	Class Name: org.jfree.chart.util.RectangleInsets
	Method Name: trim
	Method Descriptor: (Ljava/awt/geom/Rectangle2D;)V
	Line Number: 528
	Mutator Name: LocalToFieldAccessMutator
	Mutator Description: access to local w is replaced by access to field right
	Suspiciousness Value: 0.274721
	Rank: 205
---------------------------------------------------
204.
	Class Name: org.jfree.chart.util.RectangleInsets
	Method Name: trim
	Method Descriptor: (Ljava/awt/geom/Rectangle2D;)V
	Line Number: 528
	Mutator Name: LocalToFieldAccessMutator
	Mutator Description: access to local w is replaced by access to field top
	Suspiciousness Value: 0.274721
	Rank: 205
---------------------------------------------------
205.
	Class Name: org.jfree.chart.util.RectangleInsets
	Method Name: trim
	Method Descriptor: (Ljava/awt/geom/Rectangle2D;)V
	Line Number: 528
	Mutator Name: LocalToFieldAccessMutator
	Mutator Description: access to local w is replaced by access to field left
	Suspiciousness Value: 0.274721
	Rank: 205
---------------------------------------------------
206.
	Class Name: org.jfree.chart.JFreeChart
	Method Name: draw
	Method Descriptor: (Ljava/awt/Graphics2D;Ljava/awt/geom/Rectangle2D;Ljava/awt/geom/Point2D;Lorg/jfree/chart/ChartRenderingInfo;)V
	Line Number: 1187
	Mutator Name: ArgumentsListMutator
	Mutator Description: replaced call to setRect(Ljava/awt/geom/Rectangle2D;)V with a call to setRect(DDDD)V
	Suspiciousness Value: 0.274721
	Rank: 206
---------------------------------------------------
207.
	Class Name: org.jfree.chart.util.RectangleInsets
	Method Name: trim
	Method Descriptor: (Ljava/awt/geom/Rectangle2D;)V
	Line Number: 527
	Mutator Name: MethodNameMutator
	Mutator Description: replaced call to calculateBottomInset with a call to extendWidth
	Suspiciousness Value: 0.274721
	Rank: 218
---------------------------------------------------
208.
	Class Name: org.jfree.chart.util.RectangleInsets
	Method Name: trim
	Method Descriptor: (Ljava/awt/geom/Rectangle2D;)V
	Line Number: 526
	Mutator Name: MethodNameMutator
	Mutator Description: replaced call to calculateTopInset with a call to trimHeight
	Suspiciousness Value: 0.274721
	Rank: 218
---------------------------------------------------
209.
	Class Name: org.jfree.chart.util.RectangleInsets
	Method Name: trim
	Method Descriptor: (Ljava/awt/geom/Rectangle2D;)V
	Line Number: 525
	Mutator Name: MethodNameMutator
	Mutator Description: replaced call to calculateRightInset with a call to extendWidth
	Suspiciousness Value: 0.274721
	Rank: 218
---------------------------------------------------
210.
	Class Name: org.jfree.chart.util.RectangleInsets
	Method Name: trim
	Method Descriptor: (Ljava/awt/geom/Rectangle2D;)V
	Line Number: 524
	Mutator Name: MethodNameMutator
	Mutator Description: replaced call to calculateLeftInset with a call to extendWidth
	Suspiciousness Value: 0.274721
	Rank: 218
---------------------------------------------------
211.
	Class Name: org.jfree.chart.util.RectangleInsets
	Method Name: trim
	Method Descriptor: (Ljava/awt/geom/Rectangle2D;)V
	Line Number: 527
	Mutator Name: MethodNameMutator
	Mutator Description: replaced call to calculateBottomInset with a call to trimWidth
	Suspiciousness Value: 0.274721
	Rank: 218
---------------------------------------------------
212.
	Class Name: org.jfree.chart.util.RectangleInsets
	Method Name: trim
	Method Descriptor: (Ljava/awt/geom/Rectangle2D;)V
	Line Number: 524
	Mutator Name: MethodNameMutator
	Mutator Description: replaced call to calculateLeftInset with a call to trimWidth
	Suspiciousness Value: 0.274721
	Rank: 218
---------------------------------------------------
213.
	Class Name: org.jfree.chart.util.RectangleInsets
	Method Name: trim
	Method Descriptor: (Ljava/awt/geom/Rectangle2D;)V
	Line Number: 526
	Mutator Name: MethodNameMutator
	Mutator Description: replaced call to calculateTopInset with a call to extendWidth
	Suspiciousness Value: 0.274721
	Rank: 218
---------------------------------------------------
214.
	Class Name: org.jfree.chart.util.RectangleInsets
	Method Name: trim
	Method Descriptor: (Ljava/awt/geom/Rectangle2D;)V
	Line Number: 526
	Mutator Name: MethodNameMutator
	Mutator Description: replaced call to calculateTopInset with a call to trimWidth
	Suspiciousness Value: 0.274721
	Rank: 218
---------------------------------------------------
215.
	Class Name: org.jfree.chart.util.RectangleInsets
	Method Name: trim
	Method Descriptor: (Ljava/awt/geom/Rectangle2D;)V
	Line Number: 525
	Mutator Name: MethodNameMutator
	Mutator Description: replaced call to calculateRightInset with a call to trimHeight
	Suspiciousness Value: 0.274721
	Rank: 218
---------------------------------------------------
216.
	Class Name: org.jfree.chart.util.RectangleInsets
	Method Name: trim
	Method Descriptor: (Ljava/awt/geom/Rectangle2D;)V
	Line Number: 525
	Mutator Name: MethodNameMutator
	Mutator Description: replaced call to calculateRightInset with a call to trimWidth
	Suspiciousness Value: 0.274721
	Rank: 218
---------------------------------------------------
217.
	Class Name: org.jfree.chart.util.RectangleInsets
	Method Name: trim
	Method Descriptor: (Ljava/awt/geom/Rectangle2D;)V
	Line Number: 527
	Mutator Name: MethodNameMutator
	Mutator Description: replaced call to calculateBottomInset with a call to trimHeight
	Suspiciousness Value: 0.274721
	Rank: 218
---------------------------------------------------
218.
	Class Name: org.jfree.chart.util.RectangleInsets
	Method Name: trim
	Method Descriptor: (Ljava/awt/geom/Rectangle2D;)V
	Line Number: 524
	Mutator Name: MethodNameMutator
	Mutator Description: replaced call to calculateLeftInset with a call to trimHeight
	Suspiciousness Value: 0.274721
	Rank: 218
---------------------------------------------------
219.
	Class Name: org.jfree.chart.JFreeChart
	Method Name: draw
	Method Descriptor: (Ljava/awt/Graphics2D;Ljava/awt/geom/Rectangle2D;Ljava/awt/geom/Point2D;Lorg/jfree/chart/ChartRenderingInfo;)V
	Line Number: 1187
	Mutator Name: LocalToMethodCallMutator
	Mutator Description: the access to the local nonTitleArea is replaced a call nonTitleArea.getBounds2D()
	Suspiciousness Value: 0.274721
	Rank: 219
---------------------------------------------------
220.
	Class Name: org.jfree.chart.util.RectangleInsets
	Method Name: calculateRightInset
	Method Descriptor: (D)D
	Line Number: 452
	Mutator Name: LocalNameMutator
	Mutator Description: local result is replaced by local width to be used
	Suspiciousness Value: 0.272166
	Rank: 223
---------------------------------------------------
221.
	Class Name: org.jfree.chart.util.RectangleInsets
	Method Name: calculateLeftInset
	Method Descriptor: (D)D
	Line Number: 422
	Mutator Name: LocalNameMutator
	Mutator Description: local result is replaced by local width to be used
	Suspiciousness Value: 0.272166
	Rank: 223
---------------------------------------------------
222.
	Class Name: org.jfree.chart.util.RectangleInsets
	Method Name: calculateBottomInset
	Method Descriptor: (D)D
	Line Number: 392
	Mutator Name: LocalNameMutator
	Mutator Description: local result is replaced by local height to be used
	Suspiciousness Value: 0.272166
	Rank: 223
---------------------------------------------------
223.
	Class Name: org.jfree.chart.util.RectangleInsets
	Method Name: calculateTopInset
	Method Descriptor: (D)D
	Line Number: 362
	Mutator Name: LocalNameMutator
	Mutator Description: local result is replaced by local height to be used
	Suspiciousness Value: 0.272166
	Rank: 223
---------------------------------------------------
224.
	Class Name: org.jfree.chart.util.RectangleInsets
	Method Name: calculateTopInset
	Method Descriptor: (D)D
	Line Number: 358
	Mutator Name: FieldToLocalAccessMutator
	Mutator Description: access to field top is replaced by access to local height
	Suspiciousness Value: 0.272166
	Rank: 227
---------------------------------------------------
225.
	Class Name: org.jfree.chart.util.RectangleInsets
	Method Name: calculateRightInset
	Method Descriptor: (D)D
	Line Number: 448
	Mutator Name: FieldToLocalAccessMutator
	Mutator Description: access to field right is replaced by access to local width
	Suspiciousness Value: 0.272166
	Rank: 227
---------------------------------------------------
226.
	Class Name: org.jfree.chart.util.RectangleInsets
	Method Name: calculateBottomInset
	Method Descriptor: (D)D
	Line Number: 388
	Mutator Name: FieldToLocalAccessMutator
	Mutator Description: access to field bottom is replaced by access to local height
	Suspiciousness Value: 0.272166
	Rank: 227
---------------------------------------------------
227.
	Class Name: org.jfree.chart.util.RectangleInsets
	Method Name: calculateLeftInset
	Method Descriptor: (D)D
	Line Number: 418
	Mutator Name: FieldToLocalAccessMutator
	Mutator Description: access to field left is replaced by access to local width
	Suspiciousness Value: 0.272166
	Rank: 227
---------------------------------------------------
