PraPR Fix Report - Thu Apr 04 22:24:12 CDT 2019
Number of Plausible Fixes: 2
Total Number of Patches: 12452
===================================================
1.
	Class Name: org.apache.commons.math3.optimization.direct.CMAESOptimizer
	Method Name: <init>
	Method Descriptor: ()V
	Line Number: 246
	Mutator Name: ArgumentsListMutator
	Mutator Description: replaced call to <init>(I)V with a call to <init>(I[DIDZIILorg/apache/commons/math3/random/RandomGenerator;ZLorg/apache/commons/math3/optimization/ConvergenceChecker;)V
	Suspiciousness Value: 0.577350
	Rank: 2
---------------------------------------------------
2.
	Class Name: org.apache.commons.math3.optimization.direct.CMAESOptimizer
	Method Name: <init>
	Method Descriptor: ()V
	Line Number: 246
	Mutator Name: ArgumentsListMutator
	Mutator Description: replaced call to <init>(I)V with a call to <init>(I[DIDZIILorg/apache/commons/math3/random/RandomGenerator;Z)V
	Suspiciousness Value: 0.577350
	Rank: 2
---------------------------------------------------
