PraPR Fix Report - Thu Apr 04 22:24:16 CDT 2019
Number of Plausible Fixes: 9
Total Number of Patches: 1325
===================================================
1.
	Class Name: org.apache.commons.math3.distribution.HypergeometricDistribution
	Method Name: getNumericalMean
	Method Descriptor: ()D
	Line Number: 268
	Mutator Name: MethodNameMutator
	Mutator Description: replaced call to getNumberOfSuccesses with a call to getSupportUpperBound
	Suspiciousness Value: 0.229416
	Rank: 1
---------------------------------------------------
2.
	Class Name: org.apache.commons.math3.distribution.AbstractIntegerDistribution
	Method Name: inverseCumulativeProbability
	Method Descriptor: (D)I
	Line Number: 137
	Mutator Name: NegateConditionalsMutator
	Mutator Description: negated conditional
	Suspiciousness Value: 0.125988
	Rank: 2
---------------------------------------------------
3.
	Class Name: org.apache.commons.math3.distribution.AbstractIntegerDistribution
	Method Name: inverseCumulativeProbability
	Method Descriptor: (D)I
	Line Number: 137
	Mutator Name: RemoveConditionalMutator_ORDER_ELSE
	Mutator Description: removed conditional - replaced comparison check with false
	Suspiciousness Value: 0.125988
	Rank: 3
---------------------------------------------------
4.
	Class Name: org.apache.commons.math3.distribution.AbstractIntegerDistribution
	Method Name: inverseCumulativeProbability
	Method Descriptor: (D)I
	Line Number: 127
	Mutator Name: RemoveConditionalMutator_EQUAL_ELSE
	Mutator Description: removed conditional - replaced equality check with false
	Suspiciousness Value: 0.119523
	Rank: 5
---------------------------------------------------
5.
	Class Name: org.apache.commons.math3.distribution.AbstractIntegerDistribution
	Method Name: inverseCumulativeProbability
	Method Descriptor: (D)I
	Line Number: 129
	Mutator Name: RemoveConditionalMutator_EQUAL_ELSE
	Mutator Description: removed conditional - replaced equality check with false
	Suspiciousness Value: 0.119523
	Rank: 5
---------------------------------------------------
6.
	Class Name: org.apache.commons.math3.distribution.AbstractIntegerDistribution
	Method Name: inverseCumulativeProbability
	Method Descriptor: (D)I
	Line Number: 127
	Mutator Name: NegateConditionalsMutator
	Mutator Description: negated conditional
	Suspiciousness Value: 0.119523
	Rank: 6
---------------------------------------------------
7.
	Class Name: org.apache.commons.math3.distribution.AbstractIntegerDistribution
	Method Name: inverseCumulativeProbability
	Method Descriptor: (D)I
	Line Number: 126
	Mutator Name: NonVoidMethodCallRemovalMutator
	Mutator Description: the call to org.apache.commons.math3.distribution.AbstractIntegerDistribution::getNumericalVariance()D is replaced with the used of default value 0.D
	Suspiciousness Value: 0.119523
	Rank: 8
---------------------------------------------------
8.
	Class Name: org.apache.commons.math3.distribution.AbstractIntegerDistribution
	Method Name: inverseCumulativeProbability
	Method Descriptor: (D)I
	Line Number: 126
	Mutator Name: NonVoidMethodCallRemovalMutator
	Mutator Description: the call to org.apache.commons.math3.util.FastMath::sqrt(D)D is replaced with the used of default value 0.D
	Suspiciousness Value: 0.119523
	Rank: 8
---------------------------------------------------
9.
	Class Name: org.apache.commons.math3.distribution.AbstractIntegerDistribution
	Method Name: inverseCumulativeProbability
	Method Descriptor: (D)I
	Line Number: 127
	Mutator Name: InlineConstantMutator
	Mutator Description: Substituted 1 with 0
	Suspiciousness Value: 0.119523
	Rank: 9
---------------------------------------------------
