PraPR Fix Report - Thu Apr 04 22:24:20 CDT 2019
Number of Plausible Fixes: 33
Total Number of Patches: 11630
===================================================
1.
	Class Name: org.apache.commons.math3.optimization.direct.CMAESOptimizer
	Method Name: <init>
	Method Descriptor: ()V
	Line Number: 240
	Mutator Name: ArgumentsListMutator
	Mutator Description: replaced call to <init>(I)V with a call to <init>(I[DIDZIILorg/apache/commons/math3/random/RandomGenerator;ZLorg/apache/commons/math3/optimization/ConvergenceChecker;)V
	Suspiciousness Value: 1.000000
	Rank: 2
---------------------------------------------------
2.
	Class Name: org.apache.commons.math3.optimization.direct.CMAESOptimizer
	Method Name: <init>
	Method Descriptor: ()V
	Line Number: 240
	Mutator Name: ArgumentsListMutator
	Mutator Description: replaced call to <init>(I)V with a call to <init>(I[DIDZIILorg/apache/commons/math3/random/RandomGenerator;Z)V
	Suspiciousness Value: 1.000000
	Rank: 2
---------------------------------------------------
3.
	Class Name: org.apache.commons.math3.optimization.direct.CMAESOptimizer$FitnessFunction
	Method Name: repair
	Method Descriptor: ([D)[D
	Line Number: 995
	Mutator Name: InlineConstantMutator
	Mutator Description: Substituted 1.0 with 2.0
	Suspiciousness Value: 0.707107
	Rank: 3
---------------------------------------------------
4.
	Class Name: org.apache.commons.math3.optimization.direct.CMAESOptimizer$FitnessFunction
	Method Name: repair
	Method Descriptor: ([D)[D
	Line Number: 995
	Mutator Name: LocalNameMutator
	Mutator Description: local repaired is replaced by local x to be used
	Suspiciousness Value: 0.707107
	Rank: 4
---------------------------------------------------
5.
	Class Name: org.apache.commons.math3.optimization.direct.CMAESOptimizer$FitnessFunction
	Method Name: penalty
	Method Descriptor: ([D[D)D
	Line Number: 1012
	Mutator Name: MathMutator
	Mutator Description: Replaced double multiplication with division
	Suspiciousness Value: 0.577350
	Rank: 6
---------------------------------------------------
6.
	Class Name: org.apache.commons.math3.optimization.direct.CMAESOptimizer$FitnessFunction
	Method Name: encode
	Method Descriptor: ([D)[D
	Line Number: 911
	Mutator Name: MathMutator
	Mutator Description: Replaced double subtraction with addition
	Suspiciousness Value: 0.577350
	Rank: 6
---------------------------------------------------
7.
	Class Name: org.apache.commons.math3.optimization.direct.CMAESOptimizer$FitnessFunction
	Method Name: encode
	Method Descriptor: ([D)[D
	Line Number: 911
	Mutator Name: InlineConstantMutator
	Mutator Description: Substituted 0 with 1
	Suspiciousness Value: 0.577350
	Rank: 7
---------------------------------------------------
8.
	Class Name: org.apache.commons.math3.optimization.direct.CMAESOptimizer$FitnessFunction
	Method Name: encode
	Method Descriptor: ([D)[D
	Line Number: 909
	Mutator Name: RemoveConditionalMutator_ORDER_ELSE
	Mutator Description: removed conditional - replaced comparison check with false
	Suspiciousness Value: 0.577350
	Rank: 8
---------------------------------------------------
9.
	Class Name: org.apache.commons.math3.optimization.direct.CMAESOptimizer$FitnessFunction
	Method Name: encode
	Method Descriptor: ([D)[D
	Line Number: 913
	Mutator Name: LocalNameMutator
	Mutator Description: local res is replaced by local x to be used
	Suspiciousness Value: 0.577350
	Rank: 10
---------------------------------------------------
10.
	Class Name: org.apache.commons.math3.optimization.direct.CMAESOptimizer$FitnessFunction
	Method Name: encode
	Method Descriptor: ([D)[D
	Line Number: 911
	Mutator Name: LocalNameMutator
	Mutator Description: local res is replaced by local x to be used
	Suspiciousness Value: 0.577350
	Rank: 10
---------------------------------------------------
11.
	Class Name: org.apache.commons.math3.optimization.direct.CMAESOptimizer
	Method Name: sumRows
	Method Descriptor: (Lorg/apache/commons/math3/linear/RealMatrix;)Lorg/apache/commons/math3/linear/RealMatrix;
	Line Number: 1132
	Mutator Name: InlineConstantMutator
	Mutator Description: Substituted 0 with 1
	Suspiciousness Value: 0.258199
	Rank: 11
---------------------------------------------------
12.
	Class Name: org.apache.commons.math3.optimization.direct.CMAESOptimizer
	Method Name: initializeCMA
	Method Descriptor: ([D)V
	Line Number: 575
	Mutator Name: MathMutator
	Mutator Description: Replaced double multiplication with division
	Suspiciousness Value: 0.250000
	Rank: 16
---------------------------------------------------
13.
	Class Name: org.apache.commons.math3.optimization.direct.CMAESOptimizer
	Method Name: initializeCMA
	Method Descriptor: ([D)V
	Line Number: 594
	Mutator Name: MathMutator
	Mutator Description: Replaced double addition with subtraction
	Suspiciousness Value: 0.250000
	Rank: 16
---------------------------------------------------
14.
	Class Name: org.apache.commons.math3.optimization.direct.CMAESOptimizer
	Method Name: initializeCMA
	Method Descriptor: ([D)V
	Line Number: 602
	Mutator Name: MathMutator
	Mutator Description: Replaced double addition with subtraction
	Suspiciousness Value: 0.250000
	Rank: 16
---------------------------------------------------
15.
	Class Name: org.apache.commons.math3.optimization.direct.CMAESOptimizer
	Method Name: initializeCMA
	Method Descriptor: ([D)V
	Line Number: 596
	Mutator Name: MathMutator
	Mutator Description: Replaced double addition with subtraction
	Suspiciousness Value: 0.250000
	Rank: 16
---------------------------------------------------
16.
	Class Name: org.apache.commons.math3.optimization.direct.CMAESOptimizer
	Method Name: initializeCMA
	Method Descriptor: ([D)V
	Line Number: 588
	Mutator Name: MathMutator
	Mutator Description: Replaced double multiplication with division
	Suspiciousness Value: 0.250000
	Rank: 16
---------------------------------------------------
17.
	Class Name: org.apache.commons.math3.optimization.direct.CMAESOptimizer
	Method Name: initializeCMA
	Method Descriptor: ([D)V
	Line Number: 571
	Mutator Name: ArgumentsListMutator
	Mutator Description: replaced call to max(Lorg/apache/commons/math3/linear/RealMatrix;)D with a call to max([D)D
	Suspiciousness Value: 0.250000
	Rank: 17
---------------------------------------------------
18.
	Class Name: org.apache.commons.math3.optimization.direct.CMAESOptimizer$FitnessFunction
	Method Name: encode
	Method Descriptor: ([D)[D
	Line Number: 905
	Mutator Name: RemoveConditionalMutator_EQUAL_IF
	Mutator Description: removed conditional - replaced equality check with true
	Suspiciousness Value: 0.250000
	Rank: 18
---------------------------------------------------
19.
	Class Name: org.apache.commons.math3.optimization.direct.CMAESOptimizer
	Method Name: max
	Method Descriptor: (Lorg/apache/commons/math3/linear/RealMatrix;)D
	Line Number: 1253
	Mutator Name: InlineConstantMutator
	Mutator Description: Substituted 0 with 1
	Suspiciousness Value: 0.250000
	Rank: 19
---------------------------------------------------
20.
	Class Name: org.apache.commons.math3.optimization.direct.CMAESOptimizer
	Method Name: log
	Method Descriptor: (Lorg/apache/commons/math3/linear/RealMatrix;)Lorg/apache/commons/math3/linear/RealMatrix;
	Line Number: 1028
	Mutator Name: MethodNameMutator
	Mutator Description: replaced call to log with a call to atan
	Suspiciousness Value: 0.250000
	Rank: 20
---------------------------------------------------
21.
	Class Name: org.apache.commons.math3.optimization.direct.CMAESOptimizer
	Method Name: initializeCMA
	Method Descriptor: ([D)V
	Line Number: 597
	Mutator Name: FieldToLocalAccessMutator
	Mutator Description: access to field mueff is replaced by access to local sumwq
	Suspiciousness Value: 0.250000
	Rank: 21
---------------------------------------------------
22.
	Class Name: org.apache.commons.math3.optimization.direct.CMAESOptimizer
	Method Name: initializeCMA
	Method Descriptor: ([D)V
	Line Number: 610
	Mutator Name: NonVoidMethodCallRemovalMutator
	Mutator Description: the call to org.apache.commons.math3.linear.MatrixUtils::createColumnRealMatrix([D)Lorg/apache/commons/math3/linear/RealMatrix; is replaced with the used of local insigma
	Suspiciousness Value: 0.250000
	Rank: 23
---------------------------------------------------
23.
	Class Name: org.apache.commons.math3.optimization.direct.CMAESOptimizer$FitnessFunction
	Method Name: encode
	Method Descriptor: ([D)[D
	Line Number: 905
	Mutator Name: NonVoidMethodCallRemovalMutator
	Mutator Description: the call to org.apache.commons.math3.optimization.direct.CMAESOptimizer::access$100(Lorg/apache/commons/math3/optimization/direct/CMAESOptimizer;)[[D is replaced with the used of default value null
	Suspiciousness Value: 0.250000
	Rank: 23
---------------------------------------------------
24.
	Class Name: org.apache.commons.math3.optimization.direct.CMAESOptimizer
	Method Name: initializeCMA
	Method Descriptor: ([D)V
	Line Number: 581
	Mutator Name: FieldNameMutator
	Mutator Description: replaced access to mu with an access to dimension
	Suspiciousness Value: 0.250000
	Rank: 25
---------------------------------------------------
25.
	Class Name: org.apache.commons.math3.optimization.direct.CMAESOptimizer
	Method Name: initializeCMA
	Method Descriptor: ([D)V
	Line Number: 597
	Mutator Name: FieldNameMutator
	Mutator Description: replaced access to mueff with an access to logMu2
	Suspiciousness Value: 0.250000
	Rank: 25
---------------------------------------------------
26.
	Class Name: org.apache.commons.math3.optimization.direct.CMAESOptimizer
	Method Name: doOptimize
	Method Descriptor: ()Lorg/apache/commons/math3/optimization/PointValuePair;
	Line Number: 415
	Mutator Name: LocalToFieldAccessMutator
	Mutator Description: access to local bestValue is replaced by access to field stopTolUpX
	Suspiciousness Value: 0.250000
	Rank: 27
---------------------------------------------------
27.
	Class Name: org.apache.commons.math3.optimization.direct.CMAESOptimizer
	Method Name: doOptimize
	Method Descriptor: ()Lorg/apache/commons/math3/optimization/PointValuePair;
	Line Number: 416
	Mutator Name: LocalToFieldAccessMutator
	Mutator Description: access to local bestFitness is replaced by access to field stopTolUpX
	Suspiciousness Value: 0.250000
	Rank: 27
---------------------------------------------------
28.
	Class Name: org.apache.commons.math3.optimization.direct.CMAESOptimizer
	Method Name: doOptimize
	Method Descriptor: ()Lorg/apache/commons/math3/optimization/PointValuePair;
	Line Number: 354
	Mutator Name: ArgumentPropagationMutator
	Mutator Description: replaced call to org/apache/commons/math3/optimization/direct/CMAESOptimizer$FitnessFunction::encode with argument
	Suspiciousness Value: 0.218218
	Rank: 28
---------------------------------------------------
29.
	Class Name: org.apache.commons.math3.optimization.direct.CMAESOptimizer
	Method Name: doOptimize
	Method Descriptor: ()Lorg/apache/commons/math3/optimization/PointValuePair;
	Line Number: 354
	Mutator Name: MethodNameMutator
	Mutator Description: replaced call to encode with a call to decode
	Suspiciousness Value: 0.218218
	Rank: 30
---------------------------------------------------
30.
	Class Name: org.apache.commons.math3.optimization.direct.CMAESOptimizer
	Method Name: doOptimize
	Method Descriptor: ()Lorg/apache/commons/math3/optimization/PointValuePair;
	Line Number: 354
	Mutator Name: MethodNameMutator
	Mutator Description: replaced call to encode with a call to repairAndDecode
	Suspiciousness Value: 0.218218
	Rank: 30
---------------------------------------------------
31.
	Class Name: org.apache.commons.math3.optimization.direct.CMAESOptimizer
	Method Name: <init>
	Method Descriptor: (I[DIDZIILorg/apache/commons/math3/random/RandomGenerator;Z)V
	Line Number: 282
	Mutator Name: LocalNameMutator
	Mutator Description: local checkFeasableCount is replaced by local maxIterations to be used
	Suspiciousness Value: 0.204124
	Rank: 32
---------------------------------------------------
32.
	Class Name: org.apache.commons.math3.optimization.direct.CMAESOptimizer
	Method Name: <init>
	Method Descriptor: (I[DIDZIILorg/apache/commons/math3/random/RandomGenerator;ZLorg/apache/commons/math3/optimization/ConvergenceChecker;)V
	Line Number: 314
	Mutator Name: LocalNameMutator
	Mutator Description: local checkFeasableCount is replaced by local maxIterations to be used
	Suspiciousness Value: 0.204124
	Rank: 32
---------------------------------------------------
33.
	Class Name: org.apache.commons.math3.util.FastMath
	Method Name: cos
	Method Descriptor: (D)D
	Line Number: 2293
	Mutator Name: ReturningMethodCallGuardMutator
	Mutator Description: the call to getK()I is guarded returning local xa
	Suspiciousness Value: 0.072357
	Rank: 33
---------------------------------------------------
