PraPR Fix Report - Thu Apr 04 22:24:48 CDT 2019
Number of Plausible Fixes: 3
Total Number of Patches: 1660
===================================================
1.
	Class Name: org.apache.commons.math.analysis.solvers.BracketingNthOrderBrentSolver
	Method Name: doSolve
	Method Descriptor: ()D
	Line Number: 297
	Mutator Name: LocalNameMutator
	Mutator Description: local signChangeIndex is replaced by local end to be used
	Suspiciousness Value: 0.235702
	Rank: 1
---------------------------------------------------
2.
	Class Name: org.apache.commons.math.analysis.solvers.BracketingNthOrderBrentSolver
	Method Name: doSolve
	Method Descriptor: ()D
	Line Number: 260
	Mutator Name: LocalToFieldAccessMutator
	Mutator Description: access to local signChangeIndex is replaced by access to field MAXIMAL_AGING
	Suspiciousness Value: 0.229416
	Rank: 2
---------------------------------------------------
3.
	Class Name: org.apache.commons.math.analysis.solvers.BracketingNthOrderBrentSolver
	Method Name: guessX
	Method Descriptor: (D[D[DII)D
	Line Number: 374
	Mutator Name: LocalToFieldAccessMutator
	Mutator Description: access to local end is replaced by access to field maximalOrder
	Suspiciousness Value: 0.200000
	Rank: 3
---------------------------------------------------
