PraPR Fix Report - Thu Apr 04 22:24:58 CDT 2019
Number of Plausible Fixes: 3
Total Number of Patches: 201
===================================================
1.
	Class Name: org.apache.commons.math3.complex.Complex
	Method Name: reciprocal
	Method Descriptor: ()Lorg/apache/commons/math3/complex/Complex;
	Line Number: 305
	Mutator Name: FieldNameMutator
	Mutator Description: replaced access to NaN with an access to INF
	Suspiciousness Value: 1.000000
	Rank: 1
---------------------------------------------------
2.
	Class Name: org.apache.commons.math3.complex.Complex
	Method Name: equals
	Method Descriptor: (Ljava/lang/Object;)Z
	Line Number: 345
	Mutator Name: LocalNameMutator
	Mutator Description: local c is replaced by local this to be used
	Suspiciousness Value: 0.149071
	Rank: 2
---------------------------------------------------
3.
	Class Name: org.apache.commons.math3.complex.Complex
	Method Name: equals
	Method Descriptor: (Ljava/lang/Object;)Z
	Line Number: 340
	Mutator Name: LocalToFieldAccessMutator
	Mutator Description: access to local this is replaced by access to field INF
	Suspiciousness Value: 0.125988
	Rank: 3
---------------------------------------------------
