PraPR Fix Report - Thu Apr 04 22:25:09 CDT 2019
Number of Plausible Fixes: 3
Total Number of Patches: 2310
===================================================
1.
	Class Name: org.apache.commons.math.optimization.univariate.MultiStartUnivariateRealOptimizer
	Method Name: optimize
	Method Descriptor: (Lorg/apache/commons/math/analysis/UnivariateRealFunction;Lorg/apache/commons/math/optimization/GoalType;DDD)Lorg/apache/commons/math/optimization/univariate/UnivariateRealPointValuePair;
	Line Number: 162
	Mutator Name: NonVoidMethodCallRemovalMutator
	Mutator Description: the call to org.apache.commons.math.util.FastMath::min(DD)D is replaced with the used of local min
	Suspiciousness Value: 0.707107
	Rank: 1
---------------------------------------------------
2.
	Class Name: org.apache.commons.math.optimization.univariate.MultiStartUnivariateRealOptimizer
	Method Name: optimize
	Method Descriptor: (Lorg/apache/commons/math/analysis/UnivariateRealFunction;Lorg/apache/commons/math/optimization/GoalType;DDD)Lorg/apache/commons/math/optimization/univariate/UnivariateRealPointValuePair;
	Line Number: 162
	Mutator Name: LocalNameMutator
	Mutator Description: local bound1 is replaced by local min to be used
	Suspiciousness Value: 0.707107
	Rank: 3
---------------------------------------------------
3.
	Class Name: org.apache.commons.math.optimization.univariate.MultiStartUnivariateRealOptimizer
	Method Name: optimize
	Method Descriptor: (Lorg/apache/commons/math/analysis/UnivariateRealFunction;Lorg/apache/commons/math/optimization/GoalType;DDD)Lorg/apache/commons/math/optimization/univariate/UnivariateRealPointValuePair;
	Line Number: 162
	Mutator Name: LocalNameMutator
	Mutator Description: local bound2 is replaced by local min to be used
	Suspiciousness Value: 0.707107
	Rank: 3
---------------------------------------------------
