PraPR Fix Report - Thu Apr 04 22:25:34 CDT 2019
Number of Plausible Fixes: 7
Total Number of Patches: 1086
===================================================
1.
	Class Name: org.apache.commons.math3.distribution.DiscreteDistribution
	Method Name: sample
	Method Descriptor: (I)[Ljava/lang/Object;
	Line Number: 189
	Mutator Name: RemoveConditionalMutator_ORDER_ELSE
	Mutator Description: removed conditional - replaced comparison check with false
	Suspiciousness Value: 1.000000
	Rank: 1
---------------------------------------------------
2.
	Class Name: org.apache.commons.math3.distribution.DiscreteDistribution
	Method Name: sample
	Method Descriptor: (I)[Ljava/lang/Object;
	Line Number: 189
	Mutator Name: NegateConditionalsMutator
	Mutator Description: negated conditional
	Suspiciousness Value: 1.000000
	Rank: 2
---------------------------------------------------
3.
	Class Name: org.apache.commons.math3.distribution.DiscreteDistribution
	Method Name: sample
	Method Descriptor: (I)[Ljava/lang/Object;
	Line Number: 189
	Mutator Name: InlineConstantMutator
	Mutator Description: Substituted 0 with 1
	Suspiciousness Value: 1.000000
	Rank: 4
---------------------------------------------------
4.
	Class Name: org.apache.commons.math3.distribution.DiscreteDistribution
	Method Name: sample
	Method Descriptor: (I)[Ljava/lang/Object;
	Line Number: 187
	Mutator Name: InlineConstantMutator
	Mutator Description: Substituted 0 with 1
	Suspiciousness Value: 1.000000
	Rank: 4
---------------------------------------------------
5.
	Class Name: org.apache.commons.math3.distribution.DiscreteDistribution
	Method Name: sample
	Method Descriptor: (I)[Ljava/lang/Object;
	Line Number: 190
	Mutator Name: NonVoidMethodCallRemovalMutator
	Mutator Description: the call to org.apache.commons.math3.distribution.DiscreteDistribution::sample()Ljava/lang/Object; is replaced with the used of default value null
	Suspiciousness Value: 1.000000
	Rank: 5
---------------------------------------------------
6.
	Class Name: org.apache.commons.math3.distribution.DiscreteDistribution
	Method Name: sample
	Method Descriptor: (I)[Ljava/lang/Object;
	Line Number: 189
	Mutator Name: LocalNameMutator
	Mutator Description: local sampleSize is replaced by local i to be used
	Suspiciousness Value: 1.000000
	Rank: 7
---------------------------------------------------
7.
	Class Name: org.apache.commons.math3.distribution.DiscreteDistribution
	Method Name: sample
	Method Descriptor: (I)[Ljava/lang/Object;
	Line Number: 189
	Mutator Name: LocalNameMutator
	Mutator Description: local i is replaced by local sampleSize to be used
	Suspiciousness Value: 1.000000
	Rank: 7
---------------------------------------------------
