PraPR Fix Report - Thu Apr 04 13:31:22 CDT 2019
Number of Plausible Fixes: 4
Total Number of Patches: 39157
===================================================
1.
	Class Name: com.google.javascript.jscomp.CommandLineRunner
	Method Name: createOptions
	Method Descriptor: ()Lcom/google/javascript/jscomp/CompilerOptions;
	Line Number: 861
	Mutator Name: ConstructorCallMutator
	Mutator Description: removed call to com/google/javascript/jscomp/EmptyMessageBundle::<init>
	Suspiciousness Value: 0.242536
	Rank: 1
---------------------------------------------------
2.
	Class Name: com.google.javascript.jscomp.CommandLineRunner
	Method Name: createOptions
	Method Descriptor: ()Lcom/google/javascript/jscomp/CompilerOptions;
	Line Number: 861
	Mutator Name: MemberVariableMutator
	Mutator Description: Removed assignment to member variable messageBundle
	Suspiciousness Value: 0.242536
	Rank: 2
---------------------------------------------------
3.
	Class Name: com.google.javascript.jscomp.CommandLineRunner
	Method Name: createOptions
	Method Descriptor: ()Lcom/google/javascript/jscomp/CompilerOptions;
	Line Number: 852
	Mutator Name: RemoveConditionalMutator_EQUAL_ELSE
	Mutator Description: removed conditional - replaced equality check with false
	Suspiciousness Value: 0.093659
	Rank: 3
---------------------------------------------------
4.
	Class Name: com.google.javascript.jscomp.CommandLineRunner
	Method Name: createOptions
	Method Descriptor: ()Lcom/google/javascript/jscomp/CompilerOptions;
	Line Number: 852
	Mutator Name: FieldNameMutator
	Mutator Description: replaced access to ADVANCED_OPTIMIZATIONS with an access to WHITESPACE_ONLY
	Suspiciousness Value: 0.093659
	Rank: 4
---------------------------------------------------
