PraPR Fix Report - Thu Apr 04 13:49:05 CDT 2019
Number of Plausible Fixes: 15
Total Number of Patches: 42370
===================================================
1.
	Class Name: com.google.javascript.jscomp.TypeCheck
	Method Name: visitGetProp
	Method Descriptor: (Lcom/google/javascript/jscomp/NodeTraversal;Lcom/google/javascript/rhino/Node;Lcom/google/javascript/rhino/Node;)V
	Line Number: 1314
	Mutator Name: LocalNameMutator
	Mutator Description: local parent is replaced by local property to be used
	Suspiciousness Value: 0.029728
	Rank: 4
---------------------------------------------------
2.
	Class Name: com.google.javascript.jscomp.TypeCheck
	Method Name: visitGetProp
	Method Descriptor: (Lcom/google/javascript/jscomp/NodeTraversal;Lcom/google/javascript/rhino/Node;Lcom/google/javascript/rhino/Node;)V
	Line Number: 1314
	Mutator Name: LocalNameMutator
	Mutator Description: local parent is replaced by local objNode to be used
	Suspiciousness Value: 0.029728
	Rank: 4
---------------------------------------------------
3.
	Class Name: com.google.javascript.jscomp.TypeCheck
	Method Name: visitGetProp
	Method Descriptor: (Lcom/google/javascript/jscomp/NodeTraversal;Lcom/google/javascript/rhino/Node;Lcom/google/javascript/rhino/Node;)V
	Line Number: 1314
	Mutator Name: LocalNameMutator
	Mutator Description: local parent is replaced by local n to be used
	Suspiciousness Value: 0.029728
	Rank: 4
---------------------------------------------------
4.
	Class Name: com.google.javascript.jscomp.TypeCheck
	Method Name: visit
	Method Descriptor: (Lcom/google/javascript/jscomp/NodeTraversal;Lcom/google/javascript/rhino/Node;Lcom/google/javascript/rhino/Node;)V
	Line Number: 519
	Mutator Name: LocalNameMutator
	Mutator Description: local parent is replaced by local n to be used
	Suspiciousness Value: 0.029728
	Rank: 4
---------------------------------------------------
5.
	Class Name: com.google.javascript.jscomp.TypeCheck
	Method Name: visitGetProp
	Method Descriptor: (Lcom/google/javascript/jscomp/NodeTraversal;Lcom/google/javascript/rhino/Node;Lcom/google/javascript/rhino/Node;)V
	Line Number: 1314
	Mutator Name: RemoveConditionalMutator_EQUAL_ELSE
	Mutator Description: removed conditional - replaced equality check with false
	Suspiciousness Value: 0.029728
	Rank: 5
---------------------------------------------------
6.
	Class Name: com.google.javascript.jscomp.TypeCheck
	Method Name: visitGetProp
	Method Descriptor: (Lcom/google/javascript/jscomp/NodeTraversal;Lcom/google/javascript/rhino/Node;Lcom/google/javascript/rhino/Node;)V
	Line Number: 1314
	Mutator Name: LocalToMethodCallMutator
	Mutator Description: the access to the local parent is replaced a call parent.getFirstChild()
	Suspiciousness Value: 0.029728
	Rank: 7
---------------------------------------------------
7.
	Class Name: com.google.javascript.jscomp.TypeCheck
	Method Name: visit
	Method Descriptor: (Lcom/google/javascript/jscomp/NodeTraversal;Lcom/google/javascript/rhino/Node;Lcom/google/javascript/rhino/Node;)V
	Line Number: 519
	Mutator Name: LocalToMethodCallMutator
	Mutator Description: the access to the local parent is replaced a call parent.getFirstChild()
	Suspiciousness Value: 0.029728
	Rank: 7
---------------------------------------------------
8.
	Class Name: com.google.javascript.jscomp.TypeCheck
	Method Name: visitGetProp
	Method Descriptor: (Lcom/google/javascript/jscomp/NodeTraversal;Lcom/google/javascript/rhino/Node;Lcom/google/javascript/rhino/Node;)V
	Line Number: 1314
	Mutator Name: NegateConditionalsMutator
	Mutator Description: negated conditional
	Suspiciousness Value: 0.029728
	Rank: 8
---------------------------------------------------
9.
	Class Name: com.google.javascript.jscomp.TypeCheck
	Method Name: visitGetProp
	Method Descriptor: (Lcom/google/javascript/jscomp/NodeTraversal;Lcom/google/javascript/rhino/Node;Lcom/google/javascript/rhino/Node;)V
	Line Number: 1314
	Mutator Name: MethodNameMutator
	Mutator Description: replaced call to isAssign with a call to wasEmptyNode
	Suspiciousness Value: 0.029728
	Rank: 13
---------------------------------------------------
10.
	Class Name: com.google.javascript.jscomp.TypeCheck
	Method Name: visitGetProp
	Method Descriptor: (Lcom/google/javascript/jscomp/NodeTraversal;Lcom/google/javascript/rhino/Node;Lcom/google/javascript/rhino/Node;)V
	Line Number: 1314
	Mutator Name: MethodNameMutator
	Mutator Description: replaced call to isAssign with a call to isFromExterns
	Suspiciousness Value: 0.029728
	Rank: 13
---------------------------------------------------
11.
	Class Name: com.google.javascript.jscomp.TypeCheck
	Method Name: visitGetProp
	Method Descriptor: (Lcom/google/javascript/jscomp/NodeTraversal;Lcom/google/javascript/rhino/Node;Lcom/google/javascript/rhino/Node;)V
	Line Number: 1314
	Mutator Name: MethodNameMutator
	Mutator Description: replaced call to isAssign with a call to isOptionalArg
	Suspiciousness Value: 0.029728
	Rank: 13
---------------------------------------------------
12.
	Class Name: com.google.javascript.jscomp.TypeCheck
	Method Name: visitGetProp
	Method Descriptor: (Lcom/google/javascript/jscomp/NodeTraversal;Lcom/google/javascript/rhino/Node;Lcom/google/javascript/rhino/Node;)V
	Line Number: 1314
	Mutator Name: MethodNameMutator
	Mutator Description: replaced call to isAssign with a call to isVarArgs
	Suspiciousness Value: 0.029728
	Rank: 13
---------------------------------------------------
13.
	Class Name: com.google.javascript.jscomp.TypeCheck
	Method Name: visitGetProp
	Method Descriptor: (Lcom/google/javascript/jscomp/NodeTraversal;Lcom/google/javascript/rhino/Node;Lcom/google/javascript/rhino/Node;)V
	Line Number: 1314
	Mutator Name: MethodNameMutator
	Mutator Description: replaced call to isAssign with a call to isSyntheticBlock
	Suspiciousness Value: 0.029728
	Rank: 13
---------------------------------------------------
14.
	Class Name: com.google.javascript.jscomp.TypeCheck
	Method Name: visitGetProp
	Method Descriptor: (Lcom/google/javascript/jscomp/NodeTraversal;Lcom/google/javascript/rhino/Node;Lcom/google/javascript/rhino/Node;)V
	Line Number: 1314
	Mutator Name: NonVoidMethodCallRemovalMutator
	Mutator Description: the call to com.google.javascript.rhino.Node::isAssign()Z is replaced with the used of default value false
	Suspiciousness Value: 0.029728
	Rank: 15
---------------------------------------------------
15.
	Class Name: com.google.javascript.jscomp.TypeCheck
	Method Name: visitGetProp
	Method Descriptor: (Lcom/google/javascript/jscomp/NodeTraversal;Lcom/google/javascript/rhino/Node;Lcom/google/javascript/rhino/Node;)V
	Line Number: 1314
	Mutator Name: NonVoidMethodCallRemovalMutator
	Mutator Description: the call to com.google.javascript.rhino.Node::getJSType()Lcom/google/javascript/rhino/jstype/JSType; is replaced with the used of default value null
	Suspiciousness Value: 0.029728
	Rank: 15
---------------------------------------------------
