PraPR Fix Report - Thu Apr 04 15:02:44 CDT 2019
Number of Plausible Fixes: 8
Total Number of Patches: 38045
===================================================
1.
	Class Name: com.google.javascript.jscomp.FlowSensitiveInlineVariables$1
	Method Name: apply
	Method Descriptor: (Lcom/google/javascript/rhino/Node;)Z
	Line Number: 112
	Mutator Name: RemoveConditionalMutator_EQUAL_IF
	Mutator Description: removed conditional - replaced equality check with true
	Suspiciousness Value: 0.377964
	Rank: 1
---------------------------------------------------
2.
	Class Name: com.google.javascript.jscomp.FlowSensitiveInlineVariables$1
	Method Name: apply
	Method Descriptor: (Lcom/google/javascript/rhino/Node;)Z
	Line Number: 112
	Mutator Name: NonVoidMethodCallRemovalMutator
	Mutator Description: the call to com.google.javascript.jscomp.ControlFlowGraph::isEnteringNewCfgNode(Lcom/google/javascript/rhino/Node;)Z is replaced with the used of default value false
	Suspiciousness Value: 0.377964
	Rank: 2
---------------------------------------------------
3.
	Class Name: com.google.javascript.jscomp.FlowSensitiveInlineVariables$1
	Method Name: apply
	Method Descriptor: (Lcom/google/javascript/rhino/Node;)Z
	Line Number: 111
	Mutator Name: MethodNameMutator
	Mutator Description: replaced call to getNext with a call to getLastChild
	Suspiciousness Value: 0.258199
	Rank: 3
---------------------------------------------------
4.
	Class Name: com.google.javascript.rhino.Node
	Method Name: checkTreeEqualsImpl
	Method Descriptor: (Lcom/google/javascript/rhino/Node;)Lcom/google/javascript/rhino/Node$NodeMismatch;
	Line Number: 1456
	Mutator Name: FieldToLocalAccessMutator
	Mutator Description: access to field next is replaced by access to local n
	Suspiciousness Value: 0.016641
	Rank: 4
---------------------------------------------------
5.
	Class Name: com.google.javascript.rhino.Node
	Method Name: checkTreeEqualsImpl
	Method Descriptor: (Lcom/google/javascript/rhino/Node;)Lcom/google/javascript/rhino/Node$NodeMismatch;
	Line Number: 1456
	Mutator Name: LocalToFieldAccessMutator
	Mutator Description: access to local n is replaced by access to field last
	Suspiciousness Value: 0.016641
	Rank: 5
---------------------------------------------------
6.
	Class Name: com.google.javascript.rhino.Node
	Method Name: checkTreeEqualsImpl
	Method Descriptor: (Lcom/google/javascript/rhino/Node;)Lcom/google/javascript/rhino/Node$NodeMismatch;
	Line Number: 1456
	Mutator Name: LocalNameMutator
	Mutator Description: local n is replaced by local n2 to be used
	Suspiciousness Value: 0.016641
	Rank: 6
---------------------------------------------------
7.
	Class Name: com.google.javascript.rhino.Node
	Method Name: checkTreeEqualsImpl
	Method Descriptor: (Lcom/google/javascript/rhino/Node;)Lcom/google/javascript/rhino/Node$NodeMismatch;
	Line Number: 1461
	Mutator Name: RemoveConditionalMutator_EQUAL_IF
	Mutator Description: removed conditional - replaced equality check with true
	Suspiciousness Value: 0.016639
	Rank: 7
---------------------------------------------------
8.
	Class Name: com.google.javascript.rhino.Node
	Method Name: checkTreeEqualsImpl
	Method Descriptor: (Lcom/google/javascript/rhino/Node;)Lcom/google/javascript/rhino/Node$NodeMismatch;
	Line Number: 1461
	Mutator Name: NegateConditionalsMutator
	Mutator Description: negated conditional
	Suspiciousness Value: 0.016639
	Rank: 8
---------------------------------------------------
