PraPR Fix Report - Thu Apr 04 15:19:43 CDT 2019
Number of Plausible Fixes: 3
Total Number of Patches: 11078
===================================================
1.
	Class Name: com.google.javascript.jscomp.testing.TestErrorReporter
	Method Name: hasEncounteredAllWarnings
	Method Descriptor: ()Z
	Line Number: 78
	Mutator Name: BooleanTrueReturnValsMutator
	Mutator Description: replaced boolean return with true for com/google/javascript/jscomp/testing/TestErrorReporter::hasEncounteredAllWarnings
	Suspiciousness Value: 0.075521
	Rank: 1
---------------------------------------------------
2.
	Class Name: com.google.javascript.jscomp.testing.TestErrorReporter
	Method Name: hasEncounteredAllWarnings
	Method Descriptor: ()Z
	Line Number: 78
	Mutator Name: RemoveConditionalMutator_EQUAL_IF
	Mutator Description: removed conditional - replaced equality check with true
	Suspiciousness Value: 0.075521
	Rank: 2
---------------------------------------------------
3.
	Class Name: com.google.javascript.jscomp.testing.TestErrorReporter
	Method Name: hasEncounteredAllWarnings
	Method Descriptor: ()Z
	Line Number: 78
	Mutator Name: InlineConstantMutator
	Mutator Description: Substituted 0 with 1
	Suspiciousness Value: 0.075521
	Rank: 3
---------------------------------------------------
