PraPR Fix Report - Thu Apr 04 16:11:30 CDT 2019
Number of Plausible Fixes: 6
Total Number of Patches: 34359
===================================================
1.
	Class Name: com.google.javascript.jscomp.GlobalNamespace$BuildGlobalNamespace
	Method Name: collect
	Method Descriptor: (Lcom/google/javascript/jscomp/NodeTraversal;Lcom/google/javascript/rhino/Node;Lcom/google/javascript/rhino/Node;)V
	Line Number: 358
	Mutator Name: FieldNameMutator
	Mutator Description: replaced access to OTHER with an access to SET
	Suspiciousness Value: 0.041169
	Rank: 2
---------------------------------------------------
2.
	Class Name: com.google.javascript.jscomp.GlobalNamespace$BuildGlobalNamespace
	Method Name: collect
	Method Descriptor: (Lcom/google/javascript/jscomp/NodeTraversal;Lcom/google/javascript/rhino/Node;Lcom/google/javascript/rhino/Node;)V
	Line Number: 358
	Mutator Name: FieldNameMutator
	Mutator Description: replaced access to OTHER with an access to GET
	Suspiciousness Value: 0.041169
	Rank: 2
---------------------------------------------------
3.
	Class Name: com.google.javascript.rhino.Node
	Method Name: checkTreeEqualsImpl
	Method Descriptor: (Lcom/google/javascript/rhino/Node;)Lcom/google/javascript/rhino/Node$NodeMismatch;
	Line Number: 1440
	Mutator Name: FieldToLocalAccessMutator
	Mutator Description: access to field next is replaced by access to local n
	Suspiciousness Value: 0.016345
	Rank: 3
---------------------------------------------------
4.
	Class Name: com.google.javascript.rhino.Node
	Method Name: checkTreeEqualsImpl
	Method Descriptor: (Lcom/google/javascript/rhino/Node;)Lcom/google/javascript/rhino/Node$NodeMismatch;
	Line Number: 1440
	Mutator Name: LocalToFieldAccessMutator
	Mutator Description: access to local n is replaced by access to field last
	Suspiciousness Value: 0.016345
	Rank: 4
---------------------------------------------------
5.
	Class Name: com.google.javascript.rhino.Node
	Method Name: checkTreeEqualsImpl
	Method Descriptor: (Lcom/google/javascript/rhino/Node;)Lcom/google/javascript/rhino/Node$NodeMismatch;
	Line Number: 1445
	Mutator Name: RemoveConditionalMutator_EQUAL_IF
	Mutator Description: removed conditional - replaced equality check with true
	Suspiciousness Value: 0.016343
	Rank: 5
---------------------------------------------------
6.
	Class Name: com.google.javascript.rhino.Node
	Method Name: checkTreeEqualsImpl
	Method Descriptor: (Lcom/google/javascript/rhino/Node;)Lcom/google/javascript/rhino/Node$NodeMismatch;
	Line Number: 1445
	Mutator Name: NegateConditionalsMutator
	Mutator Description: negated conditional
	Suspiciousness Value: 0.016343
	Rank: 6
---------------------------------------------------
