PraPR Fix Report - Fri Apr 05 09:13:57 CDT 2019
Number of Plausible Fixes: 7
Total Number of Patches: 8913
===================================================
1.
	Class Name: com.google.javascript.rhino.jstype.RecordType
	Method Name: getLeastSupertype
	Method Descriptor: (Lcom/google/javascript/rhino/jstype/JSType;)Lcom/google/javascript/rhino/jstype/JSType;
	File Name: com/google/javascript/rhino/jstype/RecordType.java
	Line Number: 142
	Mutator Name: RemoveConditionalMutator_EQUAL_IF
	Mutator Description: removed conditional - replaced equality check with true
	Suspiciousness Value: 0.480384
	Rank: 1
---------------------------------------------------
2.
	Class Name: com.google.javascript.rhino.jstype.RecordType
	Method Name: getLeastSupertype
	Method Descriptor: (Lcom/google/javascript/rhino/jstype/JSType;)Lcom/google/javascript/rhino/jstype/JSType;
	File Name: com/google/javascript/rhino/jstype/RecordType.java
	Line Number: 142
	Mutator Name: MethodNameMutator
	Mutator Description: replaced call to isRecordType with a call to isNumberObjectType
	Suspiciousness Value: 0.480384
	Rank: 3
---------------------------------------------------
3.
	Class Name: com.google.javascript.rhino.jstype.RecordType
	Method Name: getLeastSupertype
	Method Descriptor: (Lcom/google/javascript/rhino/jstype/JSType;)Lcom/google/javascript/rhino/jstype/JSType;
	File Name: com/google/javascript/rhino/jstype/RecordType.java
	Line Number: 142
	Mutator Name: MethodNameMutator
	Mutator Description: replaced call to isRecordType with a call to isStringObjectType
	Suspiciousness Value: 0.480384
	Rank: 3
---------------------------------------------------
4.
	Class Name: com.google.javascript.rhino.jstype.RecordType
	Method Name: getLeastSupertype
	Method Descriptor: (Lcom/google/javascript/rhino/jstype/JSType;)Lcom/google/javascript/rhino/jstype/JSType;
	File Name: com/google/javascript/rhino/jstype/RecordType.java
	Line Number: 142
	Mutator Name: NonVoidMethodCallRemovalMutator
	Mutator Description: the call to com.google.javascript.rhino.jstype.JSType::isRecordType()Z is replaced with the used of default value false
	Suspiciousness Value: 0.480384
	Rank: 4
---------------------------------------------------
5.
	Class Name: com.google.javascript.rhino.testing.Asserts
	Method Name: assertTypeEquals
	Method Descriptor: (Lcom/google/javascript/rhino/jstype/JSType;Lcom/google/javascript/rhino/jstype/JSType;)V
	File Name: com/google/javascript/rhino/testing/Asserts.java
	Line Number: 95
	Mutator Name: VoidMethodCallMutator
	Mutator Description: removed call to com/google/javascript/rhino/testing/Asserts::assertTypeEquals
	Suspiciousness Value: 0.185695
	Rank: 5
---------------------------------------------------
6.
	Class Name: com.google.javascript.rhino.testing.Asserts
	Method Name: assertTypeEquals
	Method Descriptor: (Lcom/google/javascript/rhino/jstype/JSType;Lcom/google/javascript/rhino/jstype/JSType;)V
	File Name: com/google/javascript/rhino/testing/Asserts.java
	Line Number: 95
	Mutator Name: LocalNameMutator
	Mutator Description: local b is replaced by local a to be used
	Suspiciousness Value: 0.185695
	Rank: 7
---------------------------------------------------
7.
	Class Name: com.google.javascript.rhino.testing.Asserts
	Method Name: assertTypeEquals
	Method Descriptor: (Lcom/google/javascript/rhino/jstype/JSType;Lcom/google/javascript/rhino/jstype/JSType;)V
	File Name: com/google/javascript/rhino/testing/Asserts.java
	Line Number: 95
	Mutator Name: LocalNameMutator
	Mutator Description: local a is replaced by local b to be used
	Suspiciousness Value: 0.185695
	Rank: 7
---------------------------------------------------
