PraPR Fix Report - Fri Apr 05 09:24:35 CDT 2019
Number of Plausible Fixes: 6
Total Number of Patches: 42119
===================================================
1.
	Class Name: com.google.javascript.jscomp.TypedScopeCreator$AbstractScopeBuilder
	Method Name: maybeDeclareQualifiedName
	Method Descriptor: (Lcom/google/javascript/jscomp/NodeTraversal;Lcom/google/javascript/rhino/JSDocInfo;Lcom/google/javascript/rhino/Node;Lcom/google/javascript/rhino/Node;Lcom/google/javascript/rhino/Node;)V
	File Name: com/google/javascript/jscomp/TypedScopeCreator.java
	Line Number: 1441
	Mutator Name: LocalNameMutator
	Mutator Description: local rhsValue is replaced by local n to be used
	Suspiciousness Value: 0.048224
	Rank: 3
---------------------------------------------------
2.
	Class Name: com.google.javascript.jscomp.TypedScopeCreator$AbstractScopeBuilder
	Method Name: maybeDeclareQualifiedName
	Method Descriptor: (Lcom/google/javascript/jscomp/NodeTraversal;Lcom/google/javascript/rhino/JSDocInfo;Lcom/google/javascript/rhino/Node;Lcom/google/javascript/rhino/Node;Lcom/google/javascript/rhino/Node;)V
	File Name: com/google/javascript/jscomp/TypedScopeCreator.java
	Line Number: 1441
	Mutator Name: LocalNameMutator
	Mutator Description: local rhsValue is replaced by local ownerNode to be used
	Suspiciousness Value: 0.048224
	Rank: 3
---------------------------------------------------
3.
	Class Name: com.google.javascript.jscomp.TypedScopeCreator$AbstractScopeBuilder
	Method Name: maybeDeclareQualifiedName
	Method Descriptor: (Lcom/google/javascript/jscomp/NodeTraversal;Lcom/google/javascript/rhino/JSDocInfo;Lcom/google/javascript/rhino/Node;Lcom/google/javascript/rhino/Node;Lcom/google/javascript/rhino/Node;)V
	File Name: com/google/javascript/jscomp/TypedScopeCreator.java
	Line Number: 1441
	Mutator Name: LocalNameMutator
	Mutator Description: local rhsValue is replaced by local parent to be used
	Suspiciousness Value: 0.048224
	Rank: 3
---------------------------------------------------
4.
	Class Name: com.google.javascript.jscomp.TypedScopeCreator$AbstractScopeBuilder
	Method Name: maybeDeclareQualifiedName
	Method Descriptor: (Lcom/google/javascript/jscomp/NodeTraversal;Lcom/google/javascript/rhino/JSDocInfo;Lcom/google/javascript/rhino/Node;Lcom/google/javascript/rhino/Node;Lcom/google/javascript/rhino/Node;)V
	File Name: com/google/javascript/jscomp/TypedScopeCreator.java
	Line Number: 1441
	Mutator Name: NonVoidMethodCallRemovalMutator
	Mutator Description: the call to com.google.javascript.rhino.Node::getJSType()Lcom/google/javascript/rhino/jstype/JSType; is replaced with the used of default value null
	Suspiciousness Value: 0.048224
	Rank: 5
---------------------------------------------------
5.
	Class Name: com.google.javascript.jscomp.TypedScopeCreator$AbstractScopeBuilder
	Method Name: maybeDeclareQualifiedName
	Method Descriptor: (Lcom/google/javascript/jscomp/NodeTraversal;Lcom/google/javascript/rhino/JSDocInfo;Lcom/google/javascript/rhino/Node;Lcom/google/javascript/rhino/Node;Lcom/google/javascript/rhino/Node;)V
	File Name: com/google/javascript/jscomp/TypedScopeCreator.java
	Line Number: 1441
	Mutator Name: NonVoidMethodCallRemovalMutator
	Mutator Description: the call to com.google.javascript.rhino.Node::getJSType()Lcom/google/javascript/rhino/jstype/JSType; is replaced with the used of local valueType
	Suspiciousness Value: 0.048224
	Rank: 5
---------------------------------------------------
6.
	Class Name: com.google.javascript.jscomp.TypedScopeCreator$AbstractScopeBuilder
	Method Name: maybeDeclareQualifiedName
	Method Descriptor: (Lcom/google/javascript/jscomp/NodeTraversal;Lcom/google/javascript/rhino/JSDocInfo;Lcom/google/javascript/rhino/Node;Lcom/google/javascript/rhino/Node;Lcom/google/javascript/rhino/Node;)V
	File Name: com/google/javascript/jscomp/TypedScopeCreator.java
	Line Number: 1439
	Mutator Name: RemoveConditionalMutator_EQUAL_ELSE
	Mutator Description: removed conditional - replaced equality check with false
	Suspiciousness Value: 0.021195
	Rank: 6
---------------------------------------------------
