PraPR Fix Report - Fri Apr 05 11:35:22 CDT 2019
Number of Plausible Fixes: 3
Total Number of Patches: 9423
===================================================
1.
	Class Name: com.google.javascript.jscomp.testing.TestErrorReporter
	Method Name: hasEncounteredAllErrors
	Method Descriptor: ()Z
	File Name: com/google/javascript/jscomp/testing/TestErrorReporter.java
	Line Number: 84
	Mutator Name: BooleanTrueReturnValsMutator
	Mutator Description: replaced boolean return with true for com/google/javascript/jscomp/testing/TestErrorReporter::hasEncounteredAllErrors
	Suspiciousness Value: 0.107211
	Rank: 1
---------------------------------------------------
2.
	Class Name: com.google.javascript.jscomp.testing.TestErrorReporter
	Method Name: hasEncounteredAllErrors
	Method Descriptor: ()Z
	File Name: com/google/javascript/jscomp/testing/TestErrorReporter.java
	Line Number: 84
	Mutator Name: RemoveConditionalMutator_EQUAL_IF
	Mutator Description: removed conditional - replaced equality check with true
	Suspiciousness Value: 0.107211
	Rank: 2
---------------------------------------------------
3.
	Class Name: com.google.javascript.jscomp.testing.TestErrorReporter
	Method Name: hasEncounteredAllErrors
	Method Descriptor: ()Z
	File Name: com/google/javascript/jscomp/testing/TestErrorReporter.java
	Line Number: 84
	Mutator Name: InlineConstantMutator
	Mutator Description: Substituted 0 with 1
	Suspiciousness Value: 0.107211
	Rank: 3
---------------------------------------------------
