PraPR Fix Report - Thu Apr 04 12:58:33 CDT 2019
Number of Plausible Fixes: 16
Total Number of Patches: 4789
===================================================
1.
	Class Name: org.jsoup.parser.HtmlTreeBuilder
	Method Name: resetInsertionMode
	Method Descriptor: ()V
	Line Number: 398
	Mutator Name: FieldNameMutator
	Mutator Description: replaced access to InRow with an access to BeforeHead
	Suspiciousness Value: 1.000000
	Rank: 6
---------------------------------------------------
2.
	Class Name: org.jsoup.parser.HtmlTreeBuilder
	Method Name: resetInsertionMode
	Method Descriptor: ()V
	Line Number: 398
	Mutator Name: FieldNameMutator
	Mutator Description: replaced access to InRow with an access to InHead
	Suspiciousness Value: 1.000000
	Rank: 6
---------------------------------------------------
3.
	Class Name: org.jsoup.parser.HtmlTreeBuilder
	Method Name: resetInsertionMode
	Method Descriptor: ()V
	Line Number: 398
	Mutator Name: FieldNameMutator
	Mutator Description: replaced access to InRow with an access to InHeadNoscript
	Suspiciousness Value: 1.000000
	Rank: 6
---------------------------------------------------
4.
	Class Name: org.jsoup.parser.HtmlTreeBuilder
	Method Name: resetInsertionMode
	Method Descriptor: ()V
	Line Number: 398
	Mutator Name: FieldNameMutator
	Mutator Description: replaced access to InRow with an access to AfterHead
	Suspiciousness Value: 1.000000
	Rank: 6
---------------------------------------------------
5.
	Class Name: org.jsoup.parser.HtmlTreeBuilder
	Method Name: resetInsertionMode
	Method Descriptor: ()V
	Line Number: 398
	Mutator Name: FieldNameMutator
	Mutator Description: replaced access to InRow with an access to Initial
	Suspiciousness Value: 1.000000
	Rank: 6
---------------------------------------------------
6.
	Class Name: org.jsoup.parser.HtmlTreeBuilder
	Method Name: resetInsertionMode
	Method Descriptor: ()V
	Line Number: 398
	Mutator Name: FieldNameMutator
	Mutator Description: replaced access to InRow with an access to BeforeHtml
	Suspiciousness Value: 1.000000
	Rank: 6
---------------------------------------------------
7.
	Class Name: org.jsoup.parser.HtmlTreeBuilder
	Method Name: resetInsertionMode
	Method Descriptor: ()V
	Line Number: 424
	Mutator Name: RemoveConditionalMutator_EQUAL_IF
	Mutator Description: removed conditional - replaced equality check with true
	Suspiciousness Value: 0.185695
	Rank: 7
---------------------------------------------------
8.
	Class Name: org.jsoup.parser.HtmlTreeBuilder
	Method Name: resetInsertionMode
	Method Descriptor: ()V
	Line Number: 424
	Mutator Name: LocalToFieldAccessMutator
	Mutator Description: access to local last is replaced by access to field $assertionsDisabled
	Suspiciousness Value: 0.185695
	Rank: 8
---------------------------------------------------
9.
	Class Name: org.jsoup.parser.HtmlTreeBuilder
	Method Name: resetInsertionMode
	Method Descriptor: ()V
	Line Number: 403
	Mutator Name: RemoveConditionalMutator_EQUAL_IF
	Mutator Description: removed conditional - replaced equality check with true
	Suspiciousness Value: 0.114708
	Rank: 11
---------------------------------------------------
10.
	Class Name: org.jsoup.parser.HtmlTreeBuilder
	Method Name: resetInsertionMode
	Method Descriptor: ()V
	Line Number: 412
	Mutator Name: RemoveConditionalMutator_EQUAL_IF
	Mutator Description: removed conditional - replaced equality check with true
	Suspiciousness Value: 0.114708
	Rank: 11
---------------------------------------------------
11.
	Class Name: org.jsoup.parser.HtmlTreeBuilder
	Method Name: resetInsertionMode
	Method Descriptor: ()V
	Line Number: 415
	Mutator Name: RemoveConditionalMutator_EQUAL_IF
	Mutator Description: removed conditional - replaced equality check with true
	Suspiciousness Value: 0.114708
	Rank: 11
---------------------------------------------------
12.
	Class Name: org.jsoup.parser.HtmlTreeBuilder
	Method Name: resetInsertionMode
	Method Descriptor: ()V
	Line Number: 412
	Mutator Name: NegateConditionalsMutator
	Mutator Description: negated conditional
	Suspiciousness Value: 0.114708
	Rank: 13
---------------------------------------------------
13.
	Class Name: org.jsoup.parser.HtmlTreeBuilder
	Method Name: resetInsertionMode
	Method Descriptor: ()V
	Line Number: 403
	Mutator Name: NegateConditionalsMutator
	Mutator Description: negated conditional
	Suspiciousness Value: 0.114708
	Rank: 13
---------------------------------------------------
14.
	Class Name: org.jsoup.parser.HtmlTreeBuilder
	Method Name: resetInsertionMode
	Method Descriptor: ()V
	Line Number: 394
	Mutator Name: RemoveConditionalMutator_EQUAL_IF
	Mutator Description: removed conditional - replaced equality check with true
	Suspiciousness Value: 0.113961
	Rank: 14
---------------------------------------------------
15.
	Class Name: org.jsoup.parser.HtmlTreeBuilder
	Method Name: resetInsertionMode
	Method Descriptor: ()V
	Line Number: 394
	Mutator Name: NegateConditionalsMutator
	Mutator Description: negated conditional
	Suspiciousness Value: 0.113961
	Rank: 15
---------------------------------------------------
16.
	Class Name: org.jsoup.parser.HtmlTreeBuilder
	Method Name: resetInsertionMode
	Method Descriptor: ()V
	Line Number: 383
	Mutator Name: InlineConstantMutator
	Mutator Description: Substituted 0 with 1
	Suspiciousness Value: 0.113961
	Rank: 16
---------------------------------------------------
