PraPR Fix Report - Thu Apr 04 12:58:36 CDT 2019
Number of Plausible Fixes: 6
Total Number of Patches: 7003
===================================================
1.
	Class Name: org.jsoup.parser.HtmlTreeBuilderState$9
	Method Name: process
	Method Descriptor: (Lorg/jsoup/parser/Token;Lorg/jsoup/parser/HtmlTreeBuilder;)Z
	Line Number: 832
	Mutator Name: NegateConditionalsMutator
	Mutator Description: negated conditional
	Suspiciousness Value: 1.000000
	Rank: 1
---------------------------------------------------
2.
	Class Name: org.jsoup.parser.HtmlTreeBuilderState$9
	Method Name: process
	Method Descriptor: (Lorg/jsoup/parser/Token;Lorg/jsoup/parser/HtmlTreeBuilder;)Z
	Line Number: 832
	Mutator Name: RemoveConditionalMutator_EQUAL_IF
	Mutator Description: removed conditional - replaced equality check with true
	Suspiciousness Value: 1.000000
	Rank: 2
---------------------------------------------------
3.
	Class Name: org.jsoup.nodes.Node
	Method Name: before
	Method Descriptor: (Lorg/jsoup/nodes/Node;)Lorg/jsoup/nodes/Node;
	Line Number: 306
	Mutator Name: FieldAccessToMethodCallMutator
	Mutator Description: the access to field org.jsoup.nodes.Node.siblingIndex is replaced by the call to org.jsoup.nodes.Node::childNodeSize()I
	Suspiciousness Value: 0.500000
	Rank: 3
---------------------------------------------------
4.
	Class Name: org.jsoup.parser.HtmlTreeBuilderState$14
	Method Name: process
	Method Descriptor: (Lorg/jsoup/parser/Token;Lorg/jsoup/parser/HtmlTreeBuilder;)Z
	Line Number: 1109
	Mutator Name: NegateConditionalsMutator
	Mutator Description: negated conditional
	Suspiciousness Value: 0.353553
	Rank: 4
---------------------------------------------------
5.
	Class Name: org.jsoup.parser.HtmlTreeBuilderState$14
	Method Name: process
	Method Descriptor: (Lorg/jsoup/parser/Token;Lorg/jsoup/parser/HtmlTreeBuilder;)Z
	Line Number: 1109
	Mutator Name: RemoveConditionalMutator_EQUAL_ELSE
	Mutator Description: removed conditional - replaced equality check with false
	Suspiciousness Value: 0.353553
	Rank: 5
---------------------------------------------------
6.
	Class Name: org.jsoup.parser.HtmlTreeBuilderState$14
	Method Name: process
	Method Descriptor: (Lorg/jsoup/parser/Token;Lorg/jsoup/parser/HtmlTreeBuilder;)Z
	Line Number: 1109
	Mutator Name: NonVoidMethodCallRemovalMutator
	Mutator Description: the call to java.lang.String::equals(Ljava/lang/Object;)Z is replaced with the used of default value false
	Suspiciousness Value: 0.353553
	Rank: 6
---------------------------------------------------
