PraPR Fix Report - Thu Apr 04 12:59:14 CDT 2019
Number of Plausible Fixes: 13
Total Number of Patches: 3942
===================================================
1.
	Class Name: org.jsoup.parser.TokeniserState$27
	Method Name: read
	Method Descriptor: (Lorg/jsoup/parser/Tokeniser;Lorg/jsoup/parser/CharacterReader;)V
	Line Number: 558
	Mutator Name: VoidMethodCallMutator
	Mutator Description: removed call to org/jsoup/parser/CharacterReader::advance
	Suspiciousness Value: 1.000000
	Rank: 1
---------------------------------------------------
2.
	Class Name: org.jsoup.parser.TokeniserState$25
	Method Name: read
	Method Descriptor: (Lorg/jsoup/parser/Tokeniser;Lorg/jsoup/parser/CharacterReader;)V
	Line Number: 530
	Mutator Name: NegateConditionalsMutator
	Mutator Description: negated conditional
	Suspiciousness Value: 0.707107
	Rank: 4
---------------------------------------------------
3.
	Class Name: org.jsoup.parser.TokeniserState$27
	Method Name: read
	Method Descriptor: (Lorg/jsoup/parser/Tokeniser;Lorg/jsoup/parser/CharacterReader;)V
	Line Number: 554
	Mutator Name: NegateConditionalsMutator
	Mutator Description: negated conditional
	Suspiciousness Value: 0.707107
	Rank: 4
---------------------------------------------------
4.
	Class Name: org.jsoup.parser.TokeniserState$26
	Method Name: read
	Method Descriptor: (Lorg/jsoup/parser/Tokeniser;Lorg/jsoup/parser/CharacterReader;)V
	Line Number: 541
	Mutator Name: NegateConditionalsMutator
	Mutator Description: negated conditional
	Suspiciousness Value: 0.707107
	Rank: 4
---------------------------------------------------
5.
	Class Name: org.jsoup.parser.TokeniserState$27
	Method Name: read
	Method Descriptor: (Lorg/jsoup/parser/Tokeniser;Lorg/jsoup/parser/CharacterReader;)V
	Line Number: 554
	Mutator Name: RemoveConditionalMutator_EQUAL_ELSE
	Mutator Description: removed conditional - replaced equality check with false
	Suspiciousness Value: 0.707107
	Rank: 7
---------------------------------------------------
6.
	Class Name: org.jsoup.parser.TokeniserState$25
	Method Name: read
	Method Descriptor: (Lorg/jsoup/parser/Tokeniser;Lorg/jsoup/parser/CharacterReader;)V
	Line Number: 530
	Mutator Name: RemoveConditionalMutator_EQUAL_ELSE
	Mutator Description: removed conditional - replaced equality check with false
	Suspiciousness Value: 0.707107
	Rank: 7
---------------------------------------------------
7.
	Class Name: org.jsoup.parser.TokeniserState$26
	Method Name: read
	Method Descriptor: (Lorg/jsoup/parser/Tokeniser;Lorg/jsoup/parser/CharacterReader;)V
	Line Number: 541
	Mutator Name: RemoveConditionalMutator_EQUAL_ELSE
	Mutator Description: removed conditional - replaced equality check with false
	Suspiciousness Value: 0.707107
	Rank: 7
---------------------------------------------------
8.
	Class Name: org.jsoup.parser.TokeniserState$25
	Method Name: read
	Method Descriptor: (Lorg/jsoup/parser/Tokeniser;Lorg/jsoup/parser/CharacterReader;)V
	Line Number: 530
	Mutator Name: NonVoidMethodCallRemovalMutator
	Mutator Description: the call to org.jsoup.parser.CharacterReader::matches(C)Z is replaced with the used of default value false
	Suspiciousness Value: 0.707107
	Rank: 10
---------------------------------------------------
9.
	Class Name: org.jsoup.parser.TokeniserState$26
	Method Name: read
	Method Descriptor: (Lorg/jsoup/parser/Tokeniser;Lorg/jsoup/parser/CharacterReader;)V
	Line Number: 541
	Mutator Name: NonVoidMethodCallRemovalMutator
	Mutator Description: the call to org.jsoup.parser.CharacterReader::matchesLetter()Z is replaced with the used of default value false
	Suspiciousness Value: 0.707107
	Rank: 10
---------------------------------------------------
10.
	Class Name: org.jsoup.parser.TokeniserState$27
	Method Name: read
	Method Descriptor: (Lorg/jsoup/parser/Tokeniser;Lorg/jsoup/parser/CharacterReader;)V
	Line Number: 554
	Mutator Name: NonVoidMethodCallRemovalMutator
	Mutator Description: the call to org.jsoup.parser.CharacterReader::matchesLetter()Z is replaced with the used of default value false
	Suspiciousness Value: 0.707107
	Rank: 10
---------------------------------------------------
11.
	Class Name: org.jsoup.parser.TokeniserState$25
	Method Name: read
	Method Descriptor: (Lorg/jsoup/parser/Tokeniser;Lorg/jsoup/parser/CharacterReader;)V
	Line Number: 530
	Mutator Name: InlineConstantMutator
	Mutator Description: Substituted 47 with 48
	Suspiciousness Value: 0.707107
	Rank: 11
---------------------------------------------------
12.
	Class Name: org.jsoup.parser.TokeniserState$25
	Method Name: read
	Method Descriptor: (Lorg/jsoup/parser/Tokeniser;Lorg/jsoup/parser/CharacterReader;)V
	Line Number: 525
	Mutator Name: NegateConditionalsMutator
	Mutator Description: negated conditional
	Suspiciousness Value: 0.577350
	Rank: 12
---------------------------------------------------
13.
	Class Name: org.jsoup.parser.TokeniserState$25
	Method Name: read
	Method Descriptor: (Lorg/jsoup/parser/Tokeniser;Lorg/jsoup/parser/CharacterReader;)V
	Line Number: 525
	Mutator Name: RemoveConditionalMutator_EQUAL_IF
	Mutator Description: removed conditional - replaced equality check with true
	Suspiciousness Value: 0.577350
	Rank: 13
---------------------------------------------------
