PraPR Fix Report - Fri Apr 05 02:41:34 CDT 2019
Number of Plausible Fixes: 23
Total Number of Patches: 4837
===================================================
1.
	Class Name: com.fasterxml.jackson.core.filter.FilteringParserDelegate
	Method Name: nextToken
	Method Descriptor: ()Lcom/fasterxml/jackson/core/JsonToken;
	File Name: com/fasterxml/jackson/core/filter/FilteringParserDelegate.java
	Line Number: 239
	Mutator Name: NonVoidMethodCallRemovalMutator
	Mutator Description: the call to com.fasterxml.jackson.core.filter.TokenFilterContext::isStartHandled()Z is replaced with the used of default value false
	Suspiciousness Value: 0.707107
	Rank: 2
---------------------------------------------------
2.
	Class Name: com.fasterxml.jackson.core.filter.FilteringParserDelegate
	Method Name: nextToken
	Method Descriptor: ()Lcom/fasterxml/jackson/core/JsonToken;
	File Name: com/fasterxml/jackson/core/filter/FilteringParserDelegate.java
	Line Number: 239
	Mutator Name: NonVoidMethodCallRemovalMutator
	Mutator Description: the call to com.fasterxml.jackson.core.filter.TokenFilterContext::isStartHandled()Z is replaced with the used of field _allowMultipleMatches
	Suspiciousness Value: 0.707107
	Rank: 2
---------------------------------------------------
3.
	Class Name: com.fasterxml.jackson.core.filter.FilteringParserDelegate
	Method Name: nextToken
	Method Descriptor: ()Lcom/fasterxml/jackson/core/JsonToken;
	File Name: com/fasterxml/jackson/core/filter/FilteringParserDelegate.java
	Line Number: 239
	Mutator Name: RemoveConditionalMutator_EQUAL_ELSE
	Mutator Description: removed conditional - replaced equality check with false
	Suspiciousness Value: 0.707107
	Rank: 3
---------------------------------------------------
4.
	Class Name: com.fasterxml.jackson.core.filter.FilteringParserDelegate
	Method Name: nextToken
	Method Descriptor: ()Lcom/fasterxml/jackson/core/JsonToken;
	File Name: com/fasterxml/jackson/core/filter/FilteringParserDelegate.java
	Line Number: 239
	Mutator Name: NegateConditionalsMutator
	Mutator Description: negated conditional
	Suspiciousness Value: 0.707107
	Rank: 4
---------------------------------------------------
5.
	Class Name: com.fasterxml.jackson.core.filter.FilteringParserDelegate
	Method Name: nextToken
	Method Descriptor: ()Lcom/fasterxml/jackson/core/JsonToken;
	File Name: com/fasterxml/jackson/core/filter/FilteringParserDelegate.java
	Line Number: 238
	Mutator Name: NonVoidMethodCallRemovalMutator
	Mutator Description: the call to com.fasterxml.jackson.core.JsonToken::isStructEnd()Z is replaced with the used of default value false
	Suspiciousness Value: 0.577350
	Rank: 6
---------------------------------------------------
6.
	Class Name: com.fasterxml.jackson.core.filter.FilteringParserDelegate
	Method Name: nextToken
	Method Descriptor: ()Lcom/fasterxml/jackson/core/JsonToken;
	File Name: com/fasterxml/jackson/core/filter/FilteringParserDelegate.java
	Line Number: 238
	Mutator Name: NonVoidMethodCallRemovalMutator
	Mutator Description: the call to com.fasterxml.jackson.core.JsonToken::isStructEnd()Z is replaced with the used of field _allowMultipleMatches
	Suspiciousness Value: 0.577350
	Rank: 6
---------------------------------------------------
7.
	Class Name: com.fasterxml.jackson.core.filter.FilteringParserDelegate
	Method Name: nextToken
	Method Descriptor: ()Lcom/fasterxml/jackson/core/JsonToken;
	File Name: com/fasterxml/jackson/core/filter/FilteringParserDelegate.java
	Line Number: 238
	Mutator Name: RemoveConditionalMutator_EQUAL_ELSE
	Mutator Description: removed conditional - replaced equality check with false
	Suspiciousness Value: 0.577350
	Rank: 7
---------------------------------------------------
8.
	Class Name: com.fasterxml.jackson.core.filter.FilteringParserDelegate
	Method Name: nextToken
	Method Descriptor: ()Lcom/fasterxml/jackson/core/JsonToken;
	File Name: com/fasterxml/jackson/core/filter/FilteringParserDelegate.java
	Line Number: 238
	Mutator Name: MethodNameMutator
	Mutator Description: replaced call to isStructEnd with a call to isBoolean
	Suspiciousness Value: 0.577350
	Rank: 8
---------------------------------------------------
9.
	Class Name: com.fasterxml.jackson.core.sym.ByteQuadsCanonicalizer
	Method Name: createRoot
	Method Descriptor: (I)Lcom/fasterxml/jackson/core/sym/ByteQuadsCanonicalizer;
	File Name: com/fasterxml/jackson/core/sym/ByteQuadsCanonicalizer.java
	Line Number: 296
	Mutator Name: ArgumentsListMutator
	Mutator Description: replaced call to <init>(IZIZ)V with a call to <init>(Lcom/fasterxml/jackson/core/sym/ByteQuadsCanonicalizer;ZIZLcom/fasterxml/jackson/core/sym/ByteQuadsCanonicalizer$TableInfo;)V
	Suspiciousness Value: 0.083430
	Rank: 16
---------------------------------------------------
10.
	Class Name: com.fasterxml.jackson.core.sym.CharsToNameCanonicalizer
	Method Name: createRoot
	Method Descriptor: ()Lcom/fasterxml/jackson/core/sym/CharsToNameCanonicalizer;
	File Name: com/fasterxml/jackson/core/sym/CharsToNameCanonicalizer.java
	Line Number: 296
	Mutator Name: ArgumentsListMutator
	Mutator Description: replaced call to createRoot(I)Lcom/fasterxml/jackson/core/sym/CharsToNameCanonicalizer; with a call to createRoot()Lcom/fasterxml/jackson/core/sym/CharsToNameCanonicalizer;
	Suspiciousness Value: 0.083430
	Rank: 16
---------------------------------------------------
11.
	Class Name: com.fasterxml.jackson.core.JsonFactory
	Method Name: <init>
	Method Descriptor: ()V
	File Name: com/fasterxml/jackson/core/JsonFactory.java
	Line Number: 285
	Mutator Name: ArgumentsListMutator
	Mutator Description: replaced call to <init>(Lcom/fasterxml/jackson/core/ObjectCodec;)V with a call to <init>(Lcom/fasterxml/jackson/core/JsonFactory;Lcom/fasterxml/jackson/core/ObjectCodec;)V
	Suspiciousness Value: 0.083430
	Rank: 16
---------------------------------------------------
12.
	Class Name: com.fasterxml.jackson.core.sym.CharsToNameCanonicalizer
	Method Name: createRoot
	Method Descriptor: (I)Lcom/fasterxml/jackson/core/sym/CharsToNameCanonicalizer;
	File Name: com/fasterxml/jackson/core/sym/CharsToNameCanonicalizer.java
	Line Number: 300
	Mutator Name: ArgumentsListMutator
	Mutator Description: replaced call to <init>(I)V with a call to <init>(Lcom/fasterxml/jackson/core/sym/CharsToNameCanonicalizer;IILcom/fasterxml/jackson/core/sym/CharsToNameCanonicalizer$TableInfo;)V
	Suspiciousness Value: 0.083430
	Rank: 16
---------------------------------------------------
13.
	Class Name: com.fasterxml.jackson.core.sym.ByteQuadsCanonicalizer$TableInfo
	Method Name: createInitial
	Method Descriptor: (I)Lcom/fasterxml/jackson/core/sym/ByteQuadsCanonicalizer$TableInfo;
	File Name: com/fasterxml/jackson/core/sym/ByteQuadsCanonicalizer.java
	Line Number: 1254
	Mutator Name: ArgumentsListMutator
	Mutator Description: replaced call to <init>(III[I[Ljava/lang/String;II)V with a call to <init>(Lcom/fasterxml/jackson/core/sym/ByteQuadsCanonicalizer;)V
	Suspiciousness Value: 0.083430
	Rank: 16
---------------------------------------------------
14.
	Class Name: com.fasterxml.jackson.core.JsonFactory
	Method Name: <init>
	Method Descriptor: ()V
	File Name: com/fasterxml/jackson/core/JsonFactory.java
	Line Number: 285
	Mutator Name: ArgumentsListMutator
	Mutator Description: replaced call to <init>(Lcom/fasterxml/jackson/core/ObjectCodec;)V with a call to <init>()V
	Suspiciousness Value: 0.083430
	Rank: 16
---------------------------------------------------
15.
	Class Name: com.fasterxml.jackson.core.sym.ByteQuadsCanonicalizer
	Method Name: createRoot
	Method Descriptor: ()Lcom/fasterxml/jackson/core/sym/ByteQuadsCanonicalizer;
	File Name: com/fasterxml/jackson/core/sym/ByteQuadsCanonicalizer.java
	Line Number: 290
	Mutator Name: ArgumentsListMutator
	Mutator Description: replaced call to createRoot(I)Lcom/fasterxml/jackson/core/sym/ByteQuadsCanonicalizer; with a call to createRoot()Lcom/fasterxml/jackson/core/sym/ByteQuadsCanonicalizer;
	Suspiciousness Value: 0.083430
	Rank: 16
---------------------------------------------------
16.
	Class Name: com.fasterxml.jackson.core.sym.CharsToNameCanonicalizer$TableInfo
	Method Name: createInitial
	Method Descriptor: (I)Lcom/fasterxml/jackson/core/sym/CharsToNameCanonicalizer$TableInfo;
	File Name: com/fasterxml/jackson/core/sym/CharsToNameCanonicalizer.java
	Line Number: 809
	Mutator Name: ArgumentsListMutator
	Mutator Description: replaced call to <init>(II[Ljava/lang/String;[Lcom/fasterxml/jackson/core/sym/CharsToNameCanonicalizer$Bucket;)V with a call to <init>(Lcom/fasterxml/jackson/core/sym/CharsToNameCanonicalizer;)V
	Suspiciousness Value: 0.083430
	Rank: 16
---------------------------------------------------
17.
	Class Name: com.fasterxml.jackson.core.sym.CharsToNameCanonicalizer
	Method Name: <init>
	Method Descriptor: (I)V
	File Name: com/fasterxml/jackson/core/sym/CharsToNameCanonicalizer.java
	Line Number: 234
	Mutator Name: FieldAccessToMethodCallMutator
	Mutator Description: the access to field com.fasterxml.jackson.core.sym.CharsToNameCanonicalizer._seed is replaced by the call to com.fasterxml.jackson.core.sym.CharsToNameCanonicalizer::reportTooManyCollisions(I)V
	Suspiciousness Value: 0.083430
	Rank: 21
---------------------------------------------------
18.
	Class Name: com.fasterxml.jackson.core.sym.ByteQuadsCanonicalizer
	Method Name: <init>
	Method Descriptor: (IZIZ)V
	File Name: com/fasterxml/jackson/core/sym/ByteQuadsCanonicalizer.java
	Line Number: 226
	Mutator Name: FieldAccessToMethodCallMutator
	Mutator Description: the access to field com.fasterxml.jackson.core.sym.ByteQuadsCanonicalizer._failOnDoS is replaced by the call to com.fasterxml.jackson.core.sym.ByteQuadsCanonicalizer::nukeSymbols(Z)V
	Suspiciousness Value: 0.083430
	Rank: 21
---------------------------------------------------
19.
	Class Name: com.fasterxml.jackson.core.sym.CharsToNameCanonicalizer
	Method Name: <init>
	Method Descriptor: (I)V
	File Name: com/fasterxml/jackson/core/sym/CharsToNameCanonicalizer.java
	Line Number: 238
	Mutator Name: FieldAccessToMethodCallMutator
	Mutator Description: the access to field com.fasterxml.jackson.core.sym.CharsToNameCanonicalizer._flags is replaced by the call to com.fasterxml.jackson.core.sym.CharsToNameCanonicalizer::reportTooManyCollisions(I)V
	Suspiciousness Value: 0.083430
	Rank: 21
---------------------------------------------------
20.
	Class Name: com.fasterxml.jackson.core.sym.CharsToNameCanonicalizer
	Method Name: <init>
	Method Descriptor: (I)V
	File Name: com/fasterxml/jackson/core/sym/CharsToNameCanonicalizer.java
	Line Number: 241
	Mutator Name: FieldAccessToMethodCallMutator
	Mutator Description: the access to field com.fasterxml.jackson.core.sym.CharsToNameCanonicalizer._longestCollisionList is replaced by the call to com.fasterxml.jackson.core.sym.CharsToNameCanonicalizer::reportTooManyCollisions(I)V
	Suspiciousness Value: 0.083430
	Rank: 21
---------------------------------------------------
21.
	Class Name: com.fasterxml.jackson.core.sym.ByteQuadsCanonicalizer
	Method Name: <init>
	Method Descriptor: (IZIZ)V
	File Name: com/fasterxml/jackson/core/sym/ByteQuadsCanonicalizer.java
	Line Number: 225
	Mutator Name: FieldAccessToMethodCallMutator
	Mutator Description: the access to field com.fasterxml.jackson.core.sym.ByteQuadsCanonicalizer._intern is replaced by the call to com.fasterxml.jackson.core.sym.ByteQuadsCanonicalizer::nukeSymbols(Z)V
	Suspiciousness Value: 0.083430
	Rank: 21
---------------------------------------------------
22.
	Class Name: com.fasterxml.jackson.core.sym.CharsToNameCanonicalizer
	Method Name: <init>
	Method Descriptor: (I)V
	File Name: com/fasterxml/jackson/core/sym/CharsToNameCanonicalizer.java
	Line Number: 233
	Mutator Name: FieldToLocalAccessMutator
	Mutator Description: access to field _parent is replaced by access to local this
	Suspiciousness Value: 0.083430
	Rank: 23
---------------------------------------------------
23.
	Class Name: com.fasterxml.jackson.core.sym.ByteQuadsCanonicalizer
	Method Name: <init>
	Method Descriptor: (IZIZ)V
	File Name: com/fasterxml/jackson/core/sym/ByteQuadsCanonicalizer.java
	Line Number: 223
	Mutator Name: FieldToLocalAccessMutator
	Mutator Description: access to field _parent is replaced by access to local this
	Suspiciousness Value: 0.083430
	Rank: 23
---------------------------------------------------
