PraPR Fix Report - Fri Apr 05 02:53:11 CDT 2019
Number of Plausible Fixes: 4
Total Number of Patches: 18346
===================================================
1.
	Class Name: com.fasterxml.jackson.databind.type.TypeFactory
	Method Name: constructSpecializedType
	Method Descriptor: (Lcom/fasterxml/jackson/databind/JavaType;Ljava/lang/Class;)Lcom/fasterxml/jackson/databind/JavaType;
	File Name: com/fasterxml/jackson/databind/type/TypeFactory.java
	Line Number: 386
	Mutator Name: ArgumentPropagationMutator
	Mutator Description: replaced call to com/fasterxml/jackson/databind/JavaType::refine with argument
	Suspiciousness Value: 0.288675
	Rank: 1
---------------------------------------------------
2.
	Class Name: com.fasterxml.jackson.databind.type.TypeFactory
	Method Name: constructSpecializedType
	Method Descriptor: (Lcom/fasterxml/jackson/databind/JavaType;Ljava/lang/Class;)Lcom/fasterxml/jackson/databind/JavaType;
	File Name: com/fasterxml/jackson/databind/type/TypeFactory.java
	Line Number: 386
	Mutator Name: NonVoidMethodCallRemovalMutator
	Mutator Description: the call to com.fasterxml.jackson.databind.JavaType::refine(Ljava/lang/Class;Lcom/fasterxml/jackson/databind/type/TypeBindings;Lcom/fasterxml/jackson/databind/JavaType;[Lcom/fasterxml/jackson/databind/JavaType;)Lcom/fasterxml/jackson/databind/JavaType; is replaced with the used of default value null
	Suspiciousness Value: 0.288675
	Rank: 2
---------------------------------------------------
3.
	Class Name: com.fasterxml.jackson.databind.type.TypeFactory
	Method Name: constructSpecializedType
	Method Descriptor: (Lcom/fasterxml/jackson/databind/JavaType;Ljava/lang/Class;)Lcom/fasterxml/jackson/databind/JavaType;
	File Name: com/fasterxml/jackson/databind/type/TypeFactory.java
	Line Number: 393
	Mutator Name: RemoveConditionalMutator_EQUAL_IF
	Mutator Description: removed conditional - replaced equality check with true
	Suspiciousness Value: 0.277350
	Rank: 3
---------------------------------------------------
4.
	Class Name: com.fasterxml.jackson.databind.type.TypeFactory
	Method Name: constructSpecializedType
	Method Descriptor: (Lcom/fasterxml/jackson/databind/JavaType;Ljava/lang/Class;)Lcom/fasterxml/jackson/databind/JavaType;
	File Name: com/fasterxml/jackson/databind/type/TypeFactory.java
	Line Number: 342
	Mutator Name: NegateConditionalsMutator
	Mutator Description: negated conditional
	Suspiciousness Value: 0.064820
	Rank: 4
---------------------------------------------------
