PraPR Fix Report - Fri Apr 05 02:58:16 CDT 2019
Number of Plausible Fixes: 24
Total Number of Patches: 1616
===================================================
1.
	Class Name: com.fasterxml.jackson.databind.type.TypeFactory
	Method Name: _fromParamType
	Method Descriptor: (Ljava/lang/reflect/ParameterizedType;Lcom/fasterxml/jackson/databind/type/TypeBindings;)Lcom/fasterxml/jackson/databind/JavaType;
	File Name: com/fasterxml/jackson/databind/type/TypeFactory.java
	Line Number: 1040
	Mutator Name: ArgumentsListMutator
	Mutator Description: replaced call to findTypeParameters(Ljava/lang/Class;Ljava/lang/Class;)[Lcom/fasterxml/jackson/databind/JavaType; with a call to findTypeParameters(Ljava/lang/Class;Ljava/lang/Class;Lcom/fasterxml/jackson/databind/type/TypeBindings;)[Lcom/fasterxml/jackson/databind/JavaType;
	Suspiciousness Value: 1.000000
	Rank: 2
---------------------------------------------------
2.
	Class Name: com.fasterxml.jackson.databind.type.TypeFactory
	Method Name: _fromParamType
	Method Descriptor: (Ljava/lang/reflect/ParameterizedType;Lcom/fasterxml/jackson/databind/type/TypeBindings;)Lcom/fasterxml/jackson/databind/JavaType;
	File Name: com/fasterxml/jackson/databind/type/TypeFactory.java
	Line Number: 1040
	Mutator Name: ArgumentsListMutator
	Mutator Description: replaced call to findTypeParameters(Ljava/lang/Class;Ljava/lang/Class;)[Lcom/fasterxml/jackson/databind/JavaType; with a call to findTypeParameters(Lcom/fasterxml/jackson/databind/JavaType;Ljava/lang/Class;)[Lcom/fasterxml/jackson/databind/JavaType;
	Suspiciousness Value: 1.000000
	Rank: 2
---------------------------------------------------
3.
	Class Name: com.fasterxml.jackson.databind.type.TypeFactory
	Method Name: _fromParamType
	Method Descriptor: (Ljava/lang/reflect/ParameterizedType;Lcom/fasterxml/jackson/databind/type/TypeBindings;)Lcom/fasterxml/jackson/databind/JavaType;
	File Name: com/fasterxml/jackson/databind/type/TypeFactory.java
	Line Number: 1040
	Mutator Name: NonVoidMethodCallRemovalMutator
	Mutator Description: the call to com.fasterxml.jackson.databind.type.TypeFactory::findTypeParameters(Ljava/lang/Class;Ljava/lang/Class;)[Lcom/fasterxml/jackson/databind/JavaType; is replaced with the used of local pt
	Suspiciousness Value: 1.000000
	Rank: 5
---------------------------------------------------
4.
	Class Name: com.fasterxml.jackson.databind.type.TypeFactory
	Method Name: _fromParamType
	Method Descriptor: (Ljava/lang/reflect/ParameterizedType;Lcom/fasterxml/jackson/databind/type/TypeBindings;)Lcom/fasterxml/jackson/databind/JavaType;
	File Name: com/fasterxml/jackson/databind/type/TypeFactory.java
	Line Number: 1040
	Mutator Name: NonVoidMethodCallRemovalMutator
	Mutator Description: the call to com.fasterxml.jackson.databind.type.TypeFactory::findTypeParameters(Ljava/lang/Class;Ljava/lang/Class;)[Lcom/fasterxml/jackson/databind/JavaType; is replaced with the used of default value null
	Suspiciousness Value: 1.000000
	Rank: 5
---------------------------------------------------
5.
	Class Name: com.fasterxml.jackson.databind.type.TypeFactory
	Method Name: _fromParamType
	Method Descriptor: (Ljava/lang/reflect/ParameterizedType;Lcom/fasterxml/jackson/databind/type/TypeBindings;)Lcom/fasterxml/jackson/databind/JavaType;
	File Name: com/fasterxml/jackson/databind/type/TypeFactory.java
	Line Number: 1040
	Mutator Name: NonVoidMethodCallRemovalMutator
	Mutator Description: the call to com.fasterxml.jackson.databind.type.TypeFactory::findTypeParameters(Ljava/lang/Class;Ljava/lang/Class;)[Lcom/fasterxml/jackson/databind/JavaType; is replaced with the used of field NO_TYPES
	Suspiciousness Value: 1.000000
	Rank: 5
---------------------------------------------------
6.
	Class Name: com.fasterxml.jackson.databind.type.TypeFactory
	Method Name: _fromParamType
	Method Descriptor: (Ljava/lang/reflect/ParameterizedType;Lcom/fasterxml/jackson/databind/type/TypeBindings;)Lcom/fasterxml/jackson/databind/JavaType;
	File Name: com/fasterxml/jackson/databind/type/TypeFactory.java
	Line Number: 1040
	Mutator Name: NonVoidMethodCallGuardMutator
	Mutator Description: the call to com.fasterxml.jackson.databind.type.TypeFactory::findTypeParameters(Ljava/lang/Class;Ljava/lang/Class;)[Lcom/fasterxml/jackson/databind/JavaType; is guarded using default value null
	Suspiciousness Value: 1.000000
	Rank: 6
---------------------------------------------------
7.
	Class Name: com.fasterxml.jackson.databind.type.TypeFactory
	Method Name: _fromParamType
	Method Descriptor: (Ljava/lang/reflect/ParameterizedType;Lcom/fasterxml/jackson/databind/type/TypeBindings;)Lcom/fasterxml/jackson/databind/JavaType;
	File Name: com/fasterxml/jackson/databind/type/TypeFactory.java
	Line Number: 1041
	Mutator Name: LocalToFieldAccessMutator
	Mutator Description: access to local pts is replaced by access to field NO_TYPES
	Suspiciousness Value: 1.000000
	Rank: 7
---------------------------------------------------
8.
	Class Name: com.fasterxml.jackson.databind.type.TypeFactory
	Method Name: _fromParamType
	Method Descriptor: (Ljava/lang/reflect/ParameterizedType;Lcom/fasterxml/jackson/databind/type/TypeBindings;)Lcom/fasterxml/jackson/databind/JavaType;
	File Name: com/fasterxml/jackson/databind/type/TypeFactory.java
	Line Number: 1041
	Mutator Name: RemoveConditionalMutator_EQUAL_IF
	Mutator Description: removed conditional - replaced equality check with true
	Suspiciousness Value: 1.000000
	Rank: 8
---------------------------------------------------
9.
	Class Name: com.fasterxml.jackson.databind.type.TypeFactory
	Method Name: _fromParamType
	Method Descriptor: (Ljava/lang/reflect/ParameterizedType;Lcom/fasterxml/jackson/databind/type/TypeBindings;)Lcom/fasterxml/jackson/databind/JavaType;
	File Name: com/fasterxml/jackson/databind/type/TypeFactory.java
	Line Number: 1041
	Mutator Name: RemoveConditionalMutator_EQUAL_ELSE
	Mutator Description: removed conditional - replaced equality check with false
	Suspiciousness Value: 1.000000
	Rank: 9
---------------------------------------------------
10.
	Class Name: com.fasterxml.jackson.databind.type.TypeFactory
	Method Name: _fromParamType
	Method Descriptor: (Ljava/lang/reflect/ParameterizedType;Lcom/fasterxml/jackson/databind/type/TypeBindings;)Lcom/fasterxml/jackson/databind/JavaType;
	File Name: com/fasterxml/jackson/databind/type/TypeFactory.java
	Line Number: 1040
	Mutator Name: LocalToMethodCallMutator
	Mutator Description: the access to the local rawType is replaced a call rawType.getSuperclass()
	Suspiciousness Value: 1.000000
	Rank: 10
---------------------------------------------------
11.
	Class Name: com.fasterxml.jackson.databind.type.TypeFactory
	Method Name: _fromClass
	Method Descriptor: (Ljava/lang/Class;Lcom/fasterxml/jackson/databind/type/TypeBindings;)Lcom/fasterxml/jackson/databind/JavaType;
	File Name: com/fasterxml/jackson/databind/type/TypeFactory.java
	Line Number: 911
	Mutator Name: ArgumentsListMutator
	Mutator Description: replaced call to findTypeParameters(Ljava/lang/Class;Ljava/lang/Class;)[Lcom/fasterxml/jackson/databind/JavaType; with a call to findTypeParameters(Ljava/lang/Class;Ljava/lang/Class;Lcom/fasterxml/jackson/databind/type/TypeBindings;)[Lcom/fasterxml/jackson/databind/JavaType;
	Suspiciousness Value: 0.500000
	Rank: 12
---------------------------------------------------
12.
	Class Name: com.fasterxml.jackson.databind.type.TypeFactory
	Method Name: _fromClass
	Method Descriptor: (Ljava/lang/Class;Lcom/fasterxml/jackson/databind/type/TypeBindings;)Lcom/fasterxml/jackson/databind/JavaType;
	File Name: com/fasterxml/jackson/databind/type/TypeFactory.java
	Line Number: 911
	Mutator Name: ArgumentsListMutator
	Mutator Description: replaced call to findTypeParameters(Ljava/lang/Class;Ljava/lang/Class;)[Lcom/fasterxml/jackson/databind/JavaType; with a call to findTypeParameters(Lcom/fasterxml/jackson/databind/JavaType;Ljava/lang/Class;)[Lcom/fasterxml/jackson/databind/JavaType;
	Suspiciousness Value: 0.500000
	Rank: 12
---------------------------------------------------
13.
	Class Name: com.fasterxml.jackson.databind.type.TypeFactory
	Method Name: _fromClass
	Method Descriptor: (Ljava/lang/Class;Lcom/fasterxml/jackson/databind/type/TypeBindings;)Lcom/fasterxml/jackson/databind/JavaType;
	File Name: com/fasterxml/jackson/databind/type/TypeFactory.java
	Line Number: 913
	Mutator Name: LocalToFieldAccessMutator
	Mutator Description: access to local pts is replaced by access to field NO_TYPES
	Suspiciousness Value: 0.500000
	Rank: 14
---------------------------------------------------
14.
	Class Name: com.fasterxml.jackson.databind.type.TypeFactory
	Method Name: _fromClass
	Method Descriptor: (Ljava/lang/Class;Lcom/fasterxml/jackson/databind/type/TypeBindings;)Lcom/fasterxml/jackson/databind/JavaType;
	File Name: com/fasterxml/jackson/databind/type/TypeFactory.java
	Line Number: 911
	Mutator Name: LocalToFieldAccessMutator
	Mutator Description: access to local this is replaced by access to field instance
	Suspiciousness Value: 0.500000
	Rank: 14
---------------------------------------------------
15.
	Class Name: com.fasterxml.jackson.databind.type.TypeFactory
	Method Name: _fromParamType
	Method Descriptor: (Ljava/lang/reflect/ParameterizedType;Lcom/fasterxml/jackson/databind/type/TypeBindings;)Lcom/fasterxml/jackson/databind/JavaType;
	File Name: com/fasterxml/jackson/databind/type/TypeFactory.java
	Line Number: 1032
	Mutator Name: RemoveConditionalMutator_EQUAL_IF
	Mutator Description: removed conditional - replaced equality check with true
	Suspiciousness Value: 0.500000
	Rank: 15
---------------------------------------------------
16.
	Class Name: com.fasterxml.jackson.databind.type.TypeBindings
	Method Name: _resolveBindings
	Method Descriptor: (Ljava/lang/reflect/Type;)V
	File Name: com/fasterxml/jackson/databind/type/TypeBindings.java
	Line Number: 307
	Mutator Name: NonVoidMethodCallRemovalMutator
	Mutator Description: the call to java.util.Map::containsKey(Ljava/lang/Object;)Z is replaced with the used of default value false
	Suspiciousness Value: 0.149071
	Rank: 16
---------------------------------------------------
17.
	Class Name: com.fasterxml.jackson.databind.type.TypeBindings
	Method Name: _resolveBindings
	Method Descriptor: (Ljava/lang/reflect/Type;)V
	File Name: com/fasterxml/jackson/databind/type/TypeBindings.java
	Line Number: 314
	Mutator Name: NonVoidMethodCallGuardMutator
	Mutator Description: the call to java.util.Map::put(Ljava/lang/Object;Ljava/lang/Object;)Ljava/lang/Object; is guarded using default value null
	Suspiciousness Value: 0.109109
	Rank: 17
---------------------------------------------------
18.
	Class Name: com.fasterxml.jackson.databind.type.TypeBindings
	Method Name: _resolveBindings
	Method Descriptor: (Ljava/lang/reflect/Type;)V
	File Name: com/fasterxml/jackson/databind/type/TypeBindings.java
	Line Number: 314
	Mutator Name: ReturningMethodCallGuardMutator
	Mutator Description: the call to put(Ljava/lang/Object;Ljava/lang/Object;)Ljava/lang/Object; is guarded returning enclosing method
	Suspiciousness Value: 0.109109
	Rank: 18
---------------------------------------------------
19.
	Class Name: com.fasterxml.jackson.databind.type.TypeFactory
	Method Name: findTypeParameters
	Method Descriptor: (Ljava/lang/Class;Ljava/lang/Class;)[Lcom/fasterxml/jackson/databind/JavaType;
	File Name: com/fasterxml/jackson/databind/type/TypeFactory.java
	Line Number: 377
	Mutator Name: LocalToFieldAccessMutator
	Mutator Description: access to local this is replaced by access to field instance
	Suspiciousness Value: 0.077152
	Rank: 19
---------------------------------------------------
20.
	Class Name: com.fasterxml.jackson.databind.type.TypeFactory
	Method Name: findTypeParameters
	Method Descriptor: (Ljava/lang/Class;Ljava/lang/Class;)[Lcom/fasterxml/jackson/databind/JavaType;
	File Name: com/fasterxml/jackson/databind/type/TypeFactory.java
	Line Number: 377
	Mutator Name: LocalNameMutator
	Mutator Description: local clz is replaced by local expType to be used
	Suspiciousness Value: 0.077152
	Rank: 20
---------------------------------------------------
21.
	Class Name: com.fasterxml.jackson.databind.type.TypeFactory
	Method Name: _fromClass
	Method Descriptor: (Ljava/lang/Class;Lcom/fasterxml/jackson/databind/type/TypeBindings;)Lcom/fasterxml/jackson/databind/JavaType;
	File Name: com/fasterxml/jackson/databind/type/TypeFactory.java
	Line Number: 910
	Mutator Name: NonVoidMethodCallRemovalMutator
	Mutator Description: the call to java.lang.Class::isAssignableFrom(Ljava/lang/Class;)Z is replaced with the used of default value false
	Suspiciousness Value: 0.034442
	Rank: 21
---------------------------------------------------
22.
	Class Name: com.fasterxml.jackson.databind.type.TypeFactory
	Method Name: _fromClass
	Method Descriptor: (Ljava/lang/Class;Lcom/fasterxml/jackson/databind/type/TypeBindings;)Lcom/fasterxml/jackson/databind/JavaType;
	File Name: com/fasterxml/jackson/databind/type/TypeFactory.java
	Line Number: 904
	Mutator Name: ReturningMethodCallGuardMutator
	Mutator Description: the call to isAssignableFrom(Ljava/lang/Class;)Z is guarded returning default value null
	Suspiciousness Value: 0.034442
	Rank: 22
---------------------------------------------------
23.
	Class Name: com.fasterxml.jackson.databind.type.TypeFactory
	Method Name: _fromClass
	Method Descriptor: (Ljava/lang/Class;Lcom/fasterxml/jackson/databind/type/TypeBindings;)Lcom/fasterxml/jackson/databind/JavaType;
	File Name: com/fasterxml/jackson/databind/type/TypeFactory.java
	Line Number: 898
	Mutator Name: NonVoidMethodCallGuardMutator
	Mutator Description: the call to java.lang.Class::isAssignableFrom(Ljava/lang/Class;)Z is guarded using default value false
	Suspiciousness Value: 0.033095
	Rank: 23
---------------------------------------------------
24.
	Class Name: com.fasterxml.jackson.databind.type.TypeFactory
	Method Name: _fromClass
	Method Descriptor: (Ljava/lang/Class;Lcom/fasterxml/jackson/databind/type/TypeBindings;)Lcom/fasterxml/jackson/databind/JavaType;
	File Name: com/fasterxml/jackson/databind/type/TypeFactory.java
	Line Number: 892
	Mutator Name: ReturningMethodCallGuardMutator
	Mutator Description: the call to isEnum()Z is guarded returning default value null
	Suspiciousness Value: 0.032703
	Rank: 24
---------------------------------------------------
