PraPR Fix Report - Fri Apr 05 02:59:08 CDT 2019
Number of Plausible Fixes: 7
Total Number of Patches: 10853
===================================================
1.
	Class Name: com.fasterxml.jackson.databind.introspect.AnnotatedMember
	Method Name: addOrOverride
	Method Descriptor: (Ljava/lang/annotation/Annotation;)Z
	File Name: com/fasterxml/jackson/databind/introspect/AnnotatedMember.java
	Line Number: 105
	Mutator Name: BooleanTrueReturnValsMutator
	Mutator Description: replaced boolean return with true for com/fasterxml/jackson/databind/introspect/AnnotatedMember::addOrOverride
	Suspiciousness Value: 0.242536
	Rank: 1
---------------------------------------------------
2.
	Class Name: com.fasterxml.jackson.databind.introspect.AnnotatedMember
	Method Name: addOrOverride
	Method Descriptor: (Ljava/lang/annotation/Annotation;)Z
	File Name: com/fasterxml/jackson/databind/introspect/AnnotatedMember.java
	Line Number: 105
	Mutator Name: ReturnValsMutator
	Mutator Description: replaced return of integer sized value with (x == 0 ? 1 : 0)
	Suspiciousness Value: 0.242536
	Rank: 2
---------------------------------------------------
3.
	Class Name: com.fasterxml.jackson.databind.introspect.AnnotatedClass
	Method Name: _addOrOverrideAnnotations
	Method Descriptor: (Lcom/fasterxml/jackson/databind/introspect/AnnotatedMember;[Ljava/lang/annotation/Annotation;)V
	File Name: com/fasterxml/jackson/databind/introspect/AnnotatedClass.java
	Line Number: 961
	Mutator Name: RemoveConditionalMutator_EQUAL_IF
	Mutator Description: removed conditional - replaced equality check with true
	Suspiciousness Value: 0.242536
	Rank: 3
---------------------------------------------------
4.
	Class Name: com.fasterxml.jackson.databind.introspect.AnnotatedClass
	Method Name: _addOrOverrideAnnotations
	Method Descriptor: (Lcom/fasterxml/jackson/databind/introspect/AnnotatedMember;[Ljava/lang/annotation/Annotation;)V
	File Name: com/fasterxml/jackson/databind/introspect/AnnotatedClass.java
	Line Number: 961
	Mutator Name: NegateConditionalsMutator
	Mutator Description: negated conditional
	Suspiciousness Value: 0.242536
	Rank: 4
---------------------------------------------------
5.
	Class Name: com.fasterxml.jackson.databind.introspect.AnnotationMap
	Method Name: add
	Method Descriptor: (Ljava/lang/annotation/Annotation;)Z
	File Name: com/fasterxml/jackson/databind/introspect/AnnotationMap.java
	Line Number: 90
	Mutator Name: BooleanTrueReturnValsMutator
	Mutator Description: replaced boolean return with true for com/fasterxml/jackson/databind/introspect/AnnotationMap::add
	Suspiciousness Value: 0.235702
	Rank: 5
---------------------------------------------------
6.
	Class Name: com.fasterxml.jackson.databind.introspect.AnnotationMap
	Method Name: add
	Method Descriptor: (Ljava/lang/annotation/Annotation;)Z
	File Name: com/fasterxml/jackson/databind/introspect/AnnotationMap.java
	Line Number: 90
	Mutator Name: ReturnValsMutator
	Mutator Description: replaced return of integer sized value with (x == 0 ? 1 : 0)
	Suspiciousness Value: 0.235702
	Rank: 6
---------------------------------------------------
7.
	Class Name: com.fasterxml.jackson.databind.introspect.AnnotationMap
	Method Name: _add
	Method Descriptor: (Ljava/lang/annotation/Annotation;)Z
	File Name: com/fasterxml/jackson/databind/introspect/AnnotationMap.java
	Line Number: 112
	Mutator Name: ReturnValsMutator
	Mutator Description: replaced return of integer sized value with (x == 0 ? 1 : 0)
	Suspiciousness Value: 0.038069
	Rank: 7
---------------------------------------------------
