PraPR Fix Report - Fri Apr 05 02:40:32 CDT 2019
Number of Plausible Fixes: 2
Total Number of Patches: 52
===================================================
1.
	Class Name: org.apache.commons.cli.Util
	Method Name: stripLeadingHyphens
	Method Descriptor: (Ljava/lang/String;)Ljava/lang/String;
	File Name: org/apache/commons/cli/Util.java
	Line Number: 36
	Mutator Name: ReturningMethodCallGuardMutator
	Mutator Description: the call to startsWith(Ljava/lang/String;)Z is guarded returning default value null
	Suspiciousness Value: 0.109764
	Rank: 2
---------------------------------------------------
2.
	Class Name: org.apache.commons.cli.Util
	Method Name: stripLeadingHyphens
	Method Descriptor: (Ljava/lang/String;)Ljava/lang/String;
	File Name: org/apache/commons/cli/Util.java
	Line Number: 36
	Mutator Name: ReturningMethodCallGuardMutator
	Mutator Description: the call to startsWith(Ljava/lang/String;)Z is guarded returning local str
	Suspiciousness Value: 0.109764
	Rank: 2
---------------------------------------------------
